ARM GAS  /tmp/ccCIWtu8.s 			page 1


   1              		.cpu cortex-m4
   2              		.arch armv7e-m
   3              		.fpu fpv4-sp-d16
   4              		.eabi_attribute 27, 1
   5              		.eabi_attribute 28, 1
   6              		.eabi_attribute 20, 1
   7              		.eabi_attribute 21, 1
   8              		.eabi_attribute 23, 3
   9              		.eabi_attribute 24, 1
  10              		.eabi_attribute 25, 1
  11              		.eabi_attribute 26, 1
  12              		.eabi_attribute 30, 1
  13              		.eabi_attribute 34, 1
  14              		.eabi_attribute 18, 4
  15              		.file	"gd32f4xx_exti.c"
  16              		.text
  17              	.Ltext0:
  18              		.cfi_sections	.debug_frame
  19              		.section	.text.exti_deinit,"ax",%progbits
  20              		.align	1
  21              		.global	exti_deinit
  22              		.syntax unified
  23              		.thumb
  24              		.thumb_func
  26              	exti_deinit:
  27              	.LFB116:
  28              		.file 1 "Drivers/GD32_F470_STD_Driver/Source/gd32f4xx_exti.c"
   1:Drivers/GD32_F470_STD_Driver/Source/gd32f4xx_exti.c **** /*!
   2:Drivers/GD32_F470_STD_Driver/Source/gd32f4xx_exti.c ****     \file    gd32f4xx_exti.c
   3:Drivers/GD32_F470_STD_Driver/Source/gd32f4xx_exti.c ****     \brief   EXTI driver
   4:Drivers/GD32_F470_STD_Driver/Source/gd32f4xx_exti.c ****     \version 2016-08-15, V1.0.0, firmware for GD32F4xx
   5:Drivers/GD32_F470_STD_Driver/Source/gd32f4xx_exti.c ****     \version 2018-12-12, V2.0.0, firmware for GD32F4xx
   6:Drivers/GD32_F470_STD_Driver/Source/gd32f4xx_exti.c ****     \version 2020-09-30, V2.1.0, firmware for GD32F4xx
   7:Drivers/GD32_F470_STD_Driver/Source/gd32f4xx_exti.c ****     \version 2022-03-09, V3.0.0, firmware for GD32F4xx
   8:Drivers/GD32_F470_STD_Driver/Source/gd32f4xx_exti.c **** */
   9:Drivers/GD32_F470_STD_Driver/Source/gd32f4xx_exti.c **** 
  10:Drivers/GD32_F470_STD_Driver/Source/gd32f4xx_exti.c **** /*
  11:Drivers/GD32_F470_STD_Driver/Source/gd32f4xx_exti.c ****     Copyright (c) 2022, GigaDevice Semiconductor Inc.
  12:Drivers/GD32_F470_STD_Driver/Source/gd32f4xx_exti.c **** 
  13:Drivers/GD32_F470_STD_Driver/Source/gd32f4xx_exti.c ****     Redistribution and use in source and binary forms, with or without modification,
  14:Drivers/GD32_F470_STD_Driver/Source/gd32f4xx_exti.c **** are permitted provided that the following conditions are met:
  15:Drivers/GD32_F470_STD_Driver/Source/gd32f4xx_exti.c **** 
  16:Drivers/GD32_F470_STD_Driver/Source/gd32f4xx_exti.c ****     1. Redistributions of source code must retain the above copyright notice, this
  17:Drivers/GD32_F470_STD_Driver/Source/gd32f4xx_exti.c ****        list of conditions and the following disclaimer.
  18:Drivers/GD32_F470_STD_Driver/Source/gd32f4xx_exti.c ****     2. Redistributions in binary form must reproduce the above copyright notice,
  19:Drivers/GD32_F470_STD_Driver/Source/gd32f4xx_exti.c ****        this list of conditions and the following disclaimer in the documentation
  20:Drivers/GD32_F470_STD_Driver/Source/gd32f4xx_exti.c ****        and/or other materials provided with the distribution.
  21:Drivers/GD32_F470_STD_Driver/Source/gd32f4xx_exti.c ****     3. Neither the name of the copyright holder nor the names of its contributors
  22:Drivers/GD32_F470_STD_Driver/Source/gd32f4xx_exti.c ****        may be used to endorse or promote products derived from this software without
  23:Drivers/GD32_F470_STD_Driver/Source/gd32f4xx_exti.c ****        specific prior written permission.
  24:Drivers/GD32_F470_STD_Driver/Source/gd32f4xx_exti.c **** 
  25:Drivers/GD32_F470_STD_Driver/Source/gd32f4xx_exti.c ****     THIS SOFTWARE IS PROVIDED BY THE COPYRIGHT HOLDERS AND CONTRIBUTORS "AS IS"
  26:Drivers/GD32_F470_STD_Driver/Source/gd32f4xx_exti.c **** AND ANY EXPRESS OR IMPLIED WARRANTIES, INCLUDING, BUT NOT LIMITED TO, THE IMPLIED
  27:Drivers/GD32_F470_STD_Driver/Source/gd32f4xx_exti.c **** WARRANTIES OF MERCHANTABILITY AND FITNESS FOR A PARTICULAR PURPOSE ARE DISCLAIMED.
  28:Drivers/GD32_F470_STD_Driver/Source/gd32f4xx_exti.c **** IN NO EVENT SHALL THE COPYRIGHT HOLDER OR CONTRIBUTORS BE LIABLE FOR ANY DIRECT,
  29:Drivers/GD32_F470_STD_Driver/Source/gd32f4xx_exti.c **** INDIRECT, INCIDENTAL, SPECIAL, EXEMPLARY, OR CONSEQUENTIAL DAMAGES (INCLUDING, BUT
  30:Drivers/GD32_F470_STD_Driver/Source/gd32f4xx_exti.c **** NOT LIMITED TO, PROCUREMENT OF SUBSTITUTE GOODS OR SERVICES; LOSS OF USE, DATA, OR
ARM GAS  /tmp/ccCIWtu8.s 			page 2


  31:Drivers/GD32_F470_STD_Driver/Source/gd32f4xx_exti.c **** PROFITS; OR BUSINESS INTERRUPTION) HOWEVER CAUSED AND ON ANY THEORY OF LIABILITY,
  32:Drivers/GD32_F470_STD_Driver/Source/gd32f4xx_exti.c **** WHETHER IN CONTRACT, STRICT LIABILITY, OR TORT (INCLUDING NEGLIGENCE OR OTHERWISE)
  33:Drivers/GD32_F470_STD_Driver/Source/gd32f4xx_exti.c **** ARISING IN ANY WAY OUT OF THE USE OF THIS SOFTWARE, EVEN IF ADVISED OF THE POSSIBILITY
  34:Drivers/GD32_F470_STD_Driver/Source/gd32f4xx_exti.c **** OF SUCH DAMAGE.
  35:Drivers/GD32_F470_STD_Driver/Source/gd32f4xx_exti.c **** */
  36:Drivers/GD32_F470_STD_Driver/Source/gd32f4xx_exti.c **** 
  37:Drivers/GD32_F470_STD_Driver/Source/gd32f4xx_exti.c **** #include "gd32f4xx_exti.h"
  38:Drivers/GD32_F470_STD_Driver/Source/gd32f4xx_exti.c **** 
  39:Drivers/GD32_F470_STD_Driver/Source/gd32f4xx_exti.c **** /*!
  40:Drivers/GD32_F470_STD_Driver/Source/gd32f4xx_exti.c ****     \brief    deinitialize the EXTI
  41:Drivers/GD32_F470_STD_Driver/Source/gd32f4xx_exti.c ****     \param[in]  none
  42:Drivers/GD32_F470_STD_Driver/Source/gd32f4xx_exti.c ****     \param[out] none
  43:Drivers/GD32_F470_STD_Driver/Source/gd32f4xx_exti.c ****     \retval     none
  44:Drivers/GD32_F470_STD_Driver/Source/gd32f4xx_exti.c **** */
  45:Drivers/GD32_F470_STD_Driver/Source/gd32f4xx_exti.c **** void exti_deinit(void)
  46:Drivers/GD32_F470_STD_Driver/Source/gd32f4xx_exti.c **** {
  29              		.loc 1 46 1 view -0
  30              		.cfi_startproc
  31              		@ args = 0, pretend = 0, frame = 0
  32              		@ frame_needed = 0, uses_anonymous_args = 0
  33              		@ link register save eliminated.
  47:Drivers/GD32_F470_STD_Driver/Source/gd32f4xx_exti.c ****     /* reset the value of all the EXTI registers */
  48:Drivers/GD32_F470_STD_Driver/Source/gd32f4xx_exti.c ****     EXTI_INTEN = (uint32_t)0x00000000U;
  34              		.loc 1 48 5 view .LVU1
  35              		.loc 1 48 16 is_stmt 0 view .LVU2
  36 0000 064B     		ldr	r3, .L2
  37 0002 0022     		movs	r2, #0
  38 0004 C3F8002C 		str	r2, [r3, #3072]
  49:Drivers/GD32_F470_STD_Driver/Source/gd32f4xx_exti.c ****     EXTI_EVEN  = (uint32_t)0x00000000U;
  39              		.loc 1 49 5 is_stmt 1 view .LVU3
  40              		.loc 1 49 16 is_stmt 0 view .LVU4
  41 0008 C3F8042C 		str	r2, [r3, #3076]
  50:Drivers/GD32_F470_STD_Driver/Source/gd32f4xx_exti.c ****     EXTI_RTEN  = (uint32_t)0x00000000U;
  42              		.loc 1 50 5 is_stmt 1 view .LVU5
  43              		.loc 1 50 16 is_stmt 0 view .LVU6
  44 000c C3F8082C 		str	r2, [r3, #3080]
  51:Drivers/GD32_F470_STD_Driver/Source/gd32f4xx_exti.c ****     EXTI_FTEN  = (uint32_t)0x00000000U;
  45              		.loc 1 51 5 is_stmt 1 view .LVU7
  46              		.loc 1 51 16 is_stmt 0 view .LVU8
  47 0010 C3F80C2C 		str	r2, [r3, #3084]
  52:Drivers/GD32_F470_STD_Driver/Source/gd32f4xx_exti.c ****     EXTI_SWIEV = (uint32_t)0x00000000U;
  48              		.loc 1 52 5 is_stmt 1 view .LVU9
  49              		.loc 1 52 16 is_stmt 0 view .LVU10
  50 0014 C3F8102C 		str	r2, [r3, #3088]
  53:Drivers/GD32_F470_STD_Driver/Source/gd32f4xx_exti.c **** }
  51              		.loc 1 53 1 view .LVU11
  52 0018 7047     		bx	lr
  53              	.L3:
  54 001a 00BF     		.align	2
  55              	.L2:
  56 001c 00300140 		.word	1073819648
  57              		.cfi_endproc
  58              	.LFE116:
  60              		.section	.text.exti_init,"ax",%progbits
  61              		.align	1
  62              		.global	exti_init
  63              		.syntax unified
ARM GAS  /tmp/ccCIWtu8.s 			page 3


  64              		.thumb
  65              		.thumb_func
  67              	exti_init:
  68              	.LVL0:
  69              	.LFB117:
  54:Drivers/GD32_F470_STD_Driver/Source/gd32f4xx_exti.c **** 
  55:Drivers/GD32_F470_STD_Driver/Source/gd32f4xx_exti.c **** /*!
  56:Drivers/GD32_F470_STD_Driver/Source/gd32f4xx_exti.c ****     \brief    initialize the EXTI
  57:Drivers/GD32_F470_STD_Driver/Source/gd32f4xx_exti.c ****     \param[in]  linex: EXTI line number, refer to exti_line_enum
  58:Drivers/GD32_F470_STD_Driver/Source/gd32f4xx_exti.c ****                 only one parameter can be selected which is shown as below:
  59:Drivers/GD32_F470_STD_Driver/Source/gd32f4xx_exti.c ****       \arg        EXTI_x (x=0..22): EXTI line x
  60:Drivers/GD32_F470_STD_Driver/Source/gd32f4xx_exti.c ****     \param[in]  mode: interrupt or event mode, refer to exti_mode_enum
  61:Drivers/GD32_F470_STD_Driver/Source/gd32f4xx_exti.c ****                 only one parameter can be selected which is shown as below:
  62:Drivers/GD32_F470_STD_Driver/Source/gd32f4xx_exti.c ****       \arg        EXTI_INTERRUPT: interrupt mode
  63:Drivers/GD32_F470_STD_Driver/Source/gd32f4xx_exti.c ****       \arg        EXTI_EVENT: event mode
  64:Drivers/GD32_F470_STD_Driver/Source/gd32f4xx_exti.c ****     \param[in]  trig_type: interrupt trigger type, refer to exti_trig_type_enum
  65:Drivers/GD32_F470_STD_Driver/Source/gd32f4xx_exti.c ****                 only one parameter can be selected which is shown as below:
  66:Drivers/GD32_F470_STD_Driver/Source/gd32f4xx_exti.c ****       \arg        EXTI_TRIG_RISING: rising edge trigger
  67:Drivers/GD32_F470_STD_Driver/Source/gd32f4xx_exti.c ****       \arg        EXTI_TRIG_FALLING: falling trigger
  68:Drivers/GD32_F470_STD_Driver/Source/gd32f4xx_exti.c ****       \arg        EXTI_TRIG_BOTH: rising and falling trigger
  69:Drivers/GD32_F470_STD_Driver/Source/gd32f4xx_exti.c ****       \arg        EXTI_TRIG_NONE: without rising edge or falling edge trigger
  70:Drivers/GD32_F470_STD_Driver/Source/gd32f4xx_exti.c ****     \param[out] none
  71:Drivers/GD32_F470_STD_Driver/Source/gd32f4xx_exti.c ****     \retval     none
  72:Drivers/GD32_F470_STD_Driver/Source/gd32f4xx_exti.c **** */
  73:Drivers/GD32_F470_STD_Driver/Source/gd32f4xx_exti.c **** void exti_init(exti_line_enum linex, \
  74:Drivers/GD32_F470_STD_Driver/Source/gd32f4xx_exti.c ****                exti_mode_enum mode, \
  75:Drivers/GD32_F470_STD_Driver/Source/gd32f4xx_exti.c ****                exti_trig_type_enum trig_type)
  76:Drivers/GD32_F470_STD_Driver/Source/gd32f4xx_exti.c **** {
  70              		.loc 1 76 1 is_stmt 1 view -0
  71              		.cfi_startproc
  72              		@ args = 0, pretend = 0, frame = 0
  73              		@ frame_needed = 0, uses_anonymous_args = 0
  74              		@ link register save eliminated.
  75              		.loc 1 76 1 is_stmt 0 view .LVU13
  76 0000 10B4     		push	{r4}
  77              	.LCFI0:
  78              		.cfi_def_cfa_offset 4
  79              		.cfi_offset 4, -4
  77:Drivers/GD32_F470_STD_Driver/Source/gd32f4xx_exti.c ****     /* reset the EXTI line x */
  78:Drivers/GD32_F470_STD_Driver/Source/gd32f4xx_exti.c ****     EXTI_INTEN &= ~(uint32_t)linex;
  80              		.loc 1 78 5 is_stmt 1 view .LVU14
  81              		.loc 1 78 16 is_stmt 0 view .LVU15
  82 0002 2D4B     		ldr	r3, .L13
  83 0004 D3F8004C 		ldr	r4, [r3, #3072]
  84              		.loc 1 78 19 view .LVU16
  85 0008 6FEA000C 		mvn	ip, r0
  86              		.loc 1 78 16 view .LVU17
  87 000c 24EA0004 		bic	r4, r4, r0
  88 0010 C3F8004C 		str	r4, [r3, #3072]
  79:Drivers/GD32_F470_STD_Driver/Source/gd32f4xx_exti.c ****     EXTI_EVEN &= ~(uint32_t)linex;
  89              		.loc 1 79 5 is_stmt 1 view .LVU18
  90              		.loc 1 79 15 is_stmt 0 view .LVU19
  91 0014 D3F8044C 		ldr	r4, [r3, #3076]
  92 0018 24EA0004 		bic	r4, r4, r0
  93 001c C3F8044C 		str	r4, [r3, #3076]
  80:Drivers/GD32_F470_STD_Driver/Source/gd32f4xx_exti.c ****     EXTI_RTEN &= ~(uint32_t)linex;
  94              		.loc 1 80 5 is_stmt 1 view .LVU20
ARM GAS  /tmp/ccCIWtu8.s 			page 4


  95              		.loc 1 80 15 is_stmt 0 view .LVU21
  96 0020 D3F8084C 		ldr	r4, [r3, #3080]
  97 0024 24EA0004 		bic	r4, r4, r0
  98 0028 C3F8084C 		str	r4, [r3, #3080]
  81:Drivers/GD32_F470_STD_Driver/Source/gd32f4xx_exti.c ****     EXTI_FTEN &= ~(uint32_t)linex;
  99              		.loc 1 81 5 is_stmt 1 view .LVU22
 100              		.loc 1 81 15 is_stmt 0 view .LVU23
 101 002c D3F80C4C 		ldr	r4, [r3, #3084]
 102 0030 24EA0004 		bic	r4, r4, r0
 103 0034 C3F80C4C 		str	r4, [r3, #3084]
  82:Drivers/GD32_F470_STD_Driver/Source/gd32f4xx_exti.c **** 
  83:Drivers/GD32_F470_STD_Driver/Source/gd32f4xx_exti.c ****     /* set the EXTI mode and enable the interrupts or events from EXTI line x */
  84:Drivers/GD32_F470_STD_Driver/Source/gd32f4xx_exti.c ****     switch(mode) {
 104              		.loc 1 84 5 is_stmt 1 view .LVU24
 105 0038 49B1     		cbz	r1, .L5
 106 003a 0129     		cmp	r1, #1
 107 003c 0ED0     		beq	.L6
 108              	.LVL1:
 109              	.L7:
  85:Drivers/GD32_F470_STD_Driver/Source/gd32f4xx_exti.c ****     case EXTI_INTERRUPT:
  86:Drivers/GD32_F470_STD_Driver/Source/gd32f4xx_exti.c ****         EXTI_INTEN |= (uint32_t)linex;
  87:Drivers/GD32_F470_STD_Driver/Source/gd32f4xx_exti.c ****         break;
  88:Drivers/GD32_F470_STD_Driver/Source/gd32f4xx_exti.c ****     case EXTI_EVENT:
  89:Drivers/GD32_F470_STD_Driver/Source/gd32f4xx_exti.c ****         EXTI_EVEN |= (uint32_t)linex;
  90:Drivers/GD32_F470_STD_Driver/Source/gd32f4xx_exti.c ****         break;
  91:Drivers/GD32_F470_STD_Driver/Source/gd32f4xx_exti.c ****     default:
  92:Drivers/GD32_F470_STD_Driver/Source/gd32f4xx_exti.c ****         break;
  93:Drivers/GD32_F470_STD_Driver/Source/gd32f4xx_exti.c ****     }
  94:Drivers/GD32_F470_STD_Driver/Source/gd32f4xx_exti.c **** 
  95:Drivers/GD32_F470_STD_Driver/Source/gd32f4xx_exti.c ****     /* set the EXTI trigger type */
  96:Drivers/GD32_F470_STD_Driver/Source/gd32f4xx_exti.c ****     switch(trig_type) {
 110              		.loc 1 96 5 view .LVU25
 111 003e 012A     		cmp	r2, #1
 112 0040 20D0     		beq	.L8
 113 0042 022A     		cmp	r2, #2
 114 0044 2BD0     		beq	.L9
 115 0046 82B1     		cbz	r2, .L12
 116              	.LVL2:
 117              	.L4:
  97:Drivers/GD32_F470_STD_Driver/Source/gd32f4xx_exti.c ****     case EXTI_TRIG_RISING:
  98:Drivers/GD32_F470_STD_Driver/Source/gd32f4xx_exti.c ****         EXTI_RTEN |= (uint32_t)linex;
  99:Drivers/GD32_F470_STD_Driver/Source/gd32f4xx_exti.c ****         EXTI_FTEN &= ~(uint32_t)linex;
 100:Drivers/GD32_F470_STD_Driver/Source/gd32f4xx_exti.c ****         break;
 101:Drivers/GD32_F470_STD_Driver/Source/gd32f4xx_exti.c ****     case EXTI_TRIG_FALLING:
 102:Drivers/GD32_F470_STD_Driver/Source/gd32f4xx_exti.c ****         EXTI_RTEN &= ~(uint32_t)linex;
 103:Drivers/GD32_F470_STD_Driver/Source/gd32f4xx_exti.c ****         EXTI_FTEN |= (uint32_t)linex;
 104:Drivers/GD32_F470_STD_Driver/Source/gd32f4xx_exti.c ****         break;
 105:Drivers/GD32_F470_STD_Driver/Source/gd32f4xx_exti.c ****     case EXTI_TRIG_BOTH:
 106:Drivers/GD32_F470_STD_Driver/Source/gd32f4xx_exti.c ****         EXTI_RTEN |= (uint32_t)linex;
 107:Drivers/GD32_F470_STD_Driver/Source/gd32f4xx_exti.c ****         EXTI_FTEN |= (uint32_t)linex;
 108:Drivers/GD32_F470_STD_Driver/Source/gd32f4xx_exti.c ****         break;
 109:Drivers/GD32_F470_STD_Driver/Source/gd32f4xx_exti.c ****     case EXTI_TRIG_NONE:
 110:Drivers/GD32_F470_STD_Driver/Source/gd32f4xx_exti.c ****     default:
 111:Drivers/GD32_F470_STD_Driver/Source/gd32f4xx_exti.c ****         break;
 112:Drivers/GD32_F470_STD_Driver/Source/gd32f4xx_exti.c ****     }
 113:Drivers/GD32_F470_STD_Driver/Source/gd32f4xx_exti.c **** }
 118              		.loc 1 113 1 is_stmt 0 view .LVU26
ARM GAS  /tmp/ccCIWtu8.s 			page 5


 119 0048 5DF8044B 		ldr	r4, [sp], #4
 120              	.LCFI1:
 121              		.cfi_remember_state
 122              		.cfi_restore 4
 123              		.cfi_def_cfa_offset 0
 124 004c 7047     		bx	lr
 125              	.LVL3:
 126              	.L5:
 127              	.LCFI2:
 128              		.cfi_restore_state
  86:Drivers/GD32_F470_STD_Driver/Source/gd32f4xx_exti.c ****         break;
 129              		.loc 1 86 9 is_stmt 1 view .LVU27
  86:Drivers/GD32_F470_STD_Driver/Source/gd32f4xx_exti.c ****         break;
 130              		.loc 1 86 20 is_stmt 0 view .LVU28
 131 004e 1A49     		ldr	r1, .L13
 132              	.LVL4:
  86:Drivers/GD32_F470_STD_Driver/Source/gd32f4xx_exti.c ****         break;
 133              		.loc 1 86 20 view .LVU29
 134 0050 D1F8003C 		ldr	r3, [r1, #3072]
 135 0054 0343     		orrs	r3, r3, r0
 136 0056 C1F8003C 		str	r3, [r1, #3072]
  87:Drivers/GD32_F470_STD_Driver/Source/gd32f4xx_exti.c ****     case EXTI_EVENT:
 137              		.loc 1 87 9 is_stmt 1 view .LVU30
 138 005a F0E7     		b	.L7
 139              	.LVL5:
 140              	.L6:
  89:Drivers/GD32_F470_STD_Driver/Source/gd32f4xx_exti.c ****         break;
 141              		.loc 1 89 9 view .LVU31
  89:Drivers/GD32_F470_STD_Driver/Source/gd32f4xx_exti.c ****         break;
 142              		.loc 1 89 19 is_stmt 0 view .LVU32
 143 005c 1649     		ldr	r1, .L13
 144              	.LVL6:
  89:Drivers/GD32_F470_STD_Driver/Source/gd32f4xx_exti.c ****         break;
 145              		.loc 1 89 19 view .LVU33
 146 005e D1F8043C 		ldr	r3, [r1, #3076]
 147 0062 0343     		orrs	r3, r3, r0
 148 0064 C1F8043C 		str	r3, [r1, #3076]
  90:Drivers/GD32_F470_STD_Driver/Source/gd32f4xx_exti.c ****     default:
 149              		.loc 1 90 9 is_stmt 1 view .LVU34
 150 0068 E9E7     		b	.L7
 151              	.L12:
  98:Drivers/GD32_F470_STD_Driver/Source/gd32f4xx_exti.c ****         EXTI_FTEN &= ~(uint32_t)linex;
 152              		.loc 1 98 9 view .LVU35
  98:Drivers/GD32_F470_STD_Driver/Source/gd32f4xx_exti.c ****         EXTI_FTEN &= ~(uint32_t)linex;
 153              		.loc 1 98 19 is_stmt 0 view .LVU36
 154 006a 134B     		ldr	r3, .L13
 155 006c D3F8082C 		ldr	r2, [r3, #3080]
 156              	.LVL7:
  98:Drivers/GD32_F470_STD_Driver/Source/gd32f4xx_exti.c ****         EXTI_FTEN &= ~(uint32_t)linex;
 157              		.loc 1 98 19 view .LVU37
 158 0070 1043     		orrs	r0, r0, r2
 159              	.LVL8:
  98:Drivers/GD32_F470_STD_Driver/Source/gd32f4xx_exti.c ****         EXTI_FTEN &= ~(uint32_t)linex;
 160              		.loc 1 98 19 view .LVU38
 161 0072 C3F8080C 		str	r0, [r3, #3080]
  99:Drivers/GD32_F470_STD_Driver/Source/gd32f4xx_exti.c ****         break;
 162              		.loc 1 99 9 is_stmt 1 view .LVU39
ARM GAS  /tmp/ccCIWtu8.s 			page 6


  99:Drivers/GD32_F470_STD_Driver/Source/gd32f4xx_exti.c ****         break;
 163              		.loc 1 99 19 is_stmt 0 view .LVU40
 164 0076 D3F80C2C 		ldr	r2, [r3, #3084]
 165 007a 0CEA0202 		and	r2, ip, r2
 166 007e C3F80C2C 		str	r2, [r3, #3084]
 100:Drivers/GD32_F470_STD_Driver/Source/gd32f4xx_exti.c ****     case EXTI_TRIG_FALLING:
 167              		.loc 1 100 9 is_stmt 1 view .LVU41
 168 0082 E1E7     		b	.L4
 169              	.LVL9:
 170              	.L8:
 102:Drivers/GD32_F470_STD_Driver/Source/gd32f4xx_exti.c ****         EXTI_FTEN |= (uint32_t)linex;
 171              		.loc 1 102 9 view .LVU42
 102:Drivers/GD32_F470_STD_Driver/Source/gd32f4xx_exti.c ****         EXTI_FTEN |= (uint32_t)linex;
 172              		.loc 1 102 19 is_stmt 0 view .LVU43
 173 0084 0C4A     		ldr	r2, .L13
 174              	.LVL10:
 102:Drivers/GD32_F470_STD_Driver/Source/gd32f4xx_exti.c ****         EXTI_FTEN |= (uint32_t)linex;
 175              		.loc 1 102 19 view .LVU44
 176 0086 D2F8083C 		ldr	r3, [r2, #3080]
 177 008a 0CEA0303 		and	r3, ip, r3
 178 008e C2F8083C 		str	r3, [r2, #3080]
 103:Drivers/GD32_F470_STD_Driver/Source/gd32f4xx_exti.c ****         break;
 179              		.loc 1 103 9 is_stmt 1 view .LVU45
 103:Drivers/GD32_F470_STD_Driver/Source/gd32f4xx_exti.c ****         break;
 180              		.loc 1 103 19 is_stmt 0 view .LVU46
 181 0092 D2F80C3C 		ldr	r3, [r2, #3084]
 182 0096 1843     		orrs	r0, r0, r3
 183              	.LVL11:
 103:Drivers/GD32_F470_STD_Driver/Source/gd32f4xx_exti.c ****         break;
 184              		.loc 1 103 19 view .LVU47
 185 0098 C2F80C0C 		str	r0, [r2, #3084]
 104:Drivers/GD32_F470_STD_Driver/Source/gd32f4xx_exti.c ****     case EXTI_TRIG_BOTH:
 186              		.loc 1 104 9 is_stmt 1 view .LVU48
 187 009c D4E7     		b	.L4
 188              	.LVL12:
 189              	.L9:
 106:Drivers/GD32_F470_STD_Driver/Source/gd32f4xx_exti.c ****         EXTI_FTEN |= (uint32_t)linex;
 190              		.loc 1 106 9 view .LVU49
 106:Drivers/GD32_F470_STD_Driver/Source/gd32f4xx_exti.c ****         EXTI_FTEN |= (uint32_t)linex;
 191              		.loc 1 106 19 is_stmt 0 view .LVU50
 192 009e 064B     		ldr	r3, .L13
 193 00a0 D3F8082C 		ldr	r2, [r3, #3080]
 194              	.LVL13:
 106:Drivers/GD32_F470_STD_Driver/Source/gd32f4xx_exti.c ****         EXTI_FTEN |= (uint32_t)linex;
 195              		.loc 1 106 19 view .LVU51
 196 00a4 0243     		orrs	r2, r2, r0
 197 00a6 C3F8082C 		str	r2, [r3, #3080]
 107:Drivers/GD32_F470_STD_Driver/Source/gd32f4xx_exti.c ****         break;
 198              		.loc 1 107 9 is_stmt 1 view .LVU52
 107:Drivers/GD32_F470_STD_Driver/Source/gd32f4xx_exti.c ****         break;
 199              		.loc 1 107 19 is_stmt 0 view .LVU53
 200 00aa D3F80C2C 		ldr	r2, [r3, #3084]
 201 00ae 1043     		orrs	r0, r0, r2
 202              	.LVL14:
 107:Drivers/GD32_F470_STD_Driver/Source/gd32f4xx_exti.c ****         break;
 203              		.loc 1 107 19 view .LVU54
 204 00b0 C3F80C0C 		str	r0, [r3, #3084]
ARM GAS  /tmp/ccCIWtu8.s 			page 7


 108:Drivers/GD32_F470_STD_Driver/Source/gd32f4xx_exti.c ****     case EXTI_TRIG_NONE:
 205              		.loc 1 108 9 is_stmt 1 view .LVU55
 206              		.loc 1 113 1 is_stmt 0 view .LVU56
 207 00b4 C8E7     		b	.L4
 208              	.L14:
 209 00b6 00BF     		.align	2
 210              	.L13:
 211 00b8 00300140 		.word	1073819648
 212              		.cfi_endproc
 213              	.LFE117:
 215              		.section	.text.exti_interrupt_enable,"ax",%progbits
 216              		.align	1
 217              		.global	exti_interrupt_enable
 218              		.syntax unified
 219              		.thumb
 220              		.thumb_func
 222              	exti_interrupt_enable:
 223              	.LVL15:
 224              	.LFB118:
 114:Drivers/GD32_F470_STD_Driver/Source/gd32f4xx_exti.c **** 
 115:Drivers/GD32_F470_STD_Driver/Source/gd32f4xx_exti.c **** /*!
 116:Drivers/GD32_F470_STD_Driver/Source/gd32f4xx_exti.c ****     \brief    enable the interrupts from EXTI line x
 117:Drivers/GD32_F470_STD_Driver/Source/gd32f4xx_exti.c ****     \param[in]  linex: EXTI line number, refer to exti_line_enum
 118:Drivers/GD32_F470_STD_Driver/Source/gd32f4xx_exti.c ****                 only one parameter can be selected which is shown as below:
 119:Drivers/GD32_F470_STD_Driver/Source/gd32f4xx_exti.c ****       \arg        EXTI_x (x=0..22): EXTI line x
 120:Drivers/GD32_F470_STD_Driver/Source/gd32f4xx_exti.c ****     \param[out] none
 121:Drivers/GD32_F470_STD_Driver/Source/gd32f4xx_exti.c ****     \retval     none
 122:Drivers/GD32_F470_STD_Driver/Source/gd32f4xx_exti.c **** */
 123:Drivers/GD32_F470_STD_Driver/Source/gd32f4xx_exti.c **** void exti_interrupt_enable(exti_line_enum linex)
 124:Drivers/GD32_F470_STD_Driver/Source/gd32f4xx_exti.c **** {
 225              		.loc 1 124 1 is_stmt 1 view -0
 226              		.cfi_startproc
 227              		@ args = 0, pretend = 0, frame = 0
 228              		@ frame_needed = 0, uses_anonymous_args = 0
 229              		@ link register save eliminated.
 125:Drivers/GD32_F470_STD_Driver/Source/gd32f4xx_exti.c ****     EXTI_INTEN |= (uint32_t)linex;
 230              		.loc 1 125 5 view .LVU58
 231              		.loc 1 125 16 is_stmt 0 view .LVU59
 232 0000 034A     		ldr	r2, .L16
 233 0002 D2F8003C 		ldr	r3, [r2, #3072]
 234 0006 0343     		orrs	r3, r3, r0
 235 0008 C2F8003C 		str	r3, [r2, #3072]
 126:Drivers/GD32_F470_STD_Driver/Source/gd32f4xx_exti.c **** }
 236              		.loc 1 126 1 view .LVU60
 237 000c 7047     		bx	lr
 238              	.L17:
 239 000e 00BF     		.align	2
 240              	.L16:
 241 0010 00300140 		.word	1073819648
 242              		.cfi_endproc
 243              	.LFE118:
 245              		.section	.text.exti_interrupt_disable,"ax",%progbits
 246              		.align	1
 247              		.global	exti_interrupt_disable
 248              		.syntax unified
 249              		.thumb
 250              		.thumb_func
ARM GAS  /tmp/ccCIWtu8.s 			page 8


 252              	exti_interrupt_disable:
 253              	.LVL16:
 254              	.LFB119:
 127:Drivers/GD32_F470_STD_Driver/Source/gd32f4xx_exti.c **** 
 128:Drivers/GD32_F470_STD_Driver/Source/gd32f4xx_exti.c **** /*!
 129:Drivers/GD32_F470_STD_Driver/Source/gd32f4xx_exti.c ****     \brief    disable the interrupt from EXTI line x
 130:Drivers/GD32_F470_STD_Driver/Source/gd32f4xx_exti.c ****     \param[in]  linex: EXTI line number, refer to exti_line_enum
 131:Drivers/GD32_F470_STD_Driver/Source/gd32f4xx_exti.c ****                 only one parameter can be selected which is shown as below:
 132:Drivers/GD32_F470_STD_Driver/Source/gd32f4xx_exti.c ****       \arg        EXTI_x (x=0..22): EXTI line x
 133:Drivers/GD32_F470_STD_Driver/Source/gd32f4xx_exti.c ****     \param[out] none
 134:Drivers/GD32_F470_STD_Driver/Source/gd32f4xx_exti.c ****     \retval     none
 135:Drivers/GD32_F470_STD_Driver/Source/gd32f4xx_exti.c **** */
 136:Drivers/GD32_F470_STD_Driver/Source/gd32f4xx_exti.c **** void exti_interrupt_disable(exti_line_enum linex)
 137:Drivers/GD32_F470_STD_Driver/Source/gd32f4xx_exti.c **** {
 255              		.loc 1 137 1 is_stmt 1 view -0
 256              		.cfi_startproc
 257              		@ args = 0, pretend = 0, frame = 0
 258              		@ frame_needed = 0, uses_anonymous_args = 0
 259              		@ link register save eliminated.
 138:Drivers/GD32_F470_STD_Driver/Source/gd32f4xx_exti.c ****     EXTI_INTEN &= ~(uint32_t)linex;
 260              		.loc 1 138 5 view .LVU62
 261              		.loc 1 138 16 is_stmt 0 view .LVU63
 262 0000 034A     		ldr	r2, .L19
 263 0002 D2F8003C 		ldr	r3, [r2, #3072]
 264 0006 23EA0003 		bic	r3, r3, r0
 265 000a C2F8003C 		str	r3, [r2, #3072]
 139:Drivers/GD32_F470_STD_Driver/Source/gd32f4xx_exti.c **** }
 266              		.loc 1 139 1 view .LVU64
 267 000e 7047     		bx	lr
 268              	.L20:
 269              		.align	2
 270              	.L19:
 271 0010 00300140 		.word	1073819648
 272              		.cfi_endproc
 273              	.LFE119:
 275              		.section	.text.exti_event_enable,"ax",%progbits
 276              		.align	1
 277              		.global	exti_event_enable
 278              		.syntax unified
 279              		.thumb
 280              		.thumb_func
 282              	exti_event_enable:
 283              	.LVL17:
 284              	.LFB120:
 140:Drivers/GD32_F470_STD_Driver/Source/gd32f4xx_exti.c **** 
 141:Drivers/GD32_F470_STD_Driver/Source/gd32f4xx_exti.c **** /*!
 142:Drivers/GD32_F470_STD_Driver/Source/gd32f4xx_exti.c ****     \brief    enable the events from EXTI line x
 143:Drivers/GD32_F470_STD_Driver/Source/gd32f4xx_exti.c ****     \param[in]  linex: EXTI line number, refer to exti_line_enum
 144:Drivers/GD32_F470_STD_Driver/Source/gd32f4xx_exti.c ****                 only one parameter can be selected which is shown as below:
 145:Drivers/GD32_F470_STD_Driver/Source/gd32f4xx_exti.c ****       \arg        EXTI_x (x=0..22): EXTI line x
 146:Drivers/GD32_F470_STD_Driver/Source/gd32f4xx_exti.c ****     \param[out] none
 147:Drivers/GD32_F470_STD_Driver/Source/gd32f4xx_exti.c ****     \retval     none
 148:Drivers/GD32_F470_STD_Driver/Source/gd32f4xx_exti.c **** */
 149:Drivers/GD32_F470_STD_Driver/Source/gd32f4xx_exti.c **** void exti_event_enable(exti_line_enum linex)
 150:Drivers/GD32_F470_STD_Driver/Source/gd32f4xx_exti.c **** {
 285              		.loc 1 150 1 is_stmt 1 view -0
 286              		.cfi_startproc
ARM GAS  /tmp/ccCIWtu8.s 			page 9


 287              		@ args = 0, pretend = 0, frame = 0
 288              		@ frame_needed = 0, uses_anonymous_args = 0
 289              		@ link register save eliminated.
 151:Drivers/GD32_F470_STD_Driver/Source/gd32f4xx_exti.c ****     EXTI_EVEN |= (uint32_t)linex;
 290              		.loc 1 151 5 view .LVU66
 291              		.loc 1 151 15 is_stmt 0 view .LVU67
 292 0000 034A     		ldr	r2, .L22
 293 0002 D2F8043C 		ldr	r3, [r2, #3076]
 294 0006 0343     		orrs	r3, r3, r0
 295 0008 C2F8043C 		str	r3, [r2, #3076]
 152:Drivers/GD32_F470_STD_Driver/Source/gd32f4xx_exti.c **** }
 296              		.loc 1 152 1 view .LVU68
 297 000c 7047     		bx	lr
 298              	.L23:
 299 000e 00BF     		.align	2
 300              	.L22:
 301 0010 00300140 		.word	1073819648
 302              		.cfi_endproc
 303              	.LFE120:
 305              		.section	.text.exti_event_disable,"ax",%progbits
 306              		.align	1
 307              		.global	exti_event_disable
 308              		.syntax unified
 309              		.thumb
 310              		.thumb_func
 312              	exti_event_disable:
 313              	.LVL18:
 314              	.LFB121:
 153:Drivers/GD32_F470_STD_Driver/Source/gd32f4xx_exti.c **** 
 154:Drivers/GD32_F470_STD_Driver/Source/gd32f4xx_exti.c **** /*!
 155:Drivers/GD32_F470_STD_Driver/Source/gd32f4xx_exti.c ****     \brief    disable the events from EXTI line x
 156:Drivers/GD32_F470_STD_Driver/Source/gd32f4xx_exti.c ****     \param[in]  linex: EXTI line number, refer to exti_line_enum
 157:Drivers/GD32_F470_STD_Driver/Source/gd32f4xx_exti.c ****                 only one parameter can be selected which is shown as below:
 158:Drivers/GD32_F470_STD_Driver/Source/gd32f4xx_exti.c ****       \arg        EXTI_x (x=0..22): EXTI line x
 159:Drivers/GD32_F470_STD_Driver/Source/gd32f4xx_exti.c ****     \param[out] none
 160:Drivers/GD32_F470_STD_Driver/Source/gd32f4xx_exti.c ****     \retval     none
 161:Drivers/GD32_F470_STD_Driver/Source/gd32f4xx_exti.c **** */
 162:Drivers/GD32_F470_STD_Driver/Source/gd32f4xx_exti.c **** void exti_event_disable(exti_line_enum linex)
 163:Drivers/GD32_F470_STD_Driver/Source/gd32f4xx_exti.c **** {
 315              		.loc 1 163 1 is_stmt 1 view -0
 316              		.cfi_startproc
 317              		@ args = 0, pretend = 0, frame = 0
 318              		@ frame_needed = 0, uses_anonymous_args = 0
 319              		@ link register save eliminated.
 164:Drivers/GD32_F470_STD_Driver/Source/gd32f4xx_exti.c ****     EXTI_EVEN &= ~(uint32_t)linex;
 320              		.loc 1 164 5 view .LVU70
 321              		.loc 1 164 15 is_stmt 0 view .LVU71
 322 0000 034A     		ldr	r2, .L25
 323 0002 D2F8043C 		ldr	r3, [r2, #3076]
 324 0006 23EA0003 		bic	r3, r3, r0
 325 000a C2F8043C 		str	r3, [r2, #3076]
 165:Drivers/GD32_F470_STD_Driver/Source/gd32f4xx_exti.c **** }
 326              		.loc 1 165 1 view .LVU72
 327 000e 7047     		bx	lr
 328              	.L26:
 329              		.align	2
 330              	.L25:
ARM GAS  /tmp/ccCIWtu8.s 			page 10


 331 0010 00300140 		.word	1073819648
 332              		.cfi_endproc
 333              	.LFE121:
 335              		.section	.text.exti_software_interrupt_enable,"ax",%progbits
 336              		.align	1
 337              		.global	exti_software_interrupt_enable
 338              		.syntax unified
 339              		.thumb
 340              		.thumb_func
 342              	exti_software_interrupt_enable:
 343              	.LVL19:
 344              	.LFB122:
 166:Drivers/GD32_F470_STD_Driver/Source/gd32f4xx_exti.c **** 
 167:Drivers/GD32_F470_STD_Driver/Source/gd32f4xx_exti.c **** /*!
 168:Drivers/GD32_F470_STD_Driver/Source/gd32f4xx_exti.c ****     \brief    enable EXTI software interrupt event
 169:Drivers/GD32_F470_STD_Driver/Source/gd32f4xx_exti.c ****     \param[in]  linex: EXTI line number, refer to exti_line_enum
 170:Drivers/GD32_F470_STD_Driver/Source/gd32f4xx_exti.c ****                 only one parameter can be selected which is shown as below:
 171:Drivers/GD32_F470_STD_Driver/Source/gd32f4xx_exti.c ****       \arg        EXTI_x (x=0..22): EXTI line x
 172:Drivers/GD32_F470_STD_Driver/Source/gd32f4xx_exti.c ****     \param[out] none
 173:Drivers/GD32_F470_STD_Driver/Source/gd32f4xx_exti.c ****     \retval     none
 174:Drivers/GD32_F470_STD_Driver/Source/gd32f4xx_exti.c **** */
 175:Drivers/GD32_F470_STD_Driver/Source/gd32f4xx_exti.c **** void exti_software_interrupt_enable(exti_line_enum linex)
 176:Drivers/GD32_F470_STD_Driver/Source/gd32f4xx_exti.c **** {
 345              		.loc 1 176 1 is_stmt 1 view -0
 346              		.cfi_startproc
 347              		@ args = 0, pretend = 0, frame = 0
 348              		@ frame_needed = 0, uses_anonymous_args = 0
 349              		@ link register save eliminated.
 177:Drivers/GD32_F470_STD_Driver/Source/gd32f4xx_exti.c ****     EXTI_SWIEV |= (uint32_t)linex;
 350              		.loc 1 177 5 view .LVU74
 351              		.loc 1 177 16 is_stmt 0 view .LVU75
 352 0000 034A     		ldr	r2, .L28
 353 0002 D2F8103C 		ldr	r3, [r2, #3088]
 354 0006 0343     		orrs	r3, r3, r0
 355 0008 C2F8103C 		str	r3, [r2, #3088]
 178:Drivers/GD32_F470_STD_Driver/Source/gd32f4xx_exti.c **** }
 356              		.loc 1 178 1 view .LVU76
 357 000c 7047     		bx	lr
 358              	.L29:
 359 000e 00BF     		.align	2
 360              	.L28:
 361 0010 00300140 		.word	1073819648
 362              		.cfi_endproc
 363              	.LFE122:
 365              		.section	.text.exti_software_interrupt_disable,"ax",%progbits
 366              		.align	1
 367              		.global	exti_software_interrupt_disable
 368              		.syntax unified
 369              		.thumb
 370              		.thumb_func
 372              	exti_software_interrupt_disable:
 373              	.LVL20:
 374              	.LFB123:
 179:Drivers/GD32_F470_STD_Driver/Source/gd32f4xx_exti.c **** 
 180:Drivers/GD32_F470_STD_Driver/Source/gd32f4xx_exti.c **** /*!
 181:Drivers/GD32_F470_STD_Driver/Source/gd32f4xx_exti.c ****     \brief    disable EXTI software interrupt event
 182:Drivers/GD32_F470_STD_Driver/Source/gd32f4xx_exti.c ****     \param[in]  linex: EXTI line number, refer to exti_line_enum
ARM GAS  /tmp/ccCIWtu8.s 			page 11


 183:Drivers/GD32_F470_STD_Driver/Source/gd32f4xx_exti.c ****                 only one parameter can be selected which is shown as below:
 184:Drivers/GD32_F470_STD_Driver/Source/gd32f4xx_exti.c ****       \arg        EXTI_x (x=0..22): EXTI line x
 185:Drivers/GD32_F470_STD_Driver/Source/gd32f4xx_exti.c ****     \param[out] none
 186:Drivers/GD32_F470_STD_Driver/Source/gd32f4xx_exti.c ****     \retval     none
 187:Drivers/GD32_F470_STD_Driver/Source/gd32f4xx_exti.c **** */
 188:Drivers/GD32_F470_STD_Driver/Source/gd32f4xx_exti.c **** void exti_software_interrupt_disable(exti_line_enum linex)
 189:Drivers/GD32_F470_STD_Driver/Source/gd32f4xx_exti.c **** {
 375              		.loc 1 189 1 is_stmt 1 view -0
 376              		.cfi_startproc
 377              		@ args = 0, pretend = 0, frame = 0
 378              		@ frame_needed = 0, uses_anonymous_args = 0
 379              		@ link register save eliminated.
 190:Drivers/GD32_F470_STD_Driver/Source/gd32f4xx_exti.c ****     EXTI_SWIEV &= ~(uint32_t)linex;
 380              		.loc 1 190 5 view .LVU78
 381              		.loc 1 190 16 is_stmt 0 view .LVU79
 382 0000 034A     		ldr	r2, .L31
 383 0002 D2F8103C 		ldr	r3, [r2, #3088]
 384 0006 23EA0003 		bic	r3, r3, r0
 385 000a C2F8103C 		str	r3, [r2, #3088]
 191:Drivers/GD32_F470_STD_Driver/Source/gd32f4xx_exti.c **** }
 386              		.loc 1 191 1 view .LVU80
 387 000e 7047     		bx	lr
 388              	.L32:
 389              		.align	2
 390              	.L31:
 391 0010 00300140 		.word	1073819648
 392              		.cfi_endproc
 393              	.LFE123:
 395              		.section	.text.exti_flag_get,"ax",%progbits
 396              		.align	1
 397              		.global	exti_flag_get
 398              		.syntax unified
 399              		.thumb
 400              		.thumb_func
 402              	exti_flag_get:
 403              	.LVL21:
 404              	.LFB124:
 192:Drivers/GD32_F470_STD_Driver/Source/gd32f4xx_exti.c **** 
 193:Drivers/GD32_F470_STD_Driver/Source/gd32f4xx_exti.c **** /*!
 194:Drivers/GD32_F470_STD_Driver/Source/gd32f4xx_exti.c ****     \brief    get EXTI lines flag
 195:Drivers/GD32_F470_STD_Driver/Source/gd32f4xx_exti.c ****     \param[in]  linex: EXTI line number, refer to exti_line_enum
 196:Drivers/GD32_F470_STD_Driver/Source/gd32f4xx_exti.c ****                 only one parameter can be selected which is shown as below:
 197:Drivers/GD32_F470_STD_Driver/Source/gd32f4xx_exti.c ****       \arg        EXTI_x (x=0..22): EXTI line x
 198:Drivers/GD32_F470_STD_Driver/Source/gd32f4xx_exti.c ****     \param[out] none
 199:Drivers/GD32_F470_STD_Driver/Source/gd32f4xx_exti.c ****     \retval     FlagStatus: status of flag (RESET or SET)
 200:Drivers/GD32_F470_STD_Driver/Source/gd32f4xx_exti.c **** */
 201:Drivers/GD32_F470_STD_Driver/Source/gd32f4xx_exti.c **** FlagStatus exti_flag_get(exti_line_enum linex)
 202:Drivers/GD32_F470_STD_Driver/Source/gd32f4xx_exti.c **** {
 405              		.loc 1 202 1 is_stmt 1 view -0
 406              		.cfi_startproc
 407              		@ args = 0, pretend = 0, frame = 0
 408              		@ frame_needed = 0, uses_anonymous_args = 0
 409              		@ link register save eliminated.
 203:Drivers/GD32_F470_STD_Driver/Source/gd32f4xx_exti.c ****     if(RESET != (EXTI_PD & (uint32_t)linex)) {
 410              		.loc 1 203 5 view .LVU82
 411              		.loc 1 203 18 is_stmt 0 view .LVU83
 412 0000 044B     		ldr	r3, .L36
ARM GAS  /tmp/ccCIWtu8.s 			page 12


 413 0002 D3F8143C 		ldr	r3, [r3, #3092]
 414              		.loc 1 203 7 view .LVU84
 415 0006 0342     		tst	r3, r0
 416 0008 01D0     		beq	.L35
 204:Drivers/GD32_F470_STD_Driver/Source/gd32f4xx_exti.c ****         return SET;
 417              		.loc 1 204 16 view .LVU85
 418 000a 0120     		movs	r0, #1
 419              	.LVL22:
 420              		.loc 1 204 16 view .LVU86
 421 000c 7047     		bx	lr
 422              	.LVL23:
 423              	.L35:
 205:Drivers/GD32_F470_STD_Driver/Source/gd32f4xx_exti.c ****     } else {
 206:Drivers/GD32_F470_STD_Driver/Source/gd32f4xx_exti.c ****         return RESET;
 424              		.loc 1 206 16 view .LVU87
 425 000e 0020     		movs	r0, #0
 426              	.LVL24:
 207:Drivers/GD32_F470_STD_Driver/Source/gd32f4xx_exti.c ****     }
 208:Drivers/GD32_F470_STD_Driver/Source/gd32f4xx_exti.c **** }
 427              		.loc 1 208 1 view .LVU88
 428 0010 7047     		bx	lr
 429              	.L37:
 430 0012 00BF     		.align	2
 431              	.L36:
 432 0014 00300140 		.word	1073819648
 433              		.cfi_endproc
 434              	.LFE124:
 436              		.section	.text.exti_flag_clear,"ax",%progbits
 437              		.align	1
 438              		.global	exti_flag_clear
 439              		.syntax unified
 440              		.thumb
 441              		.thumb_func
 443              	exti_flag_clear:
 444              	.LVL25:
 445              	.LFB125:
 209:Drivers/GD32_F470_STD_Driver/Source/gd32f4xx_exti.c **** 
 210:Drivers/GD32_F470_STD_Driver/Source/gd32f4xx_exti.c **** /*!
 211:Drivers/GD32_F470_STD_Driver/Source/gd32f4xx_exti.c ****     \brief    clear EXTI lines pending flag
 212:Drivers/GD32_F470_STD_Driver/Source/gd32f4xx_exti.c ****     \param[in]  linex: EXTI line number, refer to exti_line_enum
 213:Drivers/GD32_F470_STD_Driver/Source/gd32f4xx_exti.c ****                 only one parameter can be selected which is shown as below:
 214:Drivers/GD32_F470_STD_Driver/Source/gd32f4xx_exti.c ****       \arg        EXTI_x (x=0..22): EXTI line x
 215:Drivers/GD32_F470_STD_Driver/Source/gd32f4xx_exti.c ****     \param[out] none
 216:Drivers/GD32_F470_STD_Driver/Source/gd32f4xx_exti.c ****     \retval     none
 217:Drivers/GD32_F470_STD_Driver/Source/gd32f4xx_exti.c **** */
 218:Drivers/GD32_F470_STD_Driver/Source/gd32f4xx_exti.c **** void exti_flag_clear(exti_line_enum linex)
 219:Drivers/GD32_F470_STD_Driver/Source/gd32f4xx_exti.c **** {
 446              		.loc 1 219 1 is_stmt 1 view -0
 447              		.cfi_startproc
 448              		@ args = 0, pretend = 0, frame = 0
 449              		@ frame_needed = 0, uses_anonymous_args = 0
 450              		@ link register save eliminated.
 220:Drivers/GD32_F470_STD_Driver/Source/gd32f4xx_exti.c ****     EXTI_PD = (uint32_t)linex;
 451              		.loc 1 220 5 view .LVU90
 452              		.loc 1 220 13 is_stmt 0 view .LVU91
 453 0000 014B     		ldr	r3, .L39
 454 0002 C3F8140C 		str	r0, [r3, #3092]
ARM GAS  /tmp/ccCIWtu8.s 			page 13


 221:Drivers/GD32_F470_STD_Driver/Source/gd32f4xx_exti.c **** }
 455              		.loc 1 221 1 view .LVU92
 456 0006 7047     		bx	lr
 457              	.L40:
 458              		.align	2
 459              	.L39:
 460 0008 00300140 		.word	1073819648
 461              		.cfi_endproc
 462              	.LFE125:
 464              		.section	.text.exti_interrupt_flag_get,"ax",%progbits
 465              		.align	1
 466              		.global	exti_interrupt_flag_get
 467              		.syntax unified
 468              		.thumb
 469              		.thumb_func
 471              	exti_interrupt_flag_get:
 472              	.LVL26:
 473              	.LFB126:
 222:Drivers/GD32_F470_STD_Driver/Source/gd32f4xx_exti.c **** 
 223:Drivers/GD32_F470_STD_Driver/Source/gd32f4xx_exti.c **** /*!
 224:Drivers/GD32_F470_STD_Driver/Source/gd32f4xx_exti.c ****     \brief    get EXTI lines flag when the interrupt flag is set
 225:Drivers/GD32_F470_STD_Driver/Source/gd32f4xx_exti.c ****     \param[in]  linex: EXTI line number, refer to exti_line_enum
 226:Drivers/GD32_F470_STD_Driver/Source/gd32f4xx_exti.c ****                 only one parameter can be selected which is shown as below:
 227:Drivers/GD32_F470_STD_Driver/Source/gd32f4xx_exti.c ****       \arg        EXTI_x (x=0..22): EXTI line x
 228:Drivers/GD32_F470_STD_Driver/Source/gd32f4xx_exti.c ****     \param[out] none
 229:Drivers/GD32_F470_STD_Driver/Source/gd32f4xx_exti.c ****     \retval     FlagStatus: status of flag (RESET or SET)
 230:Drivers/GD32_F470_STD_Driver/Source/gd32f4xx_exti.c **** */
 231:Drivers/GD32_F470_STD_Driver/Source/gd32f4xx_exti.c **** FlagStatus exti_interrupt_flag_get(exti_line_enum linex)
 232:Drivers/GD32_F470_STD_Driver/Source/gd32f4xx_exti.c **** {
 474              		.loc 1 232 1 is_stmt 1 view -0
 475              		.cfi_startproc
 476              		@ args = 0, pretend = 0, frame = 0
 477              		@ frame_needed = 0, uses_anonymous_args = 0
 478              		@ link register save eliminated.
 233:Drivers/GD32_F470_STD_Driver/Source/gd32f4xx_exti.c ****     uint32_t flag_left, flag_right;
 479              		.loc 1 233 5 view .LVU94
 234:Drivers/GD32_F470_STD_Driver/Source/gd32f4xx_exti.c **** 
 235:Drivers/GD32_F470_STD_Driver/Source/gd32f4xx_exti.c ****     flag_left = EXTI_PD & (uint32_t)linex;
 480              		.loc 1 235 5 view .LVU95
 481              		.loc 1 235 17 is_stmt 0 view .LVU96
 482 0000 074B     		ldr	r3, .L45
 483 0002 D3F8142C 		ldr	r2, [r3, #3092]
 484              	.LVL27:
 236:Drivers/GD32_F470_STD_Driver/Source/gd32f4xx_exti.c ****     flag_right = EXTI_INTEN & (uint32_t)linex;
 485              		.loc 1 236 5 is_stmt 1 view .LVU97
 486              		.loc 1 236 18 is_stmt 0 view .LVU98
 487 0006 D3F8003C 		ldr	r3, [r3, #3072]
 488              		.loc 1 236 16 view .LVU99
 489 000a 0340     		ands	r3, r3, r0
 490              	.LVL28:
 237:Drivers/GD32_F470_STD_Driver/Source/gd32f4xx_exti.c **** 
 238:Drivers/GD32_F470_STD_Driver/Source/gd32f4xx_exti.c ****     if((RESET != flag_left) && (RESET != flag_right)) {
 491              		.loc 1 238 5 is_stmt 1 view .LVU100
 492              		.loc 1 238 7 is_stmt 0 view .LVU101
 493 000c 0242     		tst	r2, r0
 494 000e 02D0     		beq	.L43
 495              		.loc 1 238 29 discriminator 1 view .LVU102
ARM GAS  /tmp/ccCIWtu8.s 			page 14


 496 0010 1BB9     		cbnz	r3, .L44
 239:Drivers/GD32_F470_STD_Driver/Source/gd32f4xx_exti.c ****         return SET;
 240:Drivers/GD32_F470_STD_Driver/Source/gd32f4xx_exti.c ****     } else {
 241:Drivers/GD32_F470_STD_Driver/Source/gd32f4xx_exti.c ****         return RESET;
 497              		.loc 1 241 16 view .LVU103
 498 0012 0020     		movs	r0, #0
 499              	.LVL29:
 500              		.loc 1 241 16 view .LVU104
 501 0014 7047     		bx	lr
 502              	.LVL30:
 503              	.L43:
 504              		.loc 1 241 16 view .LVU105
 505 0016 0020     		movs	r0, #0
 506              	.LVL31:
 507              		.loc 1 241 16 view .LVU106
 508 0018 7047     		bx	lr
 509              	.LVL32:
 510              	.L44:
 239:Drivers/GD32_F470_STD_Driver/Source/gd32f4xx_exti.c ****         return SET;
 511              		.loc 1 239 16 view .LVU107
 512 001a 0120     		movs	r0, #1
 513              	.LVL33:
 242:Drivers/GD32_F470_STD_Driver/Source/gd32f4xx_exti.c ****     }
 243:Drivers/GD32_F470_STD_Driver/Source/gd32f4xx_exti.c **** }
 514              		.loc 1 243 1 view .LVU108
 515 001c 7047     		bx	lr
 516              	.L46:
 517 001e 00BF     		.align	2
 518              	.L45:
 519 0020 00300140 		.word	1073819648
 520              		.cfi_endproc
 521              	.LFE126:
 523              		.section	.text.exti_interrupt_flag_clear,"ax",%progbits
 524              		.align	1
 525              		.global	exti_interrupt_flag_clear
 526              		.syntax unified
 527              		.thumb
 528              		.thumb_func
 530              	exti_interrupt_flag_clear:
 531              	.LVL34:
 532              	.LFB127:
 244:Drivers/GD32_F470_STD_Driver/Source/gd32f4xx_exti.c **** 
 245:Drivers/GD32_F470_STD_Driver/Source/gd32f4xx_exti.c **** /*!
 246:Drivers/GD32_F470_STD_Driver/Source/gd32f4xx_exti.c ****     \brief    clear EXTI lines pending flag
 247:Drivers/GD32_F470_STD_Driver/Source/gd32f4xx_exti.c ****     \param[in]  linex: EXTI line number, refer to exti_line_enum
 248:Drivers/GD32_F470_STD_Driver/Source/gd32f4xx_exti.c ****                 only one parameter can be selected which is shown as below:
 249:Drivers/GD32_F470_STD_Driver/Source/gd32f4xx_exti.c ****       \arg        EXTI_x (x=0..22): EXTI line x
 250:Drivers/GD32_F470_STD_Driver/Source/gd32f4xx_exti.c ****     \param[out] none
 251:Drivers/GD32_F470_STD_Driver/Source/gd32f4xx_exti.c ****     \retval     none
 252:Drivers/GD32_F470_STD_Driver/Source/gd32f4xx_exti.c **** */
 253:Drivers/GD32_F470_STD_Driver/Source/gd32f4xx_exti.c **** void exti_interrupt_flag_clear(exti_line_enum linex)
 254:Drivers/GD32_F470_STD_Driver/Source/gd32f4xx_exti.c **** {
 533              		.loc 1 254 1 is_stmt 1 view -0
 534              		.cfi_startproc
 535              		@ args = 0, pretend = 0, frame = 0
 536              		@ frame_needed = 0, uses_anonymous_args = 0
 537              		@ link register save eliminated.
ARM GAS  /tmp/ccCIWtu8.s 			page 15


 255:Drivers/GD32_F470_STD_Driver/Source/gd32f4xx_exti.c ****     EXTI_PD = (uint32_t)linex;
 538              		.loc 1 255 5 view .LVU110
 539              		.loc 1 255 13 is_stmt 0 view .LVU111
 540 0000 014B     		ldr	r3, .L48
 541 0002 C3F8140C 		str	r0, [r3, #3092]
 256:Drivers/GD32_F470_STD_Driver/Source/gd32f4xx_exti.c **** }
 542              		.loc 1 256 1 view .LVU112
 543 0006 7047     		bx	lr
 544              	.L49:
 545              		.align	2
 546              	.L48:
 547 0008 00300140 		.word	1073819648
 548              		.cfi_endproc
 549              	.LFE127:
 551              		.text
 552              	.Letext0:
 553              		.file 2 "/home/funtime/arm_gcc/gcc-arm-none-eabi-10.3-2021.10/arm-none-eabi/include/machine/_defau
 554              		.file 3 "/home/funtime/arm_gcc/gcc-arm-none-eabi-10.3-2021.10/arm-none-eabi/include/sys/_stdint.h"
 555              		.file 4 "Core/Inc/gd32f4xx.h"
 556              		.file 5 "Drivers/GD32_F470_STD_Driver/Include/gd32f4xx_exti.h"
ARM GAS  /tmp/ccCIWtu8.s 			page 16


DEFINED SYMBOLS
                            *ABS*:0000000000000000 gd32f4xx_exti.c
     /tmp/ccCIWtu8.s:20     .text.exti_deinit:0000000000000000 $t
     /tmp/ccCIWtu8.s:26     .text.exti_deinit:0000000000000000 exti_deinit
     /tmp/ccCIWtu8.s:56     .text.exti_deinit:000000000000001c $d
     /tmp/ccCIWtu8.s:61     .text.exti_init:0000000000000000 $t
     /tmp/ccCIWtu8.s:67     .text.exti_init:0000000000000000 exti_init
     /tmp/ccCIWtu8.s:211    .text.exti_init:00000000000000b8 $d
     /tmp/ccCIWtu8.s:216    .text.exti_interrupt_enable:0000000000000000 $t
     /tmp/ccCIWtu8.s:222    .text.exti_interrupt_enable:0000000000000000 exti_interrupt_enable
     /tmp/ccCIWtu8.s:241    .text.exti_interrupt_enable:0000000000000010 $d
     /tmp/ccCIWtu8.s:246    .text.exti_interrupt_disable:0000000000000000 $t
     /tmp/ccCIWtu8.s:252    .text.exti_interrupt_disable:0000000000000000 exti_interrupt_disable
     /tmp/ccCIWtu8.s:271    .text.exti_interrupt_disable:0000000000000010 $d
     /tmp/ccCIWtu8.s:276    .text.exti_event_enable:0000000000000000 $t
     /tmp/ccCIWtu8.s:282    .text.exti_event_enable:0000000000000000 exti_event_enable
     /tmp/ccCIWtu8.s:301    .text.exti_event_enable:0000000000000010 $d
     /tmp/ccCIWtu8.s:306    .text.exti_event_disable:0000000000000000 $t
     /tmp/ccCIWtu8.s:312    .text.exti_event_disable:0000000000000000 exti_event_disable
     /tmp/ccCIWtu8.s:331    .text.exti_event_disable:0000000000000010 $d
     /tmp/ccCIWtu8.s:336    .text.exti_software_interrupt_enable:0000000000000000 $t
     /tmp/ccCIWtu8.s:342    .text.exti_software_interrupt_enable:0000000000000000 exti_software_interrupt_enable
     /tmp/ccCIWtu8.s:361    .text.exti_software_interrupt_enable:0000000000000010 $d
     /tmp/ccCIWtu8.s:366    .text.exti_software_interrupt_disable:0000000000000000 $t
     /tmp/ccCIWtu8.s:372    .text.exti_software_interrupt_disable:0000000000000000 exti_software_interrupt_disable
     /tmp/ccCIWtu8.s:391    .text.exti_software_interrupt_disable:0000000000000010 $d
     /tmp/ccCIWtu8.s:396    .text.exti_flag_get:0000000000000000 $t
     /tmp/ccCIWtu8.s:402    .text.exti_flag_get:0000000000000000 exti_flag_get
     /tmp/ccCIWtu8.s:432    .text.exti_flag_get:0000000000000014 $d
     /tmp/ccCIWtu8.s:437    .text.exti_flag_clear:0000000000000000 $t
     /tmp/ccCIWtu8.s:443    .text.exti_flag_clear:0000000000000000 exti_flag_clear
     /tmp/ccCIWtu8.s:460    .text.exti_flag_clear:0000000000000008 $d
     /tmp/ccCIWtu8.s:465    .text.exti_interrupt_flag_get:0000000000000000 $t
     /tmp/ccCIWtu8.s:471    .text.exti_interrupt_flag_get:0000000000000000 exti_interrupt_flag_get
     /tmp/ccCIWtu8.s:519    .text.exti_interrupt_flag_get:0000000000000020 $d
     /tmp/ccCIWtu8.s:524    .text.exti_interrupt_flag_clear:0000000000000000 $t
     /tmp/ccCIWtu8.s:530    .text.exti_interrupt_flag_clear:0000000000000000 exti_interrupt_flag_clear
     /tmp/ccCIWtu8.s:547    .text.exti_interrupt_flag_clear:0000000000000008 $d

NO UNDEFINED SYMBOLS
