ARM GAS  /tmp/cccxHDH7.s 			page 1


   1              		.cpu cortex-m4
   2              		.arch armv7e-m
   3              		.fpu fpv4-sp-d16
   4              		.eabi_attribute 27, 1
   5              		.eabi_attribute 28, 1
   6              		.eabi_attribute 20, 1
   7              		.eabi_attribute 21, 1
   8              		.eabi_attribute 23, 3
   9              		.eabi_attribute 24, 1
  10              		.eabi_attribute 25, 1
  11              		.eabi_attribute 26, 1
  12              		.eabi_attribute 30, 1
  13              		.eabi_attribute 34, 1
  14              		.eabi_attribute 18, 4
  15              		.file	"gd32f4xx_dbg.c"
  16              		.text
  17              	.Ltext0:
  18              		.cfi_sections	.debug_frame
  19              		.section	.text.dbg_deinit,"ax",%progbits
  20              		.align	1
  21              		.global	dbg_deinit
  22              		.syntax unified
  23              		.thumb
  24              		.thumb_func
  26              	dbg_deinit:
  27              	.LFB116:
  28              		.file 1 "Drivers/GD32_F470_STD_Driver/Source/gd32f4xx_dbg.c"
   1:Drivers/GD32_F470_STD_Driver/Source/gd32f4xx_dbg.c **** /*!
   2:Drivers/GD32_F470_STD_Driver/Source/gd32f4xx_dbg.c ****     \file    gd32f4xx_dbg.c
   3:Drivers/GD32_F470_STD_Driver/Source/gd32f4xx_dbg.c ****     \brief   DBG driver
   4:Drivers/GD32_F470_STD_Driver/Source/gd32f4xx_dbg.c **** 
   5:Drivers/GD32_F470_STD_Driver/Source/gd32f4xx_dbg.c ****     \version 2016-08-15, V1.0.0, firmware for GD32F4xx
   6:Drivers/GD32_F470_STD_Driver/Source/gd32f4xx_dbg.c ****     \version 2018-12-12, V2.0.0, firmware for GD32F4xx
   7:Drivers/GD32_F470_STD_Driver/Source/gd32f4xx_dbg.c ****     \version 2020-09-30, V2.1.0, firmware for GD32F4xx
   8:Drivers/GD32_F470_STD_Driver/Source/gd32f4xx_dbg.c ****     \version 2022-03-09, V3.0.0, firmware for GD32F4xx
   9:Drivers/GD32_F470_STD_Driver/Source/gd32f4xx_dbg.c **** */
  10:Drivers/GD32_F470_STD_Driver/Source/gd32f4xx_dbg.c **** 
  11:Drivers/GD32_F470_STD_Driver/Source/gd32f4xx_dbg.c **** /*
  12:Drivers/GD32_F470_STD_Driver/Source/gd32f4xx_dbg.c ****     Copyright (c) 2022, GigaDevice Semiconductor Inc.
  13:Drivers/GD32_F470_STD_Driver/Source/gd32f4xx_dbg.c **** 
  14:Drivers/GD32_F470_STD_Driver/Source/gd32f4xx_dbg.c ****     Redistribution and use in source and binary forms, with or without modification,
  15:Drivers/GD32_F470_STD_Driver/Source/gd32f4xx_dbg.c **** are permitted provided that the following conditions are met:
  16:Drivers/GD32_F470_STD_Driver/Source/gd32f4xx_dbg.c **** 
  17:Drivers/GD32_F470_STD_Driver/Source/gd32f4xx_dbg.c ****     1. Redistributions of source code must retain the above copyright notice, this
  18:Drivers/GD32_F470_STD_Driver/Source/gd32f4xx_dbg.c ****        list of conditions and the following disclaimer.
  19:Drivers/GD32_F470_STD_Driver/Source/gd32f4xx_dbg.c ****     2. Redistributions in binary form must reproduce the above copyright notice,
  20:Drivers/GD32_F470_STD_Driver/Source/gd32f4xx_dbg.c ****        this list of conditions and the following disclaimer in the documentation
  21:Drivers/GD32_F470_STD_Driver/Source/gd32f4xx_dbg.c ****        and/or other materials provided with the distribution.
  22:Drivers/GD32_F470_STD_Driver/Source/gd32f4xx_dbg.c ****     3. Neither the name of the copyright holder nor the names of its contributors
  23:Drivers/GD32_F470_STD_Driver/Source/gd32f4xx_dbg.c ****        may be used to endorse or promote products derived from this software without
  24:Drivers/GD32_F470_STD_Driver/Source/gd32f4xx_dbg.c ****        specific prior written permission.
  25:Drivers/GD32_F470_STD_Driver/Source/gd32f4xx_dbg.c **** 
  26:Drivers/GD32_F470_STD_Driver/Source/gd32f4xx_dbg.c ****     THIS SOFTWARE IS PROVIDED BY THE COPYRIGHT HOLDERS AND CONTRIBUTORS "AS IS"
  27:Drivers/GD32_F470_STD_Driver/Source/gd32f4xx_dbg.c **** AND ANY EXPRESS OR IMPLIED WARRANTIES, INCLUDING, BUT NOT LIMITED TO, THE IMPLIED
  28:Drivers/GD32_F470_STD_Driver/Source/gd32f4xx_dbg.c **** WARRANTIES OF MERCHANTABILITY AND FITNESS FOR A PARTICULAR PURPOSE ARE DISCLAIMED.
  29:Drivers/GD32_F470_STD_Driver/Source/gd32f4xx_dbg.c **** IN NO EVENT SHALL THE COPYRIGHT HOLDER OR CONTRIBUTORS BE LIABLE FOR ANY DIRECT,
  30:Drivers/GD32_F470_STD_Driver/Source/gd32f4xx_dbg.c **** INDIRECT, INCIDENTAL, SPECIAL, EXEMPLARY, OR CONSEQUENTIAL DAMAGES (INCLUDING, BUT
ARM GAS  /tmp/cccxHDH7.s 			page 2


  31:Drivers/GD32_F470_STD_Driver/Source/gd32f4xx_dbg.c **** NOT LIMITED TO, PROCUREMENT OF SUBSTITUTE GOODS OR SERVICES; LOSS OF USE, DATA, OR
  32:Drivers/GD32_F470_STD_Driver/Source/gd32f4xx_dbg.c **** PROFITS; OR BUSINESS INTERRUPTION) HOWEVER CAUSED AND ON ANY THEORY OF LIABILITY,
  33:Drivers/GD32_F470_STD_Driver/Source/gd32f4xx_dbg.c **** WHETHER IN CONTRACT, STRICT LIABILITY, OR TORT (INCLUDING NEGLIGENCE OR OTHERWISE)
  34:Drivers/GD32_F470_STD_Driver/Source/gd32f4xx_dbg.c **** ARISING IN ANY WAY OUT OF THE USE OF THIS SOFTWARE, EVEN IF ADVISED OF THE POSSIBILITY
  35:Drivers/GD32_F470_STD_Driver/Source/gd32f4xx_dbg.c **** OF SUCH DAMAGE.
  36:Drivers/GD32_F470_STD_Driver/Source/gd32f4xx_dbg.c **** */
  37:Drivers/GD32_F470_STD_Driver/Source/gd32f4xx_dbg.c **** 
  38:Drivers/GD32_F470_STD_Driver/Source/gd32f4xx_dbg.c **** #include "gd32f4xx_dbg.h"
  39:Drivers/GD32_F470_STD_Driver/Source/gd32f4xx_dbg.c **** 
  40:Drivers/GD32_F470_STD_Driver/Source/gd32f4xx_dbg.c **** #define DBG_RESET_VAL       0x00000000U
  41:Drivers/GD32_F470_STD_Driver/Source/gd32f4xx_dbg.c **** 
  42:Drivers/GD32_F470_STD_Driver/Source/gd32f4xx_dbg.c **** /*!
  43:Drivers/GD32_F470_STD_Driver/Source/gd32f4xx_dbg.c ****     \brief    deinitialize the DBG
  44:Drivers/GD32_F470_STD_Driver/Source/gd32f4xx_dbg.c ****     \param[in]  none
  45:Drivers/GD32_F470_STD_Driver/Source/gd32f4xx_dbg.c ****     \param[out] none
  46:Drivers/GD32_F470_STD_Driver/Source/gd32f4xx_dbg.c ****     \retval     none
  47:Drivers/GD32_F470_STD_Driver/Source/gd32f4xx_dbg.c **** */
  48:Drivers/GD32_F470_STD_Driver/Source/gd32f4xx_dbg.c **** void dbg_deinit(void)
  49:Drivers/GD32_F470_STD_Driver/Source/gd32f4xx_dbg.c **** {
  29              		.loc 1 49 1 view -0
  30              		.cfi_startproc
  31              		@ args = 0, pretend = 0, frame = 0
  32              		@ frame_needed = 0, uses_anonymous_args = 0
  33              		@ link register save eliminated.
  50:Drivers/GD32_F470_STD_Driver/Source/gd32f4xx_dbg.c ****     DBG_CTL0 = DBG_RESET_VAL;
  34              		.loc 1 50 5 view .LVU1
  35              		.loc 1 50 14 is_stmt 0 view .LVU2
  36 0000 024B     		ldr	r3, .L2
  37 0002 0022     		movs	r2, #0
  38 0004 5A60     		str	r2, [r3, #4]
  51:Drivers/GD32_F470_STD_Driver/Source/gd32f4xx_dbg.c ****     DBG_CTL1 = DBG_RESET_VAL;
  39              		.loc 1 51 5 is_stmt 1 view .LVU3
  40              		.loc 1 51 14 is_stmt 0 view .LVU4
  41 0006 9A60     		str	r2, [r3, #8]
  52:Drivers/GD32_F470_STD_Driver/Source/gd32f4xx_dbg.c **** }
  42              		.loc 1 52 1 view .LVU5
  43 0008 7047     		bx	lr
  44              	.L3:
  45 000a 00BF     		.align	2
  46              	.L2:
  47 000c 002004E0 		.word	-536600576
  48              		.cfi_endproc
  49              	.LFE116:
  51              		.section	.text.dbg_id_get,"ax",%progbits
  52              		.align	1
  53              		.global	dbg_id_get
  54              		.syntax unified
  55              		.thumb
  56              		.thumb_func
  58              	dbg_id_get:
  59              	.LFB117:
  53:Drivers/GD32_F470_STD_Driver/Source/gd32f4xx_dbg.c **** 
  54:Drivers/GD32_F470_STD_Driver/Source/gd32f4xx_dbg.c **** /*!
  55:Drivers/GD32_F470_STD_Driver/Source/gd32f4xx_dbg.c ****     \brief    read DBG_ID code register
  56:Drivers/GD32_F470_STD_Driver/Source/gd32f4xx_dbg.c ****     \param[in]  none
  57:Drivers/GD32_F470_STD_Driver/Source/gd32f4xx_dbg.c ****     \param[out] none
  58:Drivers/GD32_F470_STD_Driver/Source/gd32f4xx_dbg.c ****     \retval     DBG_ID code
ARM GAS  /tmp/cccxHDH7.s 			page 3


  59:Drivers/GD32_F470_STD_Driver/Source/gd32f4xx_dbg.c **** */
  60:Drivers/GD32_F470_STD_Driver/Source/gd32f4xx_dbg.c **** uint32_t dbg_id_get(void)
  61:Drivers/GD32_F470_STD_Driver/Source/gd32f4xx_dbg.c **** {
  60              		.loc 1 61 1 is_stmt 1 view -0
  61              		.cfi_startproc
  62              		@ args = 0, pretend = 0, frame = 0
  63              		@ frame_needed = 0, uses_anonymous_args = 0
  64              		@ link register save eliminated.
  62:Drivers/GD32_F470_STD_Driver/Source/gd32f4xx_dbg.c ****     return DBG_ID;
  65              		.loc 1 62 5 view .LVU7
  66              		.loc 1 62 12 is_stmt 0 view .LVU8
  67 0000 014B     		ldr	r3, .L5
  68 0002 1868     		ldr	r0, [r3]
  63:Drivers/GD32_F470_STD_Driver/Source/gd32f4xx_dbg.c **** }
  69              		.loc 1 63 1 view .LVU9
  70 0004 7047     		bx	lr
  71              	.L6:
  72 0006 00BF     		.align	2
  73              	.L5:
  74 0008 002004E0 		.word	-536600576
  75              		.cfi_endproc
  76              	.LFE117:
  78              		.section	.text.dbg_low_power_enable,"ax",%progbits
  79              		.align	1
  80              		.global	dbg_low_power_enable
  81              		.syntax unified
  82              		.thumb
  83              		.thumb_func
  85              	dbg_low_power_enable:
  86              	.LVL0:
  87              	.LFB118:
  64:Drivers/GD32_F470_STD_Driver/Source/gd32f4xx_dbg.c **** 
  65:Drivers/GD32_F470_STD_Driver/Source/gd32f4xx_dbg.c **** /*!
  66:Drivers/GD32_F470_STD_Driver/Source/gd32f4xx_dbg.c ****     \brief    enable low power behavior when the mcu is in debug mode
  67:Drivers/GD32_F470_STD_Driver/Source/gd32f4xx_dbg.c ****     \param[in]  dbg_low_power:
  68:Drivers/GD32_F470_STD_Driver/Source/gd32f4xx_dbg.c ****                 this parameter can be any combination of the following values:
  69:Drivers/GD32_F470_STD_Driver/Source/gd32f4xx_dbg.c ****       \arg        DBG_LOW_POWER_SLEEP: keep debugger connection during sleep mode
  70:Drivers/GD32_F470_STD_Driver/Source/gd32f4xx_dbg.c ****       \arg        DBG_LOW_POWER_DEEPSLEEP: keep debugger connection during deepsleep mode
  71:Drivers/GD32_F470_STD_Driver/Source/gd32f4xx_dbg.c ****       \arg        DBG_LOW_POWER_STANDBY: keep debugger connection during standby mode
  72:Drivers/GD32_F470_STD_Driver/Source/gd32f4xx_dbg.c ****     \param[out] none
  73:Drivers/GD32_F470_STD_Driver/Source/gd32f4xx_dbg.c ****     \retval     none
  74:Drivers/GD32_F470_STD_Driver/Source/gd32f4xx_dbg.c **** */
  75:Drivers/GD32_F470_STD_Driver/Source/gd32f4xx_dbg.c **** void dbg_low_power_enable(uint32_t dbg_low_power)
  76:Drivers/GD32_F470_STD_Driver/Source/gd32f4xx_dbg.c **** {
  88              		.loc 1 76 1 is_stmt 1 view -0
  89              		.cfi_startproc
  90              		@ args = 0, pretend = 0, frame = 0
  91              		@ frame_needed = 0, uses_anonymous_args = 0
  92              		@ link register save eliminated.
  77:Drivers/GD32_F470_STD_Driver/Source/gd32f4xx_dbg.c ****     DBG_CTL0 |= dbg_low_power;
  93              		.loc 1 77 5 view .LVU11
  94              		.loc 1 77 14 is_stmt 0 view .LVU12
  95 0000 024A     		ldr	r2, .L8
  96 0002 5368     		ldr	r3, [r2, #4]
  97 0004 0343     		orrs	r3, r3, r0
  98 0006 5360     		str	r3, [r2, #4]
  78:Drivers/GD32_F470_STD_Driver/Source/gd32f4xx_dbg.c **** }
ARM GAS  /tmp/cccxHDH7.s 			page 4


  99              		.loc 1 78 1 view .LVU13
 100 0008 7047     		bx	lr
 101              	.L9:
 102 000a 00BF     		.align	2
 103              	.L8:
 104 000c 002004E0 		.word	-536600576
 105              		.cfi_endproc
 106              	.LFE118:
 108              		.section	.text.dbg_low_power_disable,"ax",%progbits
 109              		.align	1
 110              		.global	dbg_low_power_disable
 111              		.syntax unified
 112              		.thumb
 113              		.thumb_func
 115              	dbg_low_power_disable:
 116              	.LVL1:
 117              	.LFB119:
  79:Drivers/GD32_F470_STD_Driver/Source/gd32f4xx_dbg.c **** 
  80:Drivers/GD32_F470_STD_Driver/Source/gd32f4xx_dbg.c **** /*!
  81:Drivers/GD32_F470_STD_Driver/Source/gd32f4xx_dbg.c ****     \brief    disable low power behavior when the mcu is in debug mode
  82:Drivers/GD32_F470_STD_Driver/Source/gd32f4xx_dbg.c ****     \param[in]  dbg_low_power:
  83:Drivers/GD32_F470_STD_Driver/Source/gd32f4xx_dbg.c ****                 this parameter can be any combination of the following values:
  84:Drivers/GD32_F470_STD_Driver/Source/gd32f4xx_dbg.c ****       \arg        DBG_LOW_POWER_SLEEP: donot keep debugger connection during sleep mode
  85:Drivers/GD32_F470_STD_Driver/Source/gd32f4xx_dbg.c ****       \arg        DBG_LOW_POWER_DEEPSLEEP: donot keep debugger connection during deepsleep mode
  86:Drivers/GD32_F470_STD_Driver/Source/gd32f4xx_dbg.c ****       \arg        DBG_LOW_POWER_STANDBY: donot keep debugger connection during standby mode
  87:Drivers/GD32_F470_STD_Driver/Source/gd32f4xx_dbg.c ****     \param[out] none
  88:Drivers/GD32_F470_STD_Driver/Source/gd32f4xx_dbg.c ****     \retval     none
  89:Drivers/GD32_F470_STD_Driver/Source/gd32f4xx_dbg.c **** */
  90:Drivers/GD32_F470_STD_Driver/Source/gd32f4xx_dbg.c **** void dbg_low_power_disable(uint32_t dbg_low_power)
  91:Drivers/GD32_F470_STD_Driver/Source/gd32f4xx_dbg.c **** {
 118              		.loc 1 91 1 is_stmt 1 view -0
 119              		.cfi_startproc
 120              		@ args = 0, pretend = 0, frame = 0
 121              		@ frame_needed = 0, uses_anonymous_args = 0
 122              		@ link register save eliminated.
  92:Drivers/GD32_F470_STD_Driver/Source/gd32f4xx_dbg.c ****     DBG_CTL0 &= ~dbg_low_power;
 123              		.loc 1 92 5 view .LVU15
 124              		.loc 1 92 14 is_stmt 0 view .LVU16
 125 0000 024A     		ldr	r2, .L11
 126 0002 5368     		ldr	r3, [r2, #4]
 127 0004 23EA0003 		bic	r3, r3, r0
 128 0008 5360     		str	r3, [r2, #4]
  93:Drivers/GD32_F470_STD_Driver/Source/gd32f4xx_dbg.c **** }
 129              		.loc 1 93 1 view .LVU17
 130 000a 7047     		bx	lr
 131              	.L12:
 132              		.align	2
 133              	.L11:
 134 000c 002004E0 		.word	-536600576
 135              		.cfi_endproc
 136              	.LFE119:
 138              		.section	.text.dbg_periph_enable,"ax",%progbits
 139              		.align	1
 140              		.global	dbg_periph_enable
 141              		.syntax unified
 142              		.thumb
 143              		.thumb_func
ARM GAS  /tmp/cccxHDH7.s 			page 5


 145              	dbg_periph_enable:
 146              	.LVL2:
 147              	.LFB120:
  94:Drivers/GD32_F470_STD_Driver/Source/gd32f4xx_dbg.c **** 
  95:Drivers/GD32_F470_STD_Driver/Source/gd32f4xx_dbg.c **** /*!
  96:Drivers/GD32_F470_STD_Driver/Source/gd32f4xx_dbg.c ****     \brief    enable peripheral behavior when the mcu is in debug mode
  97:Drivers/GD32_F470_STD_Driver/Source/gd32f4xx_dbg.c ****     \param[in]  dbg_periph: dbg_periph_enum
  98:Drivers/GD32_F470_STD_Driver/Source/gd32f4xx_dbg.c ****                 only one parameter can be selected which is shown as below:
  99:Drivers/GD32_F470_STD_Driver/Source/gd32f4xx_dbg.c ****       \arg        DBG_TIMER1_HOLD: hold TIMER1 counter when core is halted
 100:Drivers/GD32_F470_STD_Driver/Source/gd32f4xx_dbg.c ****       \arg        DBG_TIMER2_HOLD: hold TIMER2 counter when core is halted
 101:Drivers/GD32_F470_STD_Driver/Source/gd32f4xx_dbg.c ****       \arg        DBG_TIMER3_HOLD: hold TIMER3 counter when core is halted
 102:Drivers/GD32_F470_STD_Driver/Source/gd32f4xx_dbg.c ****       \arg        DBG_TIMER4_HOLD: hold TIMER4 counter when core is halted
 103:Drivers/GD32_F470_STD_Driver/Source/gd32f4xx_dbg.c ****       \arg        DBG_TIMER5_HOLD: hold TIMER5 counter when core is halted
 104:Drivers/GD32_F470_STD_Driver/Source/gd32f4xx_dbg.c ****       \arg        DBG_TIMER6_HOLD: hold TIMER6 counter when core is halted
 105:Drivers/GD32_F470_STD_Driver/Source/gd32f4xx_dbg.c ****       \arg        DBG_TIMER11_HOLD: hold TIMER11 counter when core is halted
 106:Drivers/GD32_F470_STD_Driver/Source/gd32f4xx_dbg.c ****       \arg        DBG_TIMER12_HOLD: hold TIMER12 counter when core is halted
 107:Drivers/GD32_F470_STD_Driver/Source/gd32f4xx_dbg.c ****       \arg        DBG_TIMER13_HOLD: hold TIMER13 counter when core is halted
 108:Drivers/GD32_F470_STD_Driver/Source/gd32f4xx_dbg.c ****       \arg        DBG_RTC_HOLD: hold RTC calendar and wakeup counter when core is halted
 109:Drivers/GD32_F470_STD_Driver/Source/gd32f4xx_dbg.c ****       \arg        DBG_WWDGT_HOLD: debug WWDGT kept when core is halted
 110:Drivers/GD32_F470_STD_Driver/Source/gd32f4xx_dbg.c ****       \arg        DBG_FWDGT_HOLD: debug FWDGT kept when core is halted
 111:Drivers/GD32_F470_STD_Driver/Source/gd32f4xx_dbg.c ****       \arg        DBG_I2C0_HOLD: hold I2C0 smbus when core is halted
 112:Drivers/GD32_F470_STD_Driver/Source/gd32f4xx_dbg.c ****       \arg        DBG_I2C1_HOLD: hold I2C1 smbus when core is halted
 113:Drivers/GD32_F470_STD_Driver/Source/gd32f4xx_dbg.c ****       \arg        DBG_I2C2_HOLD: hold I2C2 smbus when core is halted
 114:Drivers/GD32_F470_STD_Driver/Source/gd32f4xx_dbg.c ****       \arg        DBG_CAN0_HOLD: debug CAN0 kept when core is halted
 115:Drivers/GD32_F470_STD_Driver/Source/gd32f4xx_dbg.c ****       \arg        DBG_CAN1_HOLD: debug CAN1 kept when core is halted
 116:Drivers/GD32_F470_STD_Driver/Source/gd32f4xx_dbg.c ****       \arg        DBG_TIMER0_HOLD: hold TIMER0 counter when core is halted
 117:Drivers/GD32_F470_STD_Driver/Source/gd32f4xx_dbg.c ****       \arg        DBG_TIMER7_HOLD: hold TIMER7 counter when core is halted
 118:Drivers/GD32_F470_STD_Driver/Source/gd32f4xx_dbg.c ****       \arg        DBG_TIMER8_HOLD: hold TIMER8 counter when core is halted
 119:Drivers/GD32_F470_STD_Driver/Source/gd32f4xx_dbg.c ****       \arg        DBG_TIMER9_HOLD: hold TIMER9 counter when core is halted
 120:Drivers/GD32_F470_STD_Driver/Source/gd32f4xx_dbg.c ****       \arg        DBG_TIMER10_HOLD: hold TIMER10 counter when core is halted
 121:Drivers/GD32_F470_STD_Driver/Source/gd32f4xx_dbg.c ****     \retval     none
 122:Drivers/GD32_F470_STD_Driver/Source/gd32f4xx_dbg.c **** */
 123:Drivers/GD32_F470_STD_Driver/Source/gd32f4xx_dbg.c **** void dbg_periph_enable(dbg_periph_enum dbg_periph)
 124:Drivers/GD32_F470_STD_Driver/Source/gd32f4xx_dbg.c **** {
 148              		.loc 1 124 1 is_stmt 1 view -0
 149              		.cfi_startproc
 150              		@ args = 0, pretend = 0, frame = 0
 151              		@ frame_needed = 0, uses_anonymous_args = 0
 152              		@ link register save eliminated.
 125:Drivers/GD32_F470_STD_Driver/Source/gd32f4xx_dbg.c ****     DBG_REG_VAL(dbg_periph) |= BIT(DBG_BIT_POS(dbg_periph));
 153              		.loc 1 125 5 view .LVU19
 154              		.loc 1 125 29 is_stmt 0 view .LVU20
 155 0000 8309     		lsrs	r3, r0, #6
 156 0002 03F16043 		add	r3, r3, #-536870912
 157 0006 03F58423 		add	r3, r3, #270336
 158 000a 1A68     		ldr	r2, [r3]
 159              		.loc 1 125 32 view .LVU21
 160 000c 00F01F00 		and	r0, r0, #31
 161              	.LVL3:
 162              		.loc 1 125 32 view .LVU22
 163 0010 0121     		movs	r1, #1
 164 0012 01FA00F0 		lsl	r0, r1, r0
 165              		.loc 1 125 29 view .LVU23
 166 0016 1043     		orrs	r0, r0, r2
 167 0018 1860     		str	r0, [r3]
 126:Drivers/GD32_F470_STD_Driver/Source/gd32f4xx_dbg.c **** }
 168              		.loc 1 126 1 view .LVU24
ARM GAS  /tmp/cccxHDH7.s 			page 6


 169 001a 7047     		bx	lr
 170              		.cfi_endproc
 171              	.LFE120:
 173              		.section	.text.dbg_periph_disable,"ax",%progbits
 174              		.align	1
 175              		.global	dbg_periph_disable
 176              		.syntax unified
 177              		.thumb
 178              		.thumb_func
 180              	dbg_periph_disable:
 181              	.LVL4:
 182              	.LFB121:
 127:Drivers/GD32_F470_STD_Driver/Source/gd32f4xx_dbg.c **** 
 128:Drivers/GD32_F470_STD_Driver/Source/gd32f4xx_dbg.c **** /*!
 129:Drivers/GD32_F470_STD_Driver/Source/gd32f4xx_dbg.c ****     \brief    disable peripheral behavior when the mcu is in debug mode
 130:Drivers/GD32_F470_STD_Driver/Source/gd32f4xx_dbg.c ****     \param[in]  dbg_periph: dbg_periph_enum
 131:Drivers/GD32_F470_STD_Driver/Source/gd32f4xx_dbg.c ****                 only one parameter can be selected which is shown as below:
 132:Drivers/GD32_F470_STD_Driver/Source/gd32f4xx_dbg.c ****       \arg        DBG_TIMER1_HOLD: hold TIMER1 counter when core is halted
 133:Drivers/GD32_F470_STD_Driver/Source/gd32f4xx_dbg.c ****       \arg        DBG_TIMER2_HOLD: hold TIMER2 counter when core is halted
 134:Drivers/GD32_F470_STD_Driver/Source/gd32f4xx_dbg.c ****       \arg        DBG_TIMER3_HOLD: hold TIMER3 counter when core is halted
 135:Drivers/GD32_F470_STD_Driver/Source/gd32f4xx_dbg.c ****       \arg        DBG_TIMER4_HOLD: hold TIMER4 counter when core is halted
 136:Drivers/GD32_F470_STD_Driver/Source/gd32f4xx_dbg.c ****       \arg        DBG_TIMER5_HOLD: hold TIMER5 counter when core is halted
 137:Drivers/GD32_F470_STD_Driver/Source/gd32f4xx_dbg.c ****       \arg        DBG_TIMER6_HOLD: hold TIMER6 counter when core is halted
 138:Drivers/GD32_F470_STD_Driver/Source/gd32f4xx_dbg.c ****       \arg        DBG_TIMER11_HOLD: hold TIMER11 counter when core is halted
 139:Drivers/GD32_F470_STD_Driver/Source/gd32f4xx_dbg.c ****       \arg        DBG_TIMER12_HOLD: hold TIMER12 counter when core is halted
 140:Drivers/GD32_F470_STD_Driver/Source/gd32f4xx_dbg.c ****       \arg        DBG_TIMER13_HOLD: hold TIMER13 counter when core is halted
 141:Drivers/GD32_F470_STD_Driver/Source/gd32f4xx_dbg.c ****       \arg        DBG_RTC_HOLD: hold RTC calendar and wakeup counter when core is halted
 142:Drivers/GD32_F470_STD_Driver/Source/gd32f4xx_dbg.c ****       \arg        DBG_WWDGT_HOLD: debug WWDGT kept when core is halted
 143:Drivers/GD32_F470_STD_Driver/Source/gd32f4xx_dbg.c ****       \arg        DBG_FWDGT_HOLD: debug FWDGT kept when core is halted
 144:Drivers/GD32_F470_STD_Driver/Source/gd32f4xx_dbg.c ****       \arg        DBG_I2C0_HOLD: hold I2C0 smbus when core is halted
 145:Drivers/GD32_F470_STD_Driver/Source/gd32f4xx_dbg.c ****       \arg        DBG_I2C1_HOLD: hold I2C1 smbus when core is halted
 146:Drivers/GD32_F470_STD_Driver/Source/gd32f4xx_dbg.c ****       \arg        DBG_I2C2_HOLD: hold I2C2 smbus when core is halted
 147:Drivers/GD32_F470_STD_Driver/Source/gd32f4xx_dbg.c ****       \arg        DBG_CAN0_HOLD: debug CAN0 kept when core is halted
 148:Drivers/GD32_F470_STD_Driver/Source/gd32f4xx_dbg.c ****       \arg        DBG_CAN1_HOLD: debug CAN1 kept when core is halted
 149:Drivers/GD32_F470_STD_Driver/Source/gd32f4xx_dbg.c ****       \arg        DBG_TIMER0_HOLD: hold TIMER0 counter when core is halted
 150:Drivers/GD32_F470_STD_Driver/Source/gd32f4xx_dbg.c ****       \arg        DBG_TIMER7_HOLD: hold TIMER7 counter when core is halted
 151:Drivers/GD32_F470_STD_Driver/Source/gd32f4xx_dbg.c ****       \arg        DBG_TIMER8_HOLD: hold TIMER8 counter when core is halted
 152:Drivers/GD32_F470_STD_Driver/Source/gd32f4xx_dbg.c ****       \arg        DBG_TIMER9_HOLD: hold TIMER9 counter when core is halted
 153:Drivers/GD32_F470_STD_Driver/Source/gd32f4xx_dbg.c ****       \arg        DBG_TIMER10_HOLD: hold TIMER10 counter when core is halted
 154:Drivers/GD32_F470_STD_Driver/Source/gd32f4xx_dbg.c ****     \param[out] none
 155:Drivers/GD32_F470_STD_Driver/Source/gd32f4xx_dbg.c ****     \retval     none
 156:Drivers/GD32_F470_STD_Driver/Source/gd32f4xx_dbg.c **** */
 157:Drivers/GD32_F470_STD_Driver/Source/gd32f4xx_dbg.c **** void dbg_periph_disable(dbg_periph_enum dbg_periph)
 158:Drivers/GD32_F470_STD_Driver/Source/gd32f4xx_dbg.c **** {
 183              		.loc 1 158 1 is_stmt 1 view -0
 184              		.cfi_startproc
 185              		@ args = 0, pretend = 0, frame = 0
 186              		@ frame_needed = 0, uses_anonymous_args = 0
 187              		@ link register save eliminated.
 159:Drivers/GD32_F470_STD_Driver/Source/gd32f4xx_dbg.c ****     DBG_REG_VAL(dbg_periph) &= ~BIT(DBG_BIT_POS(dbg_periph));
 188              		.loc 1 159 5 view .LVU26
 189              		.loc 1 159 29 is_stmt 0 view .LVU27
 190 0000 8309     		lsrs	r3, r0, #6
 191 0002 03F16043 		add	r3, r3, #-536870912
 192 0006 03F58423 		add	r3, r3, #270336
 193 000a 1A68     		ldr	r2, [r3]
 194              		.loc 1 159 33 view .LVU28
ARM GAS  /tmp/cccxHDH7.s 			page 7


 195 000c 00F01F00 		and	r0, r0, #31
 196              	.LVL5:
 197              		.loc 1 159 33 view .LVU29
 198 0010 0121     		movs	r1, #1
 199 0012 01FA00F0 		lsl	r0, r1, r0
 200              		.loc 1 159 29 view .LVU30
 201 0016 22EA0000 		bic	r0, r2, r0
 202 001a 1860     		str	r0, [r3]
 160:Drivers/GD32_F470_STD_Driver/Source/gd32f4xx_dbg.c **** }
 203              		.loc 1 160 1 view .LVU31
 204 001c 7047     		bx	lr
 205              		.cfi_endproc
 206              	.LFE121:
 208              		.section	.text.dbg_trace_pin_enable,"ax",%progbits
 209              		.align	1
 210              		.global	dbg_trace_pin_enable
 211              		.syntax unified
 212              		.thumb
 213              		.thumb_func
 215              	dbg_trace_pin_enable:
 216              	.LFB122:
 161:Drivers/GD32_F470_STD_Driver/Source/gd32f4xx_dbg.c **** 
 162:Drivers/GD32_F470_STD_Driver/Source/gd32f4xx_dbg.c **** /*!
 163:Drivers/GD32_F470_STD_Driver/Source/gd32f4xx_dbg.c ****     \brief    enable trace pin assignment
 164:Drivers/GD32_F470_STD_Driver/Source/gd32f4xx_dbg.c ****     \param[in]  none
 165:Drivers/GD32_F470_STD_Driver/Source/gd32f4xx_dbg.c ****     \param[out] none
 166:Drivers/GD32_F470_STD_Driver/Source/gd32f4xx_dbg.c ****     \retval     none
 167:Drivers/GD32_F470_STD_Driver/Source/gd32f4xx_dbg.c **** */
 168:Drivers/GD32_F470_STD_Driver/Source/gd32f4xx_dbg.c **** void dbg_trace_pin_enable(void)
 169:Drivers/GD32_F470_STD_Driver/Source/gd32f4xx_dbg.c **** {
 217              		.loc 1 169 1 is_stmt 1 view -0
 218              		.cfi_startproc
 219              		@ args = 0, pretend = 0, frame = 0
 220              		@ frame_needed = 0, uses_anonymous_args = 0
 221              		@ link register save eliminated.
 170:Drivers/GD32_F470_STD_Driver/Source/gd32f4xx_dbg.c ****     DBG_CTL0 |= DBG_CTL0_TRACE_IOEN;
 222              		.loc 1 170 5 view .LVU33
 223              		.loc 1 170 14 is_stmt 0 view .LVU34
 224 0000 024A     		ldr	r2, .L16
 225 0002 5368     		ldr	r3, [r2, #4]
 226 0004 43F02003 		orr	r3, r3, #32
 227 0008 5360     		str	r3, [r2, #4]
 171:Drivers/GD32_F470_STD_Driver/Source/gd32f4xx_dbg.c **** }
 228              		.loc 1 171 1 view .LVU35
 229 000a 7047     		bx	lr
 230              	.L17:
 231              		.align	2
 232              	.L16:
 233 000c 002004E0 		.word	-536600576
 234              		.cfi_endproc
 235              	.LFE122:
 237              		.section	.text.dbg_trace_pin_disable,"ax",%progbits
 238              		.align	1
 239              		.global	dbg_trace_pin_disable
 240              		.syntax unified
 241              		.thumb
 242              		.thumb_func
ARM GAS  /tmp/cccxHDH7.s 			page 8


 244              	dbg_trace_pin_disable:
 245              	.LFB123:
 172:Drivers/GD32_F470_STD_Driver/Source/gd32f4xx_dbg.c **** 
 173:Drivers/GD32_F470_STD_Driver/Source/gd32f4xx_dbg.c **** /*!
 174:Drivers/GD32_F470_STD_Driver/Source/gd32f4xx_dbg.c ****     \brief    disable trace pin assignment
 175:Drivers/GD32_F470_STD_Driver/Source/gd32f4xx_dbg.c ****     \param[in]  none
 176:Drivers/GD32_F470_STD_Driver/Source/gd32f4xx_dbg.c ****     \param[out] none
 177:Drivers/GD32_F470_STD_Driver/Source/gd32f4xx_dbg.c ****     \retval     none
 178:Drivers/GD32_F470_STD_Driver/Source/gd32f4xx_dbg.c **** */
 179:Drivers/GD32_F470_STD_Driver/Source/gd32f4xx_dbg.c **** void dbg_trace_pin_disable(void)
 180:Drivers/GD32_F470_STD_Driver/Source/gd32f4xx_dbg.c **** {
 246              		.loc 1 180 1 is_stmt 1 view -0
 247              		.cfi_startproc
 248              		@ args = 0, pretend = 0, frame = 0
 249              		@ frame_needed = 0, uses_anonymous_args = 0
 250              		@ link register save eliminated.
 181:Drivers/GD32_F470_STD_Driver/Source/gd32f4xx_dbg.c ****     DBG_CTL0 &= ~DBG_CTL0_TRACE_IOEN;
 251              		.loc 1 181 5 view .LVU37
 252              		.loc 1 181 14 is_stmt 0 view .LVU38
 253 0000 024A     		ldr	r2, .L19
 254 0002 5368     		ldr	r3, [r2, #4]
 255 0004 23F02003 		bic	r3, r3, #32
 256 0008 5360     		str	r3, [r2, #4]
 182:Drivers/GD32_F470_STD_Driver/Source/gd32f4xx_dbg.c **** }
 257              		.loc 1 182 1 view .LVU39
 258 000a 7047     		bx	lr
 259              	.L20:
 260              		.align	2
 261              	.L19:
 262 000c 002004E0 		.word	-536600576
 263              		.cfi_endproc
 264              	.LFE123:
 266              		.text
 267              	.Letext0:
 268              		.file 2 "/home/funtime/arm_gcc/gcc-arm-none-eabi-10.3-2021.10/arm-none-eabi/include/machine/_defau
 269              		.file 3 "/home/funtime/arm_gcc/gcc-arm-none-eabi-10.3-2021.10/arm-none-eabi/include/sys/_stdint.h"
 270              		.file 4 "Drivers/GD32_F470_STD_Driver/Include/gd32f4xx_dbg.h"
ARM GAS  /tmp/cccxHDH7.s 			page 9


DEFINED SYMBOLS
                            *ABS*:0000000000000000 gd32f4xx_dbg.c
     /tmp/cccxHDH7.s:20     .text.dbg_deinit:0000000000000000 $t
     /tmp/cccxHDH7.s:26     .text.dbg_deinit:0000000000000000 dbg_deinit
     /tmp/cccxHDH7.s:47     .text.dbg_deinit:000000000000000c $d
     /tmp/cccxHDH7.s:52     .text.dbg_id_get:0000000000000000 $t
     /tmp/cccxHDH7.s:58     .text.dbg_id_get:0000000000000000 dbg_id_get
     /tmp/cccxHDH7.s:74     .text.dbg_id_get:0000000000000008 $d
     /tmp/cccxHDH7.s:79     .text.dbg_low_power_enable:0000000000000000 $t
     /tmp/cccxHDH7.s:85     .text.dbg_low_power_enable:0000000000000000 dbg_low_power_enable
     /tmp/cccxHDH7.s:104    .text.dbg_low_power_enable:000000000000000c $d
     /tmp/cccxHDH7.s:109    .text.dbg_low_power_disable:0000000000000000 $t
     /tmp/cccxHDH7.s:115    .text.dbg_low_power_disable:0000000000000000 dbg_low_power_disable
     /tmp/cccxHDH7.s:134    .text.dbg_low_power_disable:000000000000000c $d
     /tmp/cccxHDH7.s:139    .text.dbg_periph_enable:0000000000000000 $t
     /tmp/cccxHDH7.s:145    .text.dbg_periph_enable:0000000000000000 dbg_periph_enable
     /tmp/cccxHDH7.s:174    .text.dbg_periph_disable:0000000000000000 $t
     /tmp/cccxHDH7.s:180    .text.dbg_periph_disable:0000000000000000 dbg_periph_disable
     /tmp/cccxHDH7.s:209    .text.dbg_trace_pin_enable:0000000000000000 $t
     /tmp/cccxHDH7.s:215    .text.dbg_trace_pin_enable:0000000000000000 dbg_trace_pin_enable
     /tmp/cccxHDH7.s:233    .text.dbg_trace_pin_enable:000000000000000c $d
     /tmp/cccxHDH7.s:238    .text.dbg_trace_pin_disable:0000000000000000 $t
     /tmp/cccxHDH7.s:244    .text.dbg_trace_pin_disable:0000000000000000 dbg_trace_pin_disable
     /tmp/cccxHDH7.s:262    .text.dbg_trace_pin_disable:000000000000000c $d

NO UNDEFINED SYMBOLS
