ARM GAS  /tmp/ccUq8V7q.s 			page 1


   1              		.cpu cortex-m4
   2              		.arch armv7e-m
   3              		.fpu fpv4-sp-d16
   4              		.eabi_attribute 27, 1
   5              		.eabi_attribute 28, 1
   6              		.eabi_attribute 20, 1
   7              		.eabi_attribute 21, 1
   8              		.eabi_attribute 23, 3
   9              		.eabi_attribute 24, 1
  10              		.eabi_attribute 25, 1
  11              		.eabi_attribute 26, 1
  12              		.eabi_attribute 30, 1
  13              		.eabi_attribute 34, 1
  14              		.eabi_attribute 18, 4
  15              		.file	"gd32f4xx_trng.c"
  16              		.text
  17              	.Ltext0:
  18              		.cfi_sections	.debug_frame
  19              		.section	.text.trng_deinit,"ax",%progbits
  20              		.align	1
  21              		.global	trng_deinit
  22              		.syntax unified
  23              		.thumb
  24              		.thumb_func
  26              	trng_deinit:
  27              	.LFB116:
  28              		.file 1 "Drivers/GD32_F470_STD_Driver/Source/gd32f4xx_trng.c"
   1:Drivers/GD32_F470_STD_Driver/Source/gd32f4xx_trng.c **** /*!
   2:Drivers/GD32_F470_STD_Driver/Source/gd32f4xx_trng.c ****     \file    gd32f4xx_trng.c
   3:Drivers/GD32_F470_STD_Driver/Source/gd32f4xx_trng.c ****     \brief   TRNG driver
   4:Drivers/GD32_F470_STD_Driver/Source/gd32f4xx_trng.c **** 
   5:Drivers/GD32_F470_STD_Driver/Source/gd32f4xx_trng.c ****     \version 2016-08-15, V1.0.0, firmware for GD32F4xx
   6:Drivers/GD32_F470_STD_Driver/Source/gd32f4xx_trng.c ****     \version 2018-12-12, V2.0.0, firmware for GD32F4xx
   7:Drivers/GD32_F470_STD_Driver/Source/gd32f4xx_trng.c ****     \version 2020-09-30, V2.1.0, firmware for GD32F4xx
   8:Drivers/GD32_F470_STD_Driver/Source/gd32f4xx_trng.c ****     \version 2022-03-09, V3.0.0, firmware for GD32F4xx
   9:Drivers/GD32_F470_STD_Driver/Source/gd32f4xx_trng.c **** */
  10:Drivers/GD32_F470_STD_Driver/Source/gd32f4xx_trng.c **** 
  11:Drivers/GD32_F470_STD_Driver/Source/gd32f4xx_trng.c **** /*
  12:Drivers/GD32_F470_STD_Driver/Source/gd32f4xx_trng.c ****     Copyright (c) 2022, GigaDevice Semiconductor Inc.
  13:Drivers/GD32_F470_STD_Driver/Source/gd32f4xx_trng.c **** 
  14:Drivers/GD32_F470_STD_Driver/Source/gd32f4xx_trng.c ****     Redistribution and use in source and binary forms, with or without modification,
  15:Drivers/GD32_F470_STD_Driver/Source/gd32f4xx_trng.c **** are permitted provided that the following conditions are met:
  16:Drivers/GD32_F470_STD_Driver/Source/gd32f4xx_trng.c **** 
  17:Drivers/GD32_F470_STD_Driver/Source/gd32f4xx_trng.c ****     1. Redistributions of source code must retain the above copyright notice, this
  18:Drivers/GD32_F470_STD_Driver/Source/gd32f4xx_trng.c ****        list of conditions and the following disclaimer.
  19:Drivers/GD32_F470_STD_Driver/Source/gd32f4xx_trng.c ****     2. Redistributions in binary form must reproduce the above copyright notice,
  20:Drivers/GD32_F470_STD_Driver/Source/gd32f4xx_trng.c ****        this list of conditions and the following disclaimer in the documentation
  21:Drivers/GD32_F470_STD_Driver/Source/gd32f4xx_trng.c ****        and/or other materials provided with the distribution.
  22:Drivers/GD32_F470_STD_Driver/Source/gd32f4xx_trng.c ****     3. Neither the name of the copyright holder nor the names of its contributors
  23:Drivers/GD32_F470_STD_Driver/Source/gd32f4xx_trng.c ****        may be used to endorse or promote products derived from this software without
  24:Drivers/GD32_F470_STD_Driver/Source/gd32f4xx_trng.c ****        specific prior written permission.
  25:Drivers/GD32_F470_STD_Driver/Source/gd32f4xx_trng.c **** 
  26:Drivers/GD32_F470_STD_Driver/Source/gd32f4xx_trng.c ****     THIS SOFTWARE IS PROVIDED BY THE COPYRIGHT HOLDERS AND CONTRIBUTORS "AS IS"
  27:Drivers/GD32_F470_STD_Driver/Source/gd32f4xx_trng.c **** AND ANY EXPRESS OR IMPLIED WARRANTIES, INCLUDING, BUT NOT LIMITED TO, THE IMPLIED
  28:Drivers/GD32_F470_STD_Driver/Source/gd32f4xx_trng.c **** WARRANTIES OF MERCHANTABILITY AND FITNESS FOR A PARTICULAR PURPOSE ARE DISCLAIMED.
  29:Drivers/GD32_F470_STD_Driver/Source/gd32f4xx_trng.c **** IN NO EVENT SHALL THE COPYRIGHT HOLDER OR CONTRIBUTORS BE LIABLE FOR ANY DIRECT,
  30:Drivers/GD32_F470_STD_Driver/Source/gd32f4xx_trng.c **** INDIRECT, INCIDENTAL, SPECIAL, EXEMPLARY, OR CONSEQUENTIAL DAMAGES (INCLUDING, BUT
ARM GAS  /tmp/ccUq8V7q.s 			page 2


  31:Drivers/GD32_F470_STD_Driver/Source/gd32f4xx_trng.c **** NOT LIMITED TO, PROCUREMENT OF SUBSTITUTE GOODS OR SERVICES; LOSS OF USE, DATA, OR
  32:Drivers/GD32_F470_STD_Driver/Source/gd32f4xx_trng.c **** PROFITS; OR BUSINESS INTERRUPTION) HOWEVER CAUSED AND ON ANY THEORY OF LIABILITY,
  33:Drivers/GD32_F470_STD_Driver/Source/gd32f4xx_trng.c **** WHETHER IN CONTRACT, STRICT LIABILITY, OR TORT (INCLUDING NEGLIGENCE OR OTHERWISE)
  34:Drivers/GD32_F470_STD_Driver/Source/gd32f4xx_trng.c **** ARISING IN ANY WAY OUT OF THE USE OF THIS SOFTWARE, EVEN IF ADVISED OF THE POSSIBILITY
  35:Drivers/GD32_F470_STD_Driver/Source/gd32f4xx_trng.c **** OF SUCH DAMAGE.
  36:Drivers/GD32_F470_STD_Driver/Source/gd32f4xx_trng.c **** */
  37:Drivers/GD32_F470_STD_Driver/Source/gd32f4xx_trng.c **** 
  38:Drivers/GD32_F470_STD_Driver/Source/gd32f4xx_trng.c **** #include "gd32f4xx_trng.h"
  39:Drivers/GD32_F470_STD_Driver/Source/gd32f4xx_trng.c **** 
  40:Drivers/GD32_F470_STD_Driver/Source/gd32f4xx_trng.c **** /*!
  41:Drivers/GD32_F470_STD_Driver/Source/gd32f4xx_trng.c ****     \brief      reset TRNG
  42:Drivers/GD32_F470_STD_Driver/Source/gd32f4xx_trng.c ****     \param[in]  none
  43:Drivers/GD32_F470_STD_Driver/Source/gd32f4xx_trng.c ****     \param[out] none
  44:Drivers/GD32_F470_STD_Driver/Source/gd32f4xx_trng.c ****     \retval     none
  45:Drivers/GD32_F470_STD_Driver/Source/gd32f4xx_trng.c **** */
  46:Drivers/GD32_F470_STD_Driver/Source/gd32f4xx_trng.c **** void trng_deinit(void)
  47:Drivers/GD32_F470_STD_Driver/Source/gd32f4xx_trng.c **** {
  29              		.loc 1 47 1 view -0
  30              		.cfi_startproc
  31              		@ args = 0, pretend = 0, frame = 0
  32              		@ frame_needed = 0, uses_anonymous_args = 0
  33 0000 08B5     		push	{r3, lr}
  34              	.LCFI0:
  35              		.cfi_def_cfa_offset 8
  36              		.cfi_offset 3, -8
  37              		.cfi_offset 14, -4
  48:Drivers/GD32_F470_STD_Driver/Source/gd32f4xx_trng.c ****     rcu_periph_reset_enable(RCU_TRNGRST);
  38              		.loc 1 48 5 view .LVU1
  39 0002 40F20650 		movw	r0, #1286
  40 0006 FFF7FEFF 		bl	rcu_periph_reset_enable
  41              	.LVL0:
  49:Drivers/GD32_F470_STD_Driver/Source/gd32f4xx_trng.c ****     rcu_periph_reset_disable(RCU_TRNGRST);
  42              		.loc 1 49 5 view .LVU2
  43 000a 40F20650 		movw	r0, #1286
  44 000e FFF7FEFF 		bl	rcu_periph_reset_disable
  45              	.LVL1:
  50:Drivers/GD32_F470_STD_Driver/Source/gd32f4xx_trng.c **** }
  46              		.loc 1 50 1 is_stmt 0 view .LVU3
  47 0012 08BD     		pop	{r3, pc}
  48              		.cfi_endproc
  49              	.LFE116:
  51              		.section	.text.trng_enable,"ax",%progbits
  52              		.align	1
  53              		.global	trng_enable
  54              		.syntax unified
  55              		.thumb
  56              		.thumb_func
  58              	trng_enable:
  59              	.LFB117:
  51:Drivers/GD32_F470_STD_Driver/Source/gd32f4xx_trng.c **** 
  52:Drivers/GD32_F470_STD_Driver/Source/gd32f4xx_trng.c **** /*!
  53:Drivers/GD32_F470_STD_Driver/Source/gd32f4xx_trng.c ****     \brief      enable TRNG 
  54:Drivers/GD32_F470_STD_Driver/Source/gd32f4xx_trng.c ****     \param[in]  none
  55:Drivers/GD32_F470_STD_Driver/Source/gd32f4xx_trng.c ****     \param[out] none
  56:Drivers/GD32_F470_STD_Driver/Source/gd32f4xx_trng.c ****     \retval     none
  57:Drivers/GD32_F470_STD_Driver/Source/gd32f4xx_trng.c **** */
  58:Drivers/GD32_F470_STD_Driver/Source/gd32f4xx_trng.c **** void trng_enable(void)
ARM GAS  /tmp/ccUq8V7q.s 			page 3


  59:Drivers/GD32_F470_STD_Driver/Source/gd32f4xx_trng.c **** {
  60              		.loc 1 59 1 is_stmt 1 view -0
  61              		.cfi_startproc
  62              		@ args = 0, pretend = 0, frame = 0
  63              		@ frame_needed = 0, uses_anonymous_args = 0
  64              		@ link register save eliminated.
  60:Drivers/GD32_F470_STD_Driver/Source/gd32f4xx_trng.c ****     TRNG_CTL |= TRNG_CTL_TRNGEN;
  65              		.loc 1 60 5 view .LVU5
  66              		.loc 1 60 14 is_stmt 0 view .LVU6
  67 0000 034A     		ldr	r2, .L4
  68 0002 D2F80038 		ldr	r3, [r2, #2048]
  69 0006 43F00403 		orr	r3, r3, #4
  70 000a C2F80038 		str	r3, [r2, #2048]
  61:Drivers/GD32_F470_STD_Driver/Source/gd32f4xx_trng.c **** }
  71              		.loc 1 61 1 view .LVU7
  72 000e 7047     		bx	lr
  73              	.L5:
  74              		.align	2
  75              	.L4:
  76 0010 00000650 		.word	1342570496
  77              		.cfi_endproc
  78              	.LFE117:
  80              		.section	.text.trng_disable,"ax",%progbits
  81              		.align	1
  82              		.global	trng_disable
  83              		.syntax unified
  84              		.thumb
  85              		.thumb_func
  87              	trng_disable:
  88              	.LFB118:
  62:Drivers/GD32_F470_STD_Driver/Source/gd32f4xx_trng.c **** 
  63:Drivers/GD32_F470_STD_Driver/Source/gd32f4xx_trng.c **** /*!
  64:Drivers/GD32_F470_STD_Driver/Source/gd32f4xx_trng.c ****     \brief      disable TRNG 
  65:Drivers/GD32_F470_STD_Driver/Source/gd32f4xx_trng.c ****     \param[in]  none
  66:Drivers/GD32_F470_STD_Driver/Source/gd32f4xx_trng.c ****     \param[out] none
  67:Drivers/GD32_F470_STD_Driver/Source/gd32f4xx_trng.c ****     \retval     none
  68:Drivers/GD32_F470_STD_Driver/Source/gd32f4xx_trng.c **** */
  69:Drivers/GD32_F470_STD_Driver/Source/gd32f4xx_trng.c **** void trng_disable(void)
  70:Drivers/GD32_F470_STD_Driver/Source/gd32f4xx_trng.c **** {
  89              		.loc 1 70 1 is_stmt 1 view -0
  90              		.cfi_startproc
  91              		@ args = 0, pretend = 0, frame = 0
  92              		@ frame_needed = 0, uses_anonymous_args = 0
  93              		@ link register save eliminated.
  71:Drivers/GD32_F470_STD_Driver/Source/gd32f4xx_trng.c ****     TRNG_CTL &= ~TRNG_CTL_TRNGEN;
  94              		.loc 1 71 5 view .LVU9
  95              		.loc 1 71 14 is_stmt 0 view .LVU10
  96 0000 034A     		ldr	r2, .L7
  97 0002 D2F80038 		ldr	r3, [r2, #2048]
  98 0006 23F00403 		bic	r3, r3, #4
  99 000a C2F80038 		str	r3, [r2, #2048]
  72:Drivers/GD32_F470_STD_Driver/Source/gd32f4xx_trng.c **** }
 100              		.loc 1 72 1 view .LVU11
 101 000e 7047     		bx	lr
 102              	.L8:
 103              		.align	2
 104              	.L7:
ARM GAS  /tmp/ccUq8V7q.s 			page 4


 105 0010 00000650 		.word	1342570496
 106              		.cfi_endproc
 107              	.LFE118:
 109              		.section	.text.trng_get_true_random_data,"ax",%progbits
 110              		.align	1
 111              		.global	trng_get_true_random_data
 112              		.syntax unified
 113              		.thumb
 114              		.thumb_func
 116              	trng_get_true_random_data:
 117              	.LFB119:
  73:Drivers/GD32_F470_STD_Driver/Source/gd32f4xx_trng.c **** 
  74:Drivers/GD32_F470_STD_Driver/Source/gd32f4xx_trng.c **** /*!
  75:Drivers/GD32_F470_STD_Driver/Source/gd32f4xx_trng.c ****     \brief      get the true random data
  76:Drivers/GD32_F470_STD_Driver/Source/gd32f4xx_trng.c ****     \param[in]  none
  77:Drivers/GD32_F470_STD_Driver/Source/gd32f4xx_trng.c ****     \param[out] none
  78:Drivers/GD32_F470_STD_Driver/Source/gd32f4xx_trng.c ****     \retval     uint32_t: 0x0-0xFFFFFFFF
  79:Drivers/GD32_F470_STD_Driver/Source/gd32f4xx_trng.c **** */
  80:Drivers/GD32_F470_STD_Driver/Source/gd32f4xx_trng.c **** uint32_t trng_get_true_random_data(void)
  81:Drivers/GD32_F470_STD_Driver/Source/gd32f4xx_trng.c **** {
 118              		.loc 1 81 1 is_stmt 1 view -0
 119              		.cfi_startproc
 120              		@ args = 0, pretend = 0, frame = 0
 121              		@ frame_needed = 0, uses_anonymous_args = 0
 122              		@ link register save eliminated.
  82:Drivers/GD32_F470_STD_Driver/Source/gd32f4xx_trng.c ****     return (TRNG_DATA);
 123              		.loc 1 82 5 view .LVU13
 124              		.loc 1 82 13 is_stmt 0 view .LVU14
 125 0000 014B     		ldr	r3, .L10
 126 0002 D3F80808 		ldr	r0, [r3, #2056]
  83:Drivers/GD32_F470_STD_Driver/Source/gd32f4xx_trng.c **** }
 127              		.loc 1 83 1 view .LVU15
 128 0006 7047     		bx	lr
 129              	.L11:
 130              		.align	2
 131              	.L10:
 132 0008 00000650 		.word	1342570496
 133              		.cfi_endproc
 134              	.LFE119:
 136              		.section	.text.trng_interrupt_enable,"ax",%progbits
 137              		.align	1
 138              		.global	trng_interrupt_enable
 139              		.syntax unified
 140              		.thumb
 141              		.thumb_func
 143              	trng_interrupt_enable:
 144              	.LFB120:
  84:Drivers/GD32_F470_STD_Driver/Source/gd32f4xx_trng.c **** 
  85:Drivers/GD32_F470_STD_Driver/Source/gd32f4xx_trng.c **** /*!
  86:Drivers/GD32_F470_STD_Driver/Source/gd32f4xx_trng.c ****     \brief      enable TRNG interrupt
  87:Drivers/GD32_F470_STD_Driver/Source/gd32f4xx_trng.c ****     \param[in]  none
  88:Drivers/GD32_F470_STD_Driver/Source/gd32f4xx_trng.c ****     \param[out] none
  89:Drivers/GD32_F470_STD_Driver/Source/gd32f4xx_trng.c ****     \retval     none
  90:Drivers/GD32_F470_STD_Driver/Source/gd32f4xx_trng.c **** */
  91:Drivers/GD32_F470_STD_Driver/Source/gd32f4xx_trng.c **** void trng_interrupt_enable(void)
  92:Drivers/GD32_F470_STD_Driver/Source/gd32f4xx_trng.c **** {
 145              		.loc 1 92 1 is_stmt 1 view -0
ARM GAS  /tmp/ccUq8V7q.s 			page 5


 146              		.cfi_startproc
 147              		@ args = 0, pretend = 0, frame = 0
 148              		@ frame_needed = 0, uses_anonymous_args = 0
 149              		@ link register save eliminated.
  93:Drivers/GD32_F470_STD_Driver/Source/gd32f4xx_trng.c ****     TRNG_CTL |= TRNG_CTL_TRNGIE;
 150              		.loc 1 93 5 view .LVU17
 151              		.loc 1 93 14 is_stmt 0 view .LVU18
 152 0000 034A     		ldr	r2, .L13
 153 0002 D2F80038 		ldr	r3, [r2, #2048]
 154 0006 43F00803 		orr	r3, r3, #8
 155 000a C2F80038 		str	r3, [r2, #2048]
  94:Drivers/GD32_F470_STD_Driver/Source/gd32f4xx_trng.c **** }
 156              		.loc 1 94 1 view .LVU19
 157 000e 7047     		bx	lr
 158              	.L14:
 159              		.align	2
 160              	.L13:
 161 0010 00000650 		.word	1342570496
 162              		.cfi_endproc
 163              	.LFE120:
 165              		.section	.text.trng_interrupt_disable,"ax",%progbits
 166              		.align	1
 167              		.global	trng_interrupt_disable
 168              		.syntax unified
 169              		.thumb
 170              		.thumb_func
 172              	trng_interrupt_disable:
 173              	.LFB121:
  95:Drivers/GD32_F470_STD_Driver/Source/gd32f4xx_trng.c **** 
  96:Drivers/GD32_F470_STD_Driver/Source/gd32f4xx_trng.c **** /*!
  97:Drivers/GD32_F470_STD_Driver/Source/gd32f4xx_trng.c ****     \brief      disable TRNG interrupt
  98:Drivers/GD32_F470_STD_Driver/Source/gd32f4xx_trng.c ****     \param[in]  none
  99:Drivers/GD32_F470_STD_Driver/Source/gd32f4xx_trng.c ****     \param[out] none
 100:Drivers/GD32_F470_STD_Driver/Source/gd32f4xx_trng.c ****     \retval     none
 101:Drivers/GD32_F470_STD_Driver/Source/gd32f4xx_trng.c **** */
 102:Drivers/GD32_F470_STD_Driver/Source/gd32f4xx_trng.c **** void trng_interrupt_disable(void)
 103:Drivers/GD32_F470_STD_Driver/Source/gd32f4xx_trng.c **** {
 174              		.loc 1 103 1 is_stmt 1 view -0
 175              		.cfi_startproc
 176              		@ args = 0, pretend = 0, frame = 0
 177              		@ frame_needed = 0, uses_anonymous_args = 0
 178              		@ link register save eliminated.
 104:Drivers/GD32_F470_STD_Driver/Source/gd32f4xx_trng.c ****     TRNG_CTL &= ~TRNG_CTL_TRNGIE;
 179              		.loc 1 104 5 view .LVU21
 180              		.loc 1 104 14 is_stmt 0 view .LVU22
 181 0000 034A     		ldr	r2, .L16
 182 0002 D2F80038 		ldr	r3, [r2, #2048]
 183 0006 23F00803 		bic	r3, r3, #8
 184 000a C2F80038 		str	r3, [r2, #2048]
 105:Drivers/GD32_F470_STD_Driver/Source/gd32f4xx_trng.c **** }
 185              		.loc 1 105 1 view .LVU23
 186 000e 7047     		bx	lr
 187              	.L17:
 188              		.align	2
 189              	.L16:
 190 0010 00000650 		.word	1342570496
 191              		.cfi_endproc
ARM GAS  /tmp/ccUq8V7q.s 			page 6


 192              	.LFE121:
 194              		.section	.text.trng_flag_get,"ax",%progbits
 195              		.align	1
 196              		.global	trng_flag_get
 197              		.syntax unified
 198              		.thumb
 199              		.thumb_func
 201              	trng_flag_get:
 202              	.LVL2:
 203              	.LFB122:
 106:Drivers/GD32_F470_STD_Driver/Source/gd32f4xx_trng.c **** 
 107:Drivers/GD32_F470_STD_Driver/Source/gd32f4xx_trng.c **** /*!
 108:Drivers/GD32_F470_STD_Driver/Source/gd32f4xx_trng.c ****     \brief      get TRNG flag status
 109:Drivers/GD32_F470_STD_Driver/Source/gd32f4xx_trng.c ****     \param[in]  flag: TRNG flag
 110:Drivers/GD32_F470_STD_Driver/Source/gd32f4xx_trng.c ****                 only one parameter can be selected which is shown as below:
 111:Drivers/GD32_F470_STD_Driver/Source/gd32f4xx_trng.c ****       \arg        TRNG_FLAG_DRDY: random Data ready status
 112:Drivers/GD32_F470_STD_Driver/Source/gd32f4xx_trng.c ****       \arg        TRNG_FLAG_CECS: clock error current status
 113:Drivers/GD32_F470_STD_Driver/Source/gd32f4xx_trng.c ****       \arg        TRNG_FLAG_SECS: seed error current status
 114:Drivers/GD32_F470_STD_Driver/Source/gd32f4xx_trng.c ****     \param[out] none
 115:Drivers/GD32_F470_STD_Driver/Source/gd32f4xx_trng.c ****     \retval     FlagStatus: SET or RESET
 116:Drivers/GD32_F470_STD_Driver/Source/gd32f4xx_trng.c **** */
 117:Drivers/GD32_F470_STD_Driver/Source/gd32f4xx_trng.c **** FlagStatus trng_flag_get(trng_flag_enum flag)
 118:Drivers/GD32_F470_STD_Driver/Source/gd32f4xx_trng.c **** {
 204              		.loc 1 118 1 is_stmt 1 view -0
 205              		.cfi_startproc
 206              		@ args = 0, pretend = 0, frame = 0
 207              		@ frame_needed = 0, uses_anonymous_args = 0
 208              		@ link register save eliminated.
 119:Drivers/GD32_F470_STD_Driver/Source/gd32f4xx_trng.c ****     if(RESET != (TRNG_STAT & flag)) {
 209              		.loc 1 119 5 view .LVU25
 210              		.loc 1 119 18 is_stmt 0 view .LVU26
 211 0000 044B     		ldr	r3, .L21
 212 0002 D3F80438 		ldr	r3, [r3, #2052]
 213              		.loc 1 119 7 view .LVU27
 214 0006 1842     		tst	r0, r3
 215 0008 01D0     		beq	.L20
 120:Drivers/GD32_F470_STD_Driver/Source/gd32f4xx_trng.c ****         return SET;
 216              		.loc 1 120 16 view .LVU28
 217 000a 0120     		movs	r0, #1
 218              	.LVL3:
 219              		.loc 1 120 16 view .LVU29
 220 000c 7047     		bx	lr
 221              	.LVL4:
 222              	.L20:
 121:Drivers/GD32_F470_STD_Driver/Source/gd32f4xx_trng.c ****     } else {
 122:Drivers/GD32_F470_STD_Driver/Source/gd32f4xx_trng.c ****         return RESET;
 223              		.loc 1 122 16 view .LVU30
 224 000e 0020     		movs	r0, #0
 225              	.LVL5:
 123:Drivers/GD32_F470_STD_Driver/Source/gd32f4xx_trng.c ****     }
 124:Drivers/GD32_F470_STD_Driver/Source/gd32f4xx_trng.c **** }
 226              		.loc 1 124 1 view .LVU31
 227 0010 7047     		bx	lr
 228              	.L22:
 229 0012 00BF     		.align	2
 230              	.L21:
 231 0014 00000650 		.word	1342570496
ARM GAS  /tmp/ccUq8V7q.s 			page 7


 232              		.cfi_endproc
 233              	.LFE122:
 235              		.section	.text.trng_interrupt_flag_get,"ax",%progbits
 236              		.align	1
 237              		.global	trng_interrupt_flag_get
 238              		.syntax unified
 239              		.thumb
 240              		.thumb_func
 242              	trng_interrupt_flag_get:
 243              	.LVL6:
 244              	.LFB123:
 125:Drivers/GD32_F470_STD_Driver/Source/gd32f4xx_trng.c **** 
 126:Drivers/GD32_F470_STD_Driver/Source/gd32f4xx_trng.c **** /*!
 127:Drivers/GD32_F470_STD_Driver/Source/gd32f4xx_trng.c ****     \brief      get TRNG interrupt flag status
 128:Drivers/GD32_F470_STD_Driver/Source/gd32f4xx_trng.c ****     \param[in]  int_flag: TRNG interrupt flag
 129:Drivers/GD32_F470_STD_Driver/Source/gd32f4xx_trng.c ****                 only one parameter can be selected which is shown as below:
 130:Drivers/GD32_F470_STD_Driver/Source/gd32f4xx_trng.c ****       \arg        TRNG_INT_FLAG_CEIF: clock error interrupt flag
 131:Drivers/GD32_F470_STD_Driver/Source/gd32f4xx_trng.c ****       \arg        TRNG_INT_FLAG_SEIF: seed error interrupt flag
 132:Drivers/GD32_F470_STD_Driver/Source/gd32f4xx_trng.c ****     \param[out] none
 133:Drivers/GD32_F470_STD_Driver/Source/gd32f4xx_trng.c ****     \retval     FlagStatus: SET or RESET
 134:Drivers/GD32_F470_STD_Driver/Source/gd32f4xx_trng.c **** */
 135:Drivers/GD32_F470_STD_Driver/Source/gd32f4xx_trng.c **** FlagStatus trng_interrupt_flag_get(trng_int_flag_enum int_flag)
 136:Drivers/GD32_F470_STD_Driver/Source/gd32f4xx_trng.c **** {
 245              		.loc 1 136 1 is_stmt 1 view -0
 246              		.cfi_startproc
 247              		@ args = 0, pretend = 0, frame = 0
 248              		@ frame_needed = 0, uses_anonymous_args = 0
 249              		@ link register save eliminated.
 137:Drivers/GD32_F470_STD_Driver/Source/gd32f4xx_trng.c ****     if(RESET != (TRNG_STAT & int_flag)) {
 250              		.loc 1 137 5 view .LVU33
 251              		.loc 1 137 18 is_stmt 0 view .LVU34
 252 0000 044B     		ldr	r3, .L26
 253 0002 D3F80438 		ldr	r3, [r3, #2052]
 254              		.loc 1 137 7 view .LVU35
 255 0006 1842     		tst	r0, r3
 256 0008 01D0     		beq	.L25
 138:Drivers/GD32_F470_STD_Driver/Source/gd32f4xx_trng.c ****         return SET;
 257              		.loc 1 138 16 view .LVU36
 258 000a 0120     		movs	r0, #1
 259              	.LVL7:
 260              		.loc 1 138 16 view .LVU37
 261 000c 7047     		bx	lr
 262              	.LVL8:
 263              	.L25:
 139:Drivers/GD32_F470_STD_Driver/Source/gd32f4xx_trng.c ****     } else {
 140:Drivers/GD32_F470_STD_Driver/Source/gd32f4xx_trng.c ****         return RESET;
 264              		.loc 1 140 16 view .LVU38
 265 000e 0020     		movs	r0, #0
 266              	.LVL9:
 141:Drivers/GD32_F470_STD_Driver/Source/gd32f4xx_trng.c ****     }
 142:Drivers/GD32_F470_STD_Driver/Source/gd32f4xx_trng.c **** }
 267              		.loc 1 142 1 view .LVU39
 268 0010 7047     		bx	lr
 269              	.L27:
 270 0012 00BF     		.align	2
 271              	.L26:
 272 0014 00000650 		.word	1342570496
ARM GAS  /tmp/ccUq8V7q.s 			page 8


 273              		.cfi_endproc
 274              	.LFE123:
 276              		.section	.text.trng_interrupt_flag_clear,"ax",%progbits
 277              		.align	1
 278              		.global	trng_interrupt_flag_clear
 279              		.syntax unified
 280              		.thumb
 281              		.thumb_func
 283              	trng_interrupt_flag_clear:
 284              	.LVL10:
 285              	.LFB124:
 143:Drivers/GD32_F470_STD_Driver/Source/gd32f4xx_trng.c **** 
 144:Drivers/GD32_F470_STD_Driver/Source/gd32f4xx_trng.c **** /*!
 145:Drivers/GD32_F470_STD_Driver/Source/gd32f4xx_trng.c ****     \brief      clear TRNG interrupt flag status
 146:Drivers/GD32_F470_STD_Driver/Source/gd32f4xx_trng.c ****     \param[in]  int_flag: TRNG interrupt flag
 147:Drivers/GD32_F470_STD_Driver/Source/gd32f4xx_trng.c ****                 only one parameter can be selected which is shown as below:
 148:Drivers/GD32_F470_STD_Driver/Source/gd32f4xx_trng.c ****       \arg        TRNG_INT_FLAG_CEIF: clock error interrupt flag
 149:Drivers/GD32_F470_STD_Driver/Source/gd32f4xx_trng.c ****       \arg        TRNG_INT_FLAG_SEIF: seed error interrupt flag
 150:Drivers/GD32_F470_STD_Driver/Source/gd32f4xx_trng.c ****     \param[out] none
 151:Drivers/GD32_F470_STD_Driver/Source/gd32f4xx_trng.c ****     \retval     none
 152:Drivers/GD32_F470_STD_Driver/Source/gd32f4xx_trng.c **** */
 153:Drivers/GD32_F470_STD_Driver/Source/gd32f4xx_trng.c **** void trng_interrupt_flag_clear(trng_int_flag_enum int_flag)
 154:Drivers/GD32_F470_STD_Driver/Source/gd32f4xx_trng.c **** {
 286              		.loc 1 154 1 is_stmt 1 view -0
 287              		.cfi_startproc
 288              		@ args = 0, pretend = 0, frame = 0
 289              		@ frame_needed = 0, uses_anonymous_args = 0
 290              		@ link register save eliminated.
 155:Drivers/GD32_F470_STD_Driver/Source/gd32f4xx_trng.c ****     TRNG_STAT &= ~(uint32_t)int_flag;
 291              		.loc 1 155 5 view .LVU41
 292              		.loc 1 155 15 is_stmt 0 view .LVU42
 293 0000 034A     		ldr	r2, .L29
 294 0002 D2F80438 		ldr	r3, [r2, #2052]
 295 0006 23EA0003 		bic	r3, r3, r0
 296 000a C2F80438 		str	r3, [r2, #2052]
 156:Drivers/GD32_F470_STD_Driver/Source/gd32f4xx_trng.c **** }
 297              		.loc 1 156 1 view .LVU43
 298 000e 7047     		bx	lr
 299              	.L30:
 300              		.align	2
 301              	.L29:
 302 0010 00000650 		.word	1342570496
 303              		.cfi_endproc
 304              	.LFE124:
 306              		.text
 307              	.Letext0:
 308              		.file 2 "/home/funtime/arm_gcc/gcc-arm-none-eabi-10.3-2021.10/arm-none-eabi/include/machine/_defau
 309              		.file 3 "/home/funtime/arm_gcc/gcc-arm-none-eabi-10.3-2021.10/arm-none-eabi/include/sys/_stdint.h"
 310              		.file 4 "Core/Inc/gd32f4xx.h"
 311              		.file 5 "Drivers/GD32_F470_STD_Driver/Include/gd32f4xx_rcu.h"
 312              		.file 6 "Drivers/GD32_F470_STD_Driver/Include/gd32f4xx_trng.h"
ARM GAS  /tmp/ccUq8V7q.s 			page 9


DEFINED SYMBOLS
                            *ABS*:0000000000000000 gd32f4xx_trng.c
     /tmp/ccUq8V7q.s:20     .text.trng_deinit:0000000000000000 $t
     /tmp/ccUq8V7q.s:26     .text.trng_deinit:0000000000000000 trng_deinit
     /tmp/ccUq8V7q.s:52     .text.trng_enable:0000000000000000 $t
     /tmp/ccUq8V7q.s:58     .text.trng_enable:0000000000000000 trng_enable
     /tmp/ccUq8V7q.s:76     .text.trng_enable:0000000000000010 $d
     /tmp/ccUq8V7q.s:81     .text.trng_disable:0000000000000000 $t
     /tmp/ccUq8V7q.s:87     .text.trng_disable:0000000000000000 trng_disable
     /tmp/ccUq8V7q.s:105    .text.trng_disable:0000000000000010 $d
     /tmp/ccUq8V7q.s:110    .text.trng_get_true_random_data:0000000000000000 $t
     /tmp/ccUq8V7q.s:116    .text.trng_get_true_random_data:0000000000000000 trng_get_true_random_data
     /tmp/ccUq8V7q.s:132    .text.trng_get_true_random_data:0000000000000008 $d
     /tmp/ccUq8V7q.s:137    .text.trng_interrupt_enable:0000000000000000 $t
     /tmp/ccUq8V7q.s:143    .text.trng_interrupt_enable:0000000000000000 trng_interrupt_enable
     /tmp/ccUq8V7q.s:161    .text.trng_interrupt_enable:0000000000000010 $d
     /tmp/ccUq8V7q.s:166    .text.trng_interrupt_disable:0000000000000000 $t
     /tmp/ccUq8V7q.s:172    .text.trng_interrupt_disable:0000000000000000 trng_interrupt_disable
     /tmp/ccUq8V7q.s:190    .text.trng_interrupt_disable:0000000000000010 $d
     /tmp/ccUq8V7q.s:195    .text.trng_flag_get:0000000000000000 $t
     /tmp/ccUq8V7q.s:201    .text.trng_flag_get:0000000000000000 trng_flag_get
     /tmp/ccUq8V7q.s:231    .text.trng_flag_get:0000000000000014 $d
     /tmp/ccUq8V7q.s:236    .text.trng_interrupt_flag_get:0000000000000000 $t
     /tmp/ccUq8V7q.s:242    .text.trng_interrupt_flag_get:0000000000000000 trng_interrupt_flag_get
     /tmp/ccUq8V7q.s:272    .text.trng_interrupt_flag_get:0000000000000014 $d
     /tmp/ccUq8V7q.s:277    .text.trng_interrupt_flag_clear:0000000000000000 $t
     /tmp/ccUq8V7q.s:283    .text.trng_interrupt_flag_clear:0000000000000000 trng_interrupt_flag_clear
     /tmp/ccUq8V7q.s:302    .text.trng_interrupt_flag_clear:0000000000000010 $d

UNDEFINED SYMBOLS
rcu_periph_reset_enable
rcu_periph_reset_disable
