ARM GAS  /tmp/ccnerE33.s 			page 1


   1              		.cpu cortex-m4
   2              		.arch armv7e-m
   3              		.fpu fpv4-sp-d16
   4              		.eabi_attribute 27, 1
   5              		.eabi_attribute 28, 1
   6              		.eabi_attribute 20, 1
   7              		.eabi_attribute 21, 1
   8              		.eabi_attribute 23, 3
   9              		.eabi_attribute 24, 1
  10              		.eabi_attribute 25, 1
  11              		.eabi_attribute 26, 1
  12              		.eabi_attribute 30, 1
  13              		.eabi_attribute 34, 1
  14              		.eabi_attribute 18, 4
  15              		.file	"gd32f4xx_crc.c"
  16              		.text
  17              	.Ltext0:
  18              		.cfi_sections	.debug_frame
  19              		.section	.text.crc_deinit,"ax",%progbits
  20              		.align	1
  21              		.global	crc_deinit
  22              		.syntax unified
  23              		.thumb
  24              		.thumb_func
  26              	crc_deinit:
  27              	.LFB116:
  28              		.file 1 "Drivers/GD32_F470_STD_Driver/Source/gd32f4xx_crc.c"
   1:Drivers/GD32_F470_STD_Driver/Source/gd32f4xx_crc.c **** /*!
   2:Drivers/GD32_F470_STD_Driver/Source/gd32f4xx_crc.c ****     \file    gd32f4xx_crc.c
   3:Drivers/GD32_F470_STD_Driver/Source/gd32f4xx_crc.c ****     \brief   CRC driver
   4:Drivers/GD32_F470_STD_Driver/Source/gd32f4xx_crc.c **** 
   5:Drivers/GD32_F470_STD_Driver/Source/gd32f4xx_crc.c ****     \version 2016-08-15, V1.0.0, firmware for GD32F4xx
   6:Drivers/GD32_F470_STD_Driver/Source/gd32f4xx_crc.c ****     \version 2018-12-12, V2.0.0, firmware for GD32F4xx
   7:Drivers/GD32_F470_STD_Driver/Source/gd32f4xx_crc.c ****     \version 2020-09-30, V2.1.0, firmware for GD32F4xx
   8:Drivers/GD32_F470_STD_Driver/Source/gd32f4xx_crc.c ****     \version 2022-03-09, V3.0.0, firmware for GD32F4xx
   9:Drivers/GD32_F470_STD_Driver/Source/gd32f4xx_crc.c **** */
  10:Drivers/GD32_F470_STD_Driver/Source/gd32f4xx_crc.c **** 
  11:Drivers/GD32_F470_STD_Driver/Source/gd32f4xx_crc.c **** /*
  12:Drivers/GD32_F470_STD_Driver/Source/gd32f4xx_crc.c ****     Copyright (c) 2022, GigaDevice Semiconductor Inc.
  13:Drivers/GD32_F470_STD_Driver/Source/gd32f4xx_crc.c **** 
  14:Drivers/GD32_F470_STD_Driver/Source/gd32f4xx_crc.c ****     Redistribution and use in source and binary forms, with or without modification,
  15:Drivers/GD32_F470_STD_Driver/Source/gd32f4xx_crc.c **** are permitted provided that the following conditions are met:
  16:Drivers/GD32_F470_STD_Driver/Source/gd32f4xx_crc.c **** 
  17:Drivers/GD32_F470_STD_Driver/Source/gd32f4xx_crc.c ****     1. Redistributions of source code must retain the above copyright notice, this
  18:Drivers/GD32_F470_STD_Driver/Source/gd32f4xx_crc.c ****        list of conditions and the following disclaimer.
  19:Drivers/GD32_F470_STD_Driver/Source/gd32f4xx_crc.c ****     2. Redistributions in binary form must reproduce the above copyright notice,
  20:Drivers/GD32_F470_STD_Driver/Source/gd32f4xx_crc.c ****        this list of conditions and the following disclaimer in the documentation
  21:Drivers/GD32_F470_STD_Driver/Source/gd32f4xx_crc.c ****        and/or other materials provided with the distribution.
  22:Drivers/GD32_F470_STD_Driver/Source/gd32f4xx_crc.c ****     3. Neither the name of the copyright holder nor the names of its contributors
  23:Drivers/GD32_F470_STD_Driver/Source/gd32f4xx_crc.c ****        may be used to endorse or promote products derived from this software without
  24:Drivers/GD32_F470_STD_Driver/Source/gd32f4xx_crc.c ****        specific prior written permission.
  25:Drivers/GD32_F470_STD_Driver/Source/gd32f4xx_crc.c **** 
  26:Drivers/GD32_F470_STD_Driver/Source/gd32f4xx_crc.c ****     THIS SOFTWARE IS PROVIDED BY THE COPYRIGHT HOLDERS AND CONTRIBUTORS "AS IS"
  27:Drivers/GD32_F470_STD_Driver/Source/gd32f4xx_crc.c **** AND ANY EXPRESS OR IMPLIED WARRANTIES, INCLUDING, BUT NOT LIMITED TO, THE IMPLIED
  28:Drivers/GD32_F470_STD_Driver/Source/gd32f4xx_crc.c **** WARRANTIES OF MERCHANTABILITY AND FITNESS FOR A PARTICULAR PURPOSE ARE DISCLAIMED.
  29:Drivers/GD32_F470_STD_Driver/Source/gd32f4xx_crc.c **** IN NO EVENT SHALL THE COPYRIGHT HOLDER OR CONTRIBUTORS BE LIABLE FOR ANY DIRECT,
  30:Drivers/GD32_F470_STD_Driver/Source/gd32f4xx_crc.c **** INDIRECT, INCIDENTAL, SPECIAL, EXEMPLARY, OR CONSEQUENTIAL DAMAGES (INCLUDING, BUT
ARM GAS  /tmp/ccnerE33.s 			page 2


  31:Drivers/GD32_F470_STD_Driver/Source/gd32f4xx_crc.c **** NOT LIMITED TO, PROCUREMENT OF SUBSTITUTE GOODS OR SERVICES; LOSS OF USE, DATA, OR
  32:Drivers/GD32_F470_STD_Driver/Source/gd32f4xx_crc.c **** PROFITS; OR BUSINESS INTERRUPTION) HOWEVER CAUSED AND ON ANY THEORY OF LIABILITY,
  33:Drivers/GD32_F470_STD_Driver/Source/gd32f4xx_crc.c **** WHETHER IN CONTRACT, STRICT LIABILITY, OR TORT (INCLUDING NEGLIGENCE OR OTHERWISE)
  34:Drivers/GD32_F470_STD_Driver/Source/gd32f4xx_crc.c **** ARISING IN ANY WAY OUT OF THE USE OF THIS SOFTWARE, EVEN IF ADVISED OF THE POSSIBILITY
  35:Drivers/GD32_F470_STD_Driver/Source/gd32f4xx_crc.c **** OF SUCH DAMAGE.
  36:Drivers/GD32_F470_STD_Driver/Source/gd32f4xx_crc.c **** */
  37:Drivers/GD32_F470_STD_Driver/Source/gd32f4xx_crc.c **** 
  38:Drivers/GD32_F470_STD_Driver/Source/gd32f4xx_crc.c **** #include "gd32f4xx_crc.h"
  39:Drivers/GD32_F470_STD_Driver/Source/gd32f4xx_crc.c **** 
  40:Drivers/GD32_F470_STD_Driver/Source/gd32f4xx_crc.c **** #define CRC_DATA_RESET_VALUE      ((uint32_t)0xFFFFFFFFU)
  41:Drivers/GD32_F470_STD_Driver/Source/gd32f4xx_crc.c **** #define CRC_FDATA_RESET_VALUE     ((uint32_t)0x00000000U)
  42:Drivers/GD32_F470_STD_Driver/Source/gd32f4xx_crc.c **** 
  43:Drivers/GD32_F470_STD_Driver/Source/gd32f4xx_crc.c **** /*!
  44:Drivers/GD32_F470_STD_Driver/Source/gd32f4xx_crc.c ****     \brief      deinit CRC calculation unit
  45:Drivers/GD32_F470_STD_Driver/Source/gd32f4xx_crc.c ****     \param[in]  none
  46:Drivers/GD32_F470_STD_Driver/Source/gd32f4xx_crc.c ****     \param[out] none
  47:Drivers/GD32_F470_STD_Driver/Source/gd32f4xx_crc.c ****     \retval     none
  48:Drivers/GD32_F470_STD_Driver/Source/gd32f4xx_crc.c **** */
  49:Drivers/GD32_F470_STD_Driver/Source/gd32f4xx_crc.c **** void crc_deinit(void)
  50:Drivers/GD32_F470_STD_Driver/Source/gd32f4xx_crc.c **** {
  29              		.loc 1 50 1 view -0
  30              		.cfi_startproc
  31              		@ args = 0, pretend = 0, frame = 0
  32              		@ frame_needed = 0, uses_anonymous_args = 0
  33              		@ link register save eliminated.
  51:Drivers/GD32_F470_STD_Driver/Source/gd32f4xx_crc.c ****     CRC_DATA  = CRC_DATA_RESET_VALUE;
  34              		.loc 1 51 5 view .LVU1
  35              		.loc 1 51 15 is_stmt 0 view .LVU2
  36 0000 044B     		ldr	r3, .L2
  37 0002 4FF0FF32 		mov	r2, #-1
  38 0006 1A60     		str	r2, [r3]
  52:Drivers/GD32_F470_STD_Driver/Source/gd32f4xx_crc.c ****     CRC_FDATA = CRC_FDATA_RESET_VALUE;
  39              		.loc 1 52 5 is_stmt 1 view .LVU3
  40              		.loc 1 52 15 is_stmt 0 view .LVU4
  41 0008 0022     		movs	r2, #0
  42 000a 5A60     		str	r2, [r3, #4]
  53:Drivers/GD32_F470_STD_Driver/Source/gd32f4xx_crc.c ****     CRC_CTL   = (uint32_t)CRC_CTL_RST;
  43              		.loc 1 53 5 is_stmt 1 view .LVU5
  44              		.loc 1 53 15 is_stmt 0 view .LVU6
  45 000c 0122     		movs	r2, #1
  46 000e 9A60     		str	r2, [r3, #8]
  54:Drivers/GD32_F470_STD_Driver/Source/gd32f4xx_crc.c **** }
  47              		.loc 1 54 1 view .LVU7
  48 0010 7047     		bx	lr
  49              	.L3:
  50 0012 00BF     		.align	2
  51              	.L2:
  52 0014 00300240 		.word	1073885184
  53              		.cfi_endproc
  54              	.LFE116:
  56              		.section	.text.crc_data_register_reset,"ax",%progbits
  57              		.align	1
  58              		.global	crc_data_register_reset
  59              		.syntax unified
  60              		.thumb
  61              		.thumb_func
  63              	crc_data_register_reset:
ARM GAS  /tmp/ccnerE33.s 			page 3


  64              	.LFB117:
  55:Drivers/GD32_F470_STD_Driver/Source/gd32f4xx_crc.c **** 
  56:Drivers/GD32_F470_STD_Driver/Source/gd32f4xx_crc.c **** /*!
  57:Drivers/GD32_F470_STD_Driver/Source/gd32f4xx_crc.c ****     \brief      reset data register(CRC_DATA) to the value of 0xFFFFFFFF
  58:Drivers/GD32_F470_STD_Driver/Source/gd32f4xx_crc.c ****     \param[in]  none
  59:Drivers/GD32_F470_STD_Driver/Source/gd32f4xx_crc.c ****     \param[out] none
  60:Drivers/GD32_F470_STD_Driver/Source/gd32f4xx_crc.c ****     \retval     none
  61:Drivers/GD32_F470_STD_Driver/Source/gd32f4xx_crc.c **** */
  62:Drivers/GD32_F470_STD_Driver/Source/gd32f4xx_crc.c **** void crc_data_register_reset(void)
  63:Drivers/GD32_F470_STD_Driver/Source/gd32f4xx_crc.c **** {
  65              		.loc 1 63 1 is_stmt 1 view -0
  66              		.cfi_startproc
  67              		@ args = 0, pretend = 0, frame = 0
  68              		@ frame_needed = 0, uses_anonymous_args = 0
  69              		@ link register save eliminated.
  64:Drivers/GD32_F470_STD_Driver/Source/gd32f4xx_crc.c ****     CRC_CTL |= (uint32_t)CRC_CTL_RST;
  70              		.loc 1 64 5 view .LVU9
  71              		.loc 1 64 13 is_stmt 0 view .LVU10
  72 0000 024A     		ldr	r2, .L5
  73 0002 9368     		ldr	r3, [r2, #8]
  74 0004 43F00103 		orr	r3, r3, #1
  75 0008 9360     		str	r3, [r2, #8]
  65:Drivers/GD32_F470_STD_Driver/Source/gd32f4xx_crc.c **** }
  76              		.loc 1 65 1 view .LVU11
  77 000a 7047     		bx	lr
  78              	.L6:
  79              		.align	2
  80              	.L5:
  81 000c 00300240 		.word	1073885184
  82              		.cfi_endproc
  83              	.LFE117:
  85              		.section	.text.crc_data_register_read,"ax",%progbits
  86              		.align	1
  87              		.global	crc_data_register_read
  88              		.syntax unified
  89              		.thumb
  90              		.thumb_func
  92              	crc_data_register_read:
  93              	.LFB118:
  66:Drivers/GD32_F470_STD_Driver/Source/gd32f4xx_crc.c **** 
  67:Drivers/GD32_F470_STD_Driver/Source/gd32f4xx_crc.c **** /*!
  68:Drivers/GD32_F470_STD_Driver/Source/gd32f4xx_crc.c ****     \brief      read the value of the data register
  69:Drivers/GD32_F470_STD_Driver/Source/gd32f4xx_crc.c ****     \param[in]  none
  70:Drivers/GD32_F470_STD_Driver/Source/gd32f4xx_crc.c ****     \param[out] none
  71:Drivers/GD32_F470_STD_Driver/Source/gd32f4xx_crc.c ****     \retval     32-bit value of the data register
  72:Drivers/GD32_F470_STD_Driver/Source/gd32f4xx_crc.c **** */
  73:Drivers/GD32_F470_STD_Driver/Source/gd32f4xx_crc.c **** uint32_t crc_data_register_read(void)
  74:Drivers/GD32_F470_STD_Driver/Source/gd32f4xx_crc.c **** {
  94              		.loc 1 74 1 is_stmt 1 view -0
  95              		.cfi_startproc
  96              		@ args = 0, pretend = 0, frame = 0
  97              		@ frame_needed = 0, uses_anonymous_args = 0
  98              		@ link register save eliminated.
  75:Drivers/GD32_F470_STD_Driver/Source/gd32f4xx_crc.c ****     uint32_t data;
  99              		.loc 1 75 5 view .LVU13
  76:Drivers/GD32_F470_STD_Driver/Source/gd32f4xx_crc.c ****     data = CRC_DATA;
 100              		.loc 1 76 5 view .LVU14
ARM GAS  /tmp/ccnerE33.s 			page 4


 101              		.loc 1 76 10 is_stmt 0 view .LVU15
 102 0000 014B     		ldr	r3, .L8
 103 0002 1868     		ldr	r0, [r3]
 104              	.LVL0:
  77:Drivers/GD32_F470_STD_Driver/Source/gd32f4xx_crc.c ****     return (data);
 105              		.loc 1 77 5 is_stmt 1 view .LVU16
  78:Drivers/GD32_F470_STD_Driver/Source/gd32f4xx_crc.c **** }
 106              		.loc 1 78 1 is_stmt 0 view .LVU17
 107 0004 7047     		bx	lr
 108              	.L9:
 109 0006 00BF     		.align	2
 110              	.L8:
 111 0008 00300240 		.word	1073885184
 112              		.cfi_endproc
 113              	.LFE118:
 115              		.section	.text.crc_free_data_register_read,"ax",%progbits
 116              		.align	1
 117              		.global	crc_free_data_register_read
 118              		.syntax unified
 119              		.thumb
 120              		.thumb_func
 122              	crc_free_data_register_read:
 123              	.LFB119:
  79:Drivers/GD32_F470_STD_Driver/Source/gd32f4xx_crc.c **** 
  80:Drivers/GD32_F470_STD_Driver/Source/gd32f4xx_crc.c **** /*!
  81:Drivers/GD32_F470_STD_Driver/Source/gd32f4xx_crc.c ****     \brief      read the value of the free data register
  82:Drivers/GD32_F470_STD_Driver/Source/gd32f4xx_crc.c ****     \param[in]  none
  83:Drivers/GD32_F470_STD_Driver/Source/gd32f4xx_crc.c ****     \param[out] none
  84:Drivers/GD32_F470_STD_Driver/Source/gd32f4xx_crc.c ****     \retval     8-bit value of the free data register
  85:Drivers/GD32_F470_STD_Driver/Source/gd32f4xx_crc.c **** */
  86:Drivers/GD32_F470_STD_Driver/Source/gd32f4xx_crc.c **** uint8_t crc_free_data_register_read(void)
  87:Drivers/GD32_F470_STD_Driver/Source/gd32f4xx_crc.c **** {
 124              		.loc 1 87 1 is_stmt 1 view -0
 125              		.cfi_startproc
 126              		@ args = 0, pretend = 0, frame = 0
 127              		@ frame_needed = 0, uses_anonymous_args = 0
 128              		@ link register save eliminated.
  88:Drivers/GD32_F470_STD_Driver/Source/gd32f4xx_crc.c ****     uint8_t fdata;
 129              		.loc 1 88 5 view .LVU19
  89:Drivers/GD32_F470_STD_Driver/Source/gd32f4xx_crc.c ****     fdata = (uint8_t)CRC_FDATA;
 130              		.loc 1 89 5 view .LVU20
 131              		.loc 1 89 22 is_stmt 0 view .LVU21
 132 0000 014B     		ldr	r3, .L11
 133 0002 5868     		ldr	r0, [r3, #4]
 134              	.LVL1:
  90:Drivers/GD32_F470_STD_Driver/Source/gd32f4xx_crc.c ****     return (fdata);
 135              		.loc 1 90 5 is_stmt 1 view .LVU22
  91:Drivers/GD32_F470_STD_Driver/Source/gd32f4xx_crc.c **** }
 136              		.loc 1 91 1 is_stmt 0 view .LVU23
 137 0004 C0B2     		uxtb	r0, r0
 138              		.loc 1 91 1 view .LVU24
 139 0006 7047     		bx	lr
 140              	.L12:
 141              		.align	2
 142              	.L11:
 143 0008 00300240 		.word	1073885184
 144              		.cfi_endproc
ARM GAS  /tmp/ccnerE33.s 			page 5


 145              	.LFE119:
 147              		.section	.text.crc_free_data_register_write,"ax",%progbits
 148              		.align	1
 149              		.global	crc_free_data_register_write
 150              		.syntax unified
 151              		.thumb
 152              		.thumb_func
 154              	crc_free_data_register_write:
 155              	.LVL2:
 156              	.LFB120:
  92:Drivers/GD32_F470_STD_Driver/Source/gd32f4xx_crc.c **** 
  93:Drivers/GD32_F470_STD_Driver/Source/gd32f4xx_crc.c **** /*!
  94:Drivers/GD32_F470_STD_Driver/Source/gd32f4xx_crc.c ****     \brief      write data to the free data register
  95:Drivers/GD32_F470_STD_Driver/Source/gd32f4xx_crc.c ****     \param[in]  free_data: specified 8-bit data
  96:Drivers/GD32_F470_STD_Driver/Source/gd32f4xx_crc.c ****     \param[out] none
  97:Drivers/GD32_F470_STD_Driver/Source/gd32f4xx_crc.c ****     \retval     none
  98:Drivers/GD32_F470_STD_Driver/Source/gd32f4xx_crc.c **** */
  99:Drivers/GD32_F470_STD_Driver/Source/gd32f4xx_crc.c **** void crc_free_data_register_write(uint8_t free_data)
 100:Drivers/GD32_F470_STD_Driver/Source/gd32f4xx_crc.c **** {
 157              		.loc 1 100 1 is_stmt 1 view -0
 158              		.cfi_startproc
 159              		@ args = 0, pretend = 0, frame = 0
 160              		@ frame_needed = 0, uses_anonymous_args = 0
 161              		@ link register save eliminated.
 101:Drivers/GD32_F470_STD_Driver/Source/gd32f4xx_crc.c ****     CRC_FDATA = (uint32_t)free_data;
 162              		.loc 1 101 5 view .LVU26
 163              		.loc 1 101 15 is_stmt 0 view .LVU27
 164 0000 014B     		ldr	r3, .L14
 165 0002 5860     		str	r0, [r3, #4]
 102:Drivers/GD32_F470_STD_Driver/Source/gd32f4xx_crc.c **** }
 166              		.loc 1 102 1 view .LVU28
 167 0004 7047     		bx	lr
 168              	.L15:
 169 0006 00BF     		.align	2
 170              	.L14:
 171 0008 00300240 		.word	1073885184
 172              		.cfi_endproc
 173              	.LFE120:
 175              		.section	.text.crc_single_data_calculate,"ax",%progbits
 176              		.align	1
 177              		.global	crc_single_data_calculate
 178              		.syntax unified
 179              		.thumb
 180              		.thumb_func
 182              	crc_single_data_calculate:
 183              	.LVL3:
 184              	.LFB121:
 103:Drivers/GD32_F470_STD_Driver/Source/gd32f4xx_crc.c **** 
 104:Drivers/GD32_F470_STD_Driver/Source/gd32f4xx_crc.c **** /*!
 105:Drivers/GD32_F470_STD_Driver/Source/gd32f4xx_crc.c ****     \brief      calculate the CRC value of a 32-bit data
 106:Drivers/GD32_F470_STD_Driver/Source/gd32f4xx_crc.c ****     \param[in]  sdata: specified 32-bit data
 107:Drivers/GD32_F470_STD_Driver/Source/gd32f4xx_crc.c ****     \param[out] none
 108:Drivers/GD32_F470_STD_Driver/Source/gd32f4xx_crc.c ****     \retval     32-bit value calculated by CRC
 109:Drivers/GD32_F470_STD_Driver/Source/gd32f4xx_crc.c **** */
 110:Drivers/GD32_F470_STD_Driver/Source/gd32f4xx_crc.c **** uint32_t crc_single_data_calculate(uint32_t sdata)
 111:Drivers/GD32_F470_STD_Driver/Source/gd32f4xx_crc.c **** {
 185              		.loc 1 111 1 is_stmt 1 view -0
ARM GAS  /tmp/ccnerE33.s 			page 6


 186              		.cfi_startproc
 187              		@ args = 0, pretend = 0, frame = 0
 188              		@ frame_needed = 0, uses_anonymous_args = 0
 189              		@ link register save eliminated.
 112:Drivers/GD32_F470_STD_Driver/Source/gd32f4xx_crc.c ****     CRC_DATA = sdata;
 190              		.loc 1 112 5 view .LVU30
 191              		.loc 1 112 14 is_stmt 0 view .LVU31
 192 0000 014B     		ldr	r3, .L17
 193 0002 1860     		str	r0, [r3]
 113:Drivers/GD32_F470_STD_Driver/Source/gd32f4xx_crc.c ****     return (CRC_DATA);
 194              		.loc 1 113 5 is_stmt 1 view .LVU32
 195              		.loc 1 113 13 is_stmt 0 view .LVU33
 196 0004 1868     		ldr	r0, [r3]
 197              	.LVL4:
 114:Drivers/GD32_F470_STD_Driver/Source/gd32f4xx_crc.c **** }
 198              		.loc 1 114 1 view .LVU34
 199 0006 7047     		bx	lr
 200              	.L18:
 201              		.align	2
 202              	.L17:
 203 0008 00300240 		.word	1073885184
 204              		.cfi_endproc
 205              	.LFE121:
 207              		.section	.text.crc_block_data_calculate,"ax",%progbits
 208              		.align	1
 209              		.global	crc_block_data_calculate
 210              		.syntax unified
 211              		.thumb
 212              		.thumb_func
 214              	crc_block_data_calculate:
 215              	.LVL5:
 216              	.LFB122:
 115:Drivers/GD32_F470_STD_Driver/Source/gd32f4xx_crc.c **** 
 116:Drivers/GD32_F470_STD_Driver/Source/gd32f4xx_crc.c **** /*!
 117:Drivers/GD32_F470_STD_Driver/Source/gd32f4xx_crc.c ****     \brief      calculate the CRC value of an array of 32-bit values
 118:Drivers/GD32_F470_STD_Driver/Source/gd32f4xx_crc.c ****     \param[in]  array: pointer to an array of 32-bit values
 119:Drivers/GD32_F470_STD_Driver/Source/gd32f4xx_crc.c ****     \param[in]  size: size of the array
 120:Drivers/GD32_F470_STD_Driver/Source/gd32f4xx_crc.c ****     \param[out] none
 121:Drivers/GD32_F470_STD_Driver/Source/gd32f4xx_crc.c ****     \retval     32-bit value calculated by CRC
 122:Drivers/GD32_F470_STD_Driver/Source/gd32f4xx_crc.c **** */
 123:Drivers/GD32_F470_STD_Driver/Source/gd32f4xx_crc.c **** uint32_t crc_block_data_calculate(uint32_t array[], uint32_t size)
 124:Drivers/GD32_F470_STD_Driver/Source/gd32f4xx_crc.c **** {
 217              		.loc 1 124 1 is_stmt 1 view -0
 218              		.cfi_startproc
 219              		@ args = 0, pretend = 0, frame = 0
 220              		@ frame_needed = 0, uses_anonymous_args = 0
 221              		@ link register save eliminated.
 125:Drivers/GD32_F470_STD_Driver/Source/gd32f4xx_crc.c ****     uint32_t index;
 222              		.loc 1 125 5 view .LVU36
 126:Drivers/GD32_F470_STD_Driver/Source/gd32f4xx_crc.c ****     for(index = 0U; index < size; index++) {
 223              		.loc 1 126 5 view .LVU37
 224              		.loc 1 126 15 is_stmt 0 view .LVU38
 225 0000 0023     		movs	r3, #0
 226              	.LVL6:
 227              		.loc 1 126 21 is_stmt 1 view .LVU39
 228              		.loc 1 126 5 is_stmt 0 view .LVU40
 229 0002 8B42     		cmp	r3, r1
ARM GAS  /tmp/ccnerE33.s 			page 7


 230 0004 0CD2     		bcs	.L26
 124:Drivers/GD32_F470_STD_Driver/Source/gd32f4xx_crc.c ****     uint32_t index;
 231              		.loc 1 124 1 view .LVU41
 232 0006 10B4     		push	{r4}
 233              	.LCFI0:
 234              		.cfi_def_cfa_offset 4
 235              		.cfi_offset 4, -4
 236              	.L21:
 127:Drivers/GD32_F470_STD_Driver/Source/gd32f4xx_crc.c ****         CRC_DATA = array[index];
 237              		.loc 1 127 9 is_stmt 1 discriminator 3 view .LVU42
 238              		.loc 1 127 18 is_stmt 0 discriminator 3 view .LVU43
 239 0008 074A     		ldr	r2, .L27
 240 000a 50F82340 		ldr	r4, [r0, r3, lsl #2]
 241 000e 1460     		str	r4, [r2]
 126:Drivers/GD32_F470_STD_Driver/Source/gd32f4xx_crc.c ****     for(index = 0U; index < size; index++) {
 242              		.loc 1 126 35 is_stmt 1 discriminator 3 view .LVU44
 126:Drivers/GD32_F470_STD_Driver/Source/gd32f4xx_crc.c ****     for(index = 0U; index < size; index++) {
 243              		.loc 1 126 40 is_stmt 0 discriminator 3 view .LVU45
 244 0010 0133     		adds	r3, r3, #1
 245              	.LVL7:
 126:Drivers/GD32_F470_STD_Driver/Source/gd32f4xx_crc.c ****     for(index = 0U; index < size; index++) {
 246              		.loc 1 126 21 is_stmt 1 discriminator 3 view .LVU46
 126:Drivers/GD32_F470_STD_Driver/Source/gd32f4xx_crc.c ****     for(index = 0U; index < size; index++) {
 247              		.loc 1 126 5 is_stmt 0 discriminator 3 view .LVU47
 248 0012 8B42     		cmp	r3, r1
 249 0014 F8D3     		bcc	.L21
 128:Drivers/GD32_F470_STD_Driver/Source/gd32f4xx_crc.c ****     }
 129:Drivers/GD32_F470_STD_Driver/Source/gd32f4xx_crc.c ****     return (CRC_DATA);
 250              		.loc 1 129 5 is_stmt 1 view .LVU48
 251              		.loc 1 129 13 is_stmt 0 view .LVU49
 252 0016 044B     		ldr	r3, .L27
 253              	.LVL8:
 254              		.loc 1 129 13 view .LVU50
 255 0018 1868     		ldr	r0, [r3]
 256              	.LVL9:
 130:Drivers/GD32_F470_STD_Driver/Source/gd32f4xx_crc.c **** }
 257              		.loc 1 130 1 view .LVU51
 258 001a 5DF8044B 		ldr	r4, [sp], #4
 259              	.LCFI1:
 260              		.cfi_restore 4
 261              		.cfi_def_cfa_offset 0
 262 001e 7047     		bx	lr
 263              	.LVL10:
 264              	.L26:
 129:Drivers/GD32_F470_STD_Driver/Source/gd32f4xx_crc.c **** }
 265              		.loc 1 129 5 is_stmt 1 view .LVU52
 129:Drivers/GD32_F470_STD_Driver/Source/gd32f4xx_crc.c **** }
 266              		.loc 1 129 13 is_stmt 0 view .LVU53
 267 0020 014B     		ldr	r3, .L27
 268              	.LVL11:
 129:Drivers/GD32_F470_STD_Driver/Source/gd32f4xx_crc.c **** }
 269              		.loc 1 129 13 view .LVU54
 270 0022 1868     		ldr	r0, [r3]
 271              	.LVL12:
 272              		.loc 1 130 1 view .LVU55
 273 0024 7047     		bx	lr
 274              	.L28:
ARM GAS  /tmp/ccnerE33.s 			page 8


 275 0026 00BF     		.align	2
 276              	.L27:
 277 0028 00300240 		.word	1073885184
 278              		.cfi_endproc
 279              	.LFE122:
 281              		.text
 282              	.Letext0:
 283              		.file 2 "/home/funtime/arm_gcc/gcc-arm-none-eabi-10.3-2021.10/arm-none-eabi/include/machine/_defau
 284              		.file 3 "/home/funtime/arm_gcc/gcc-arm-none-eabi-10.3-2021.10/arm-none-eabi/include/sys/_stdint.h"
ARM GAS  /tmp/ccnerE33.s 			page 9


DEFINED SYMBOLS
                            *ABS*:0000000000000000 gd32f4xx_crc.c
     /tmp/ccnerE33.s:20     .text.crc_deinit:0000000000000000 $t
     /tmp/ccnerE33.s:26     .text.crc_deinit:0000000000000000 crc_deinit
     /tmp/ccnerE33.s:52     .text.crc_deinit:0000000000000014 $d
     /tmp/ccnerE33.s:57     .text.crc_data_register_reset:0000000000000000 $t
     /tmp/ccnerE33.s:63     .text.crc_data_register_reset:0000000000000000 crc_data_register_reset
     /tmp/ccnerE33.s:81     .text.crc_data_register_reset:000000000000000c $d
     /tmp/ccnerE33.s:86     .text.crc_data_register_read:0000000000000000 $t
     /tmp/ccnerE33.s:92     .text.crc_data_register_read:0000000000000000 crc_data_register_read
     /tmp/ccnerE33.s:111    .text.crc_data_register_read:0000000000000008 $d
     /tmp/ccnerE33.s:116    .text.crc_free_data_register_read:0000000000000000 $t
     /tmp/ccnerE33.s:122    .text.crc_free_data_register_read:0000000000000000 crc_free_data_register_read
     /tmp/ccnerE33.s:143    .text.crc_free_data_register_read:0000000000000008 $d
     /tmp/ccnerE33.s:148    .text.crc_free_data_register_write:0000000000000000 $t
     /tmp/ccnerE33.s:154    .text.crc_free_data_register_write:0000000000000000 crc_free_data_register_write
     /tmp/ccnerE33.s:171    .text.crc_free_data_register_write:0000000000000008 $d
     /tmp/ccnerE33.s:176    .text.crc_single_data_calculate:0000000000000000 $t
     /tmp/ccnerE33.s:182    .text.crc_single_data_calculate:0000000000000000 crc_single_data_calculate
     /tmp/ccnerE33.s:203    .text.crc_single_data_calculate:0000000000000008 $d
     /tmp/ccnerE33.s:208    .text.crc_block_data_calculate:0000000000000000 $t
     /tmp/ccnerE33.s:214    .text.crc_block_data_calculate:0000000000000000 crc_block_data_calculate
     /tmp/ccnerE33.s:277    .text.crc_block_data_calculate:0000000000000028 $d

NO UNDEFINED SYMBOLS
