ARM GAS  /tmp/ccF9XZFU.s 			page 1


   1              		.cpu cortex-m4
   2              		.arch armv7e-m
   3              		.fpu fpv4-sp-d16
   4              		.eabi_attribute 27, 1
   5              		.eabi_attribute 28, 1
   6              		.eabi_attribute 20, 1
   7              		.eabi_attribute 21, 1
   8              		.eabi_attribute 23, 3
   9              		.eabi_attribute 24, 1
  10              		.eabi_attribute 25, 1
  11              		.eabi_attribute 26, 1
  12              		.eabi_attribute 30, 1
  13              		.eabi_attribute 34, 1
  14              		.eabi_attribute 18, 4
  15              		.file	"gd32f4xx_misc.c"
  16              		.text
  17              	.Ltext0:
  18              		.cfi_sections	.debug_frame
  19              		.section	.text.nvic_priority_group_set,"ax",%progbits
  20              		.align	1
  21              		.global	nvic_priority_group_set
  22              		.syntax unified
  23              		.thumb
  24              		.thumb_func
  26              	nvic_priority_group_set:
  27              	.LVL0:
  28              	.LFB116:
  29              		.file 1 "Drivers/GD32_F470_STD_Driver/Source/gd32f4xx_misc.c"
   1:Drivers/GD32_F470_STD_Driver/Source/gd32f4xx_misc.c **** /*!
   2:Drivers/GD32_F470_STD_Driver/Source/gd32f4xx_misc.c ****     \file    gd32f4xx_misc.c
   3:Drivers/GD32_F470_STD_Driver/Source/gd32f4xx_misc.c ****     \brief   MISC driver
   4:Drivers/GD32_F470_STD_Driver/Source/gd32f4xx_misc.c ****     \version 2016-08-15, V1.0.0, firmware for GD32F4xx
   5:Drivers/GD32_F470_STD_Driver/Source/gd32f4xx_misc.c ****     \version 2018-12-12, V2.0.0, firmware for GD32F4xx
   6:Drivers/GD32_F470_STD_Driver/Source/gd32f4xx_misc.c ****     \version 2020-09-30, V2.1.0, firmware for GD32F4xx
   7:Drivers/GD32_F470_STD_Driver/Source/gd32f4xx_misc.c ****     \version 2022-03-09, V3.0.0, firmware for GD32F4xx
   8:Drivers/GD32_F470_STD_Driver/Source/gd32f4xx_misc.c **** */
   9:Drivers/GD32_F470_STD_Driver/Source/gd32f4xx_misc.c **** 
  10:Drivers/GD32_F470_STD_Driver/Source/gd32f4xx_misc.c **** /*
  11:Drivers/GD32_F470_STD_Driver/Source/gd32f4xx_misc.c ****     Copyright (c) 2022, GigaDevice Semiconductor Inc.
  12:Drivers/GD32_F470_STD_Driver/Source/gd32f4xx_misc.c **** 
  13:Drivers/GD32_F470_STD_Driver/Source/gd32f4xx_misc.c ****     Redistribution and use in source and binary forms, with or without modification,
  14:Drivers/GD32_F470_STD_Driver/Source/gd32f4xx_misc.c **** are permitted provided that the following conditions are met:
  15:Drivers/GD32_F470_STD_Driver/Source/gd32f4xx_misc.c **** 
  16:Drivers/GD32_F470_STD_Driver/Source/gd32f4xx_misc.c ****     1. Redistributions of source code must retain the above copyright notice, this
  17:Drivers/GD32_F470_STD_Driver/Source/gd32f4xx_misc.c ****        list of conditions and the following disclaimer.
  18:Drivers/GD32_F470_STD_Driver/Source/gd32f4xx_misc.c ****     2. Redistributions in binary form must reproduce the above copyright notice,
  19:Drivers/GD32_F470_STD_Driver/Source/gd32f4xx_misc.c ****        this list of conditions and the following disclaimer in the documentation
  20:Drivers/GD32_F470_STD_Driver/Source/gd32f4xx_misc.c ****        and/or other materials provided with the distribution.
  21:Drivers/GD32_F470_STD_Driver/Source/gd32f4xx_misc.c ****     3. Neither the name of the copyright holder nor the names of its contributors
  22:Drivers/GD32_F470_STD_Driver/Source/gd32f4xx_misc.c ****        may be used to endorse or promote products derived from this software without
  23:Drivers/GD32_F470_STD_Driver/Source/gd32f4xx_misc.c ****        specific prior written permission.
  24:Drivers/GD32_F470_STD_Driver/Source/gd32f4xx_misc.c **** 
  25:Drivers/GD32_F470_STD_Driver/Source/gd32f4xx_misc.c ****     THIS SOFTWARE IS PROVIDED BY THE COPYRIGHT HOLDERS AND CONTRIBUTORS "AS IS"
  26:Drivers/GD32_F470_STD_Driver/Source/gd32f4xx_misc.c **** AND ANY EXPRESS OR IMPLIED WARRANTIES, INCLUDING, BUT NOT LIMITED TO, THE IMPLIED
  27:Drivers/GD32_F470_STD_Driver/Source/gd32f4xx_misc.c **** WARRANTIES OF MERCHANTABILITY AND FITNESS FOR A PARTICULAR PURPOSE ARE DISCLAIMED.
  28:Drivers/GD32_F470_STD_Driver/Source/gd32f4xx_misc.c **** IN NO EVENT SHALL THE COPYRIGHT HOLDER OR CONTRIBUTORS BE LIABLE FOR ANY DIRECT,
  29:Drivers/GD32_F470_STD_Driver/Source/gd32f4xx_misc.c **** INDIRECT, INCIDENTAL, SPECIAL, EXEMPLARY, OR CONSEQUENTIAL DAMAGES (INCLUDING, BUT
ARM GAS  /tmp/ccF9XZFU.s 			page 2


  30:Drivers/GD32_F470_STD_Driver/Source/gd32f4xx_misc.c **** NOT LIMITED TO, PROCUREMENT OF SUBSTITUTE GOODS OR SERVICES; LOSS OF USE, DATA, OR
  31:Drivers/GD32_F470_STD_Driver/Source/gd32f4xx_misc.c **** PROFITS; OR BUSINESS INTERRUPTION) HOWEVER CAUSED AND ON ANY THEORY OF LIABILITY,
  32:Drivers/GD32_F470_STD_Driver/Source/gd32f4xx_misc.c **** WHETHER IN CONTRACT, STRICT LIABILITY, OR TORT (INCLUDING NEGLIGENCE OR OTHERWISE)
  33:Drivers/GD32_F470_STD_Driver/Source/gd32f4xx_misc.c **** ARISING IN ANY WAY OUT OF THE USE OF THIS SOFTWARE, EVEN IF ADVISED OF THE POSSIBILITY
  34:Drivers/GD32_F470_STD_Driver/Source/gd32f4xx_misc.c **** OF SUCH DAMAGE.
  35:Drivers/GD32_F470_STD_Driver/Source/gd32f4xx_misc.c **** */
  36:Drivers/GD32_F470_STD_Driver/Source/gd32f4xx_misc.c **** 
  37:Drivers/GD32_F470_STD_Driver/Source/gd32f4xx_misc.c **** #include "gd32f4xx_misc.h"
  38:Drivers/GD32_F470_STD_Driver/Source/gd32f4xx_misc.c **** 
  39:Drivers/GD32_F470_STD_Driver/Source/gd32f4xx_misc.c **** /*!
  40:Drivers/GD32_F470_STD_Driver/Source/gd32f4xx_misc.c ****     \brief    set the priority group
  41:Drivers/GD32_F470_STD_Driver/Source/gd32f4xx_misc.c ****     \param[in]  nvic_prigroup: the NVIC priority group
  42:Drivers/GD32_F470_STD_Driver/Source/gd32f4xx_misc.c ****       \arg        NVIC_PRIGROUP_PRE0_SUB4:0 bits for pre-emption priority 4 bits for subpriority
  43:Drivers/GD32_F470_STD_Driver/Source/gd32f4xx_misc.c ****       \arg        NVIC_PRIGROUP_PRE1_SUB3:1 bits for pre-emption priority 3 bits for subpriority
  44:Drivers/GD32_F470_STD_Driver/Source/gd32f4xx_misc.c ****       \arg        NVIC_PRIGROUP_PRE2_SUB2:2 bits for pre-emption priority 2 bits for subpriority
  45:Drivers/GD32_F470_STD_Driver/Source/gd32f4xx_misc.c ****       \arg        NVIC_PRIGROUP_PRE3_SUB1:3 bits for pre-emption priority 1 bits for subpriority
  46:Drivers/GD32_F470_STD_Driver/Source/gd32f4xx_misc.c ****       \arg        NVIC_PRIGROUP_PRE4_SUB0:4 bits for pre-emption priority 0 bits for subpriority
  47:Drivers/GD32_F470_STD_Driver/Source/gd32f4xx_misc.c ****     \param[out] none
  48:Drivers/GD32_F470_STD_Driver/Source/gd32f4xx_misc.c ****     \retval     none
  49:Drivers/GD32_F470_STD_Driver/Source/gd32f4xx_misc.c **** */
  50:Drivers/GD32_F470_STD_Driver/Source/gd32f4xx_misc.c **** void nvic_priority_group_set(uint32_t nvic_prigroup)
  51:Drivers/GD32_F470_STD_Driver/Source/gd32f4xx_misc.c **** {
  30              		.loc 1 51 1 view -0
  31              		.cfi_startproc
  32              		@ args = 0, pretend = 0, frame = 0
  33              		@ frame_needed = 0, uses_anonymous_args = 0
  34              		@ link register save eliminated.
  52:Drivers/GD32_F470_STD_Driver/Source/gd32f4xx_misc.c ****     /* set the priority group value */
  53:Drivers/GD32_F470_STD_Driver/Source/gd32f4xx_misc.c ****     SCB->AIRCR = NVIC_AIRCR_VECTKEY_MASK | nvic_prigroup;
  35              		.loc 1 53 5 view .LVU1
  36              		.loc 1 53 42 is_stmt 0 view .LVU2
  37 0000 40F0BF60 		orr	r0, r0, #100139008
  38              	.LVL1:
  39              		.loc 1 53 42 view .LVU3
  40 0004 40F40030 		orr	r0, r0, #131072
  41              		.loc 1 53 16 view .LVU4
  42 0008 014B     		ldr	r3, .L2
  43 000a D860     		str	r0, [r3, #12]
  54:Drivers/GD32_F470_STD_Driver/Source/gd32f4xx_misc.c **** }
  44              		.loc 1 54 1 view .LVU5
  45 000c 7047     		bx	lr
  46              	.L3:
  47 000e 00BF     		.align	2
  48              	.L2:
  49 0010 00ED00E0 		.word	-536810240
  50              		.cfi_endproc
  51              	.LFE116:
  53              		.section	.text.nvic_irq_enable,"ax",%progbits
  54              		.align	1
  55              		.global	nvic_irq_enable
  56              		.syntax unified
  57              		.thumb
  58              		.thumb_func
  60              	nvic_irq_enable:
  61              	.LVL2:
  62              	.LFB117:
  55:Drivers/GD32_F470_STD_Driver/Source/gd32f4xx_misc.c **** 
ARM GAS  /tmp/ccF9XZFU.s 			page 3


  56:Drivers/GD32_F470_STD_Driver/Source/gd32f4xx_misc.c **** /*!
  57:Drivers/GD32_F470_STD_Driver/Source/gd32f4xx_misc.c ****     \brief    enable NVIC request
  58:Drivers/GD32_F470_STD_Driver/Source/gd32f4xx_misc.c ****     \param[in]  nvic_irq: the NVIC interrupt request, detailed in IRQn_Type
  59:Drivers/GD32_F470_STD_Driver/Source/gd32f4xx_misc.c ****     \param[in]  nvic_irq_pre_priority: the pre-emption priority needed to set
  60:Drivers/GD32_F470_STD_Driver/Source/gd32f4xx_misc.c ****     \param[in]  nvic_irq_sub_priority: the subpriority needed to set
  61:Drivers/GD32_F470_STD_Driver/Source/gd32f4xx_misc.c ****     \param[out] none
  62:Drivers/GD32_F470_STD_Driver/Source/gd32f4xx_misc.c ****     \retval     none
  63:Drivers/GD32_F470_STD_Driver/Source/gd32f4xx_misc.c **** */
  64:Drivers/GD32_F470_STD_Driver/Source/gd32f4xx_misc.c **** void nvic_irq_enable(uint8_t nvic_irq, uint8_t nvic_irq_pre_priority,
  65:Drivers/GD32_F470_STD_Driver/Source/gd32f4xx_misc.c ****                      uint8_t nvic_irq_sub_priority)
  66:Drivers/GD32_F470_STD_Driver/Source/gd32f4xx_misc.c **** {
  63              		.loc 1 66 1 is_stmt 1 view -0
  64              		.cfi_startproc
  65              		@ args = 0, pretend = 0, frame = 0
  66              		@ frame_needed = 0, uses_anonymous_args = 0
  67              		.loc 1 66 1 is_stmt 0 view .LVU7
  68 0000 70B5     		push	{r4, r5, r6, lr}
  69              	.LCFI0:
  70              		.cfi_def_cfa_offset 16
  71              		.cfi_offset 4, -16
  72              		.cfi_offset 5, -12
  73              		.cfi_offset 6, -8
  74              		.cfi_offset 14, -4
  75 0002 0546     		mov	r5, r0
  76 0004 0E46     		mov	r6, r1
  77 0006 1446     		mov	r4, r2
  67:Drivers/GD32_F470_STD_Driver/Source/gd32f4xx_misc.c ****     uint32_t temp_priority = 0x00U, temp_pre = 0x00U, temp_sub = 0x00U;
  78              		.loc 1 67 5 is_stmt 1 view .LVU8
  79              	.LVL3:
  68:Drivers/GD32_F470_STD_Driver/Source/gd32f4xx_misc.c ****     /* use the priority group value to get the temp_pre and the temp_sub */
  69:Drivers/GD32_F470_STD_Driver/Source/gd32f4xx_misc.c ****     if(((SCB->AIRCR) & (uint32_t)0x700U) == NVIC_PRIGROUP_PRE0_SUB4) {
  80              		.loc 1 69 5 view .LVU9
  81              		.loc 1 69 13 is_stmt 0 view .LVU10
  82 0008 274B     		ldr	r3, .L13
  83 000a DB68     		ldr	r3, [r3, #12]
  84              		.loc 1 69 22 view .LVU11
  85 000c 03F4E063 		and	r3, r3, #1792
  86              		.loc 1 69 7 view .LVU12
  87 0010 B3F5E06F 		cmp	r3, #1792
  88 0014 25D0     		beq	.L6
  70:Drivers/GD32_F470_STD_Driver/Source/gd32f4xx_misc.c ****         temp_pre = 0U;
  71:Drivers/GD32_F470_STD_Driver/Source/gd32f4xx_misc.c ****         temp_sub = 0x4U;
  72:Drivers/GD32_F470_STD_Driver/Source/gd32f4xx_misc.c ****     } else if(((SCB->AIRCR) & (uint32_t)0x700U) == NVIC_PRIGROUP_PRE1_SUB3) {
  89              		.loc 1 72 12 is_stmt 1 view .LVU13
  90              		.loc 1 72 20 is_stmt 0 view .LVU14
  91 0016 244B     		ldr	r3, .L13
  92 0018 DB68     		ldr	r3, [r3, #12]
  93              		.loc 1 72 29 view .LVU15
  94 001a 03F4E063 		and	r3, r3, #1792
  95              		.loc 1 72 14 view .LVU16
  96 001e B3F5C06F 		cmp	r3, #1536
  97 0022 38D0     		beq	.L7
  73:Drivers/GD32_F470_STD_Driver/Source/gd32f4xx_misc.c ****         temp_pre = 1U;
  74:Drivers/GD32_F470_STD_Driver/Source/gd32f4xx_misc.c ****         temp_sub = 0x3U;
  75:Drivers/GD32_F470_STD_Driver/Source/gd32f4xx_misc.c ****     } else if(((SCB->AIRCR) & (uint32_t)0x700U) == NVIC_PRIGROUP_PRE2_SUB2) {
  98              		.loc 1 75 12 is_stmt 1 view .LVU17
  99              		.loc 1 75 20 is_stmt 0 view .LVU18
ARM GAS  /tmp/ccF9XZFU.s 			page 4


 100 0024 204B     		ldr	r3, .L13
 101 0026 DB68     		ldr	r3, [r3, #12]
 102              		.loc 1 75 29 view .LVU19
 103 0028 03F4E063 		and	r3, r3, #1792
 104              		.loc 1 75 14 view .LVU20
 105 002c B3F5A06F 		cmp	r3, #1280
 106 0030 34D0     		beq	.L8
  76:Drivers/GD32_F470_STD_Driver/Source/gd32f4xx_misc.c ****         temp_pre = 2U;
  77:Drivers/GD32_F470_STD_Driver/Source/gd32f4xx_misc.c ****         temp_sub = 0x2U;
  78:Drivers/GD32_F470_STD_Driver/Source/gd32f4xx_misc.c ****     } else if(((SCB->AIRCR) & (uint32_t)0x700U) == NVIC_PRIGROUP_PRE3_SUB1) {
 107              		.loc 1 78 12 is_stmt 1 view .LVU21
 108              		.loc 1 78 20 is_stmt 0 view .LVU22
 109 0032 1D4B     		ldr	r3, .L13
 110 0034 DB68     		ldr	r3, [r3, #12]
 111              		.loc 1 78 29 view .LVU23
 112 0036 03F4E063 		and	r3, r3, #1792
 113              		.loc 1 78 14 view .LVU24
 114 003a B3F5806F 		cmp	r3, #1024
 115 003e 30D0     		beq	.L9
  79:Drivers/GD32_F470_STD_Driver/Source/gd32f4xx_misc.c ****         temp_pre = 3U;
  80:Drivers/GD32_F470_STD_Driver/Source/gd32f4xx_misc.c ****         temp_sub = 0x1U;
  81:Drivers/GD32_F470_STD_Driver/Source/gd32f4xx_misc.c ****     } else if(((SCB->AIRCR) & (uint32_t)0x700U) == NVIC_PRIGROUP_PRE4_SUB0) {
 116              		.loc 1 81 12 is_stmt 1 view .LVU25
 117              		.loc 1 81 20 is_stmt 0 view .LVU26
 118 0040 194B     		ldr	r3, .L13
 119 0042 DB68     		ldr	r3, [r3, #12]
 120              		.loc 1 81 29 view .LVU27
 121 0044 03F4E063 		and	r3, r3, #1792
 122              		.loc 1 81 14 view .LVU28
 123 0048 B3F5407F 		cmp	r3, #768
 124 004c 02D1     		bne	.L12
  82:Drivers/GD32_F470_STD_Driver/Source/gd32f4xx_misc.c ****         temp_pre = 4U;
  83:Drivers/GD32_F470_STD_Driver/Source/gd32f4xx_misc.c ****         temp_sub = 0x0U;
 125              		.loc 1 83 18 view .LVU29
 126 004e 0023     		movs	r3, #0
  82:Drivers/GD32_F470_STD_Driver/Source/gd32f4xx_misc.c ****         temp_pre = 4U;
 127              		.loc 1 82 18 view .LVU30
 128 0050 0421     		movs	r1, #4
 129              	.LVL4:
  82:Drivers/GD32_F470_STD_Driver/Source/gd32f4xx_misc.c ****         temp_pre = 4U;
 130              		.loc 1 82 18 view .LVU31
 131 0052 08E0     		b	.L5
 132              	.LVL5:
 133              	.L12:
  84:Drivers/GD32_F470_STD_Driver/Source/gd32f4xx_misc.c ****     } else {
  85:Drivers/GD32_F470_STD_Driver/Source/gd32f4xx_misc.c ****         nvic_priority_group_set(NVIC_PRIGROUP_PRE2_SUB2);
 134              		.loc 1 85 9 is_stmt 1 view .LVU32
 135 0054 4FF4A060 		mov	r0, #1280
 136              	.LVL6:
 137              		.loc 1 85 9 is_stmt 0 view .LVU33
 138 0058 FFF7FEFF 		bl	nvic_priority_group_set
 139              	.LVL7:
  86:Drivers/GD32_F470_STD_Driver/Source/gd32f4xx_misc.c ****         temp_pre = 2U;
 140              		.loc 1 86 9 is_stmt 1 view .LVU34
  87:Drivers/GD32_F470_STD_Driver/Source/gd32f4xx_misc.c ****         temp_sub = 0x2U;
 141              		.loc 1 87 9 view .LVU35
 142              		.loc 1 87 18 is_stmt 0 view .LVU36
ARM GAS  /tmp/ccF9XZFU.s 			page 5


 143 005c 0223     		movs	r3, #2
  86:Drivers/GD32_F470_STD_Driver/Source/gd32f4xx_misc.c ****         temp_pre = 2U;
 144              		.loc 1 86 18 view .LVU37
 145 005e 1946     		mov	r1, r3
 146 0060 01E0     		b	.L5
 147              	.LVL8:
 148              	.L6:
  71:Drivers/GD32_F470_STD_Driver/Source/gd32f4xx_misc.c ****     } else if(((SCB->AIRCR) & (uint32_t)0x700U) == NVIC_PRIGROUP_PRE1_SUB3) {
 149              		.loc 1 71 18 view .LVU38
 150 0062 0423     		movs	r3, #4
  70:Drivers/GD32_F470_STD_Driver/Source/gd32f4xx_misc.c ****         temp_sub = 0x4U;
 151              		.loc 1 70 18 view .LVU39
 152 0064 0021     		movs	r1, #0
 153              	.LVL9:
 154              	.L5:
  88:Drivers/GD32_F470_STD_Driver/Source/gd32f4xx_misc.c ****     }
  89:Drivers/GD32_F470_STD_Driver/Source/gd32f4xx_misc.c ****     /* get the temp_priority to fill the NVIC->IP register */
  90:Drivers/GD32_F470_STD_Driver/Source/gd32f4xx_misc.c ****     temp_priority = (uint32_t)nvic_irq_pre_priority << (0x4U - temp_pre);
 155              		.loc 1 90 5 is_stmt 1 view .LVU40
 156              		.loc 1 90 62 is_stmt 0 view .LVU41
 157 0066 C1F10401 		rsb	r1, r1, #4
 158              	.LVL10:
 159              		.loc 1 90 19 view .LVU42
 160 006a 8E40     		lsls	r6, r6, r1
 161              	.LVL11:
  91:Drivers/GD32_F470_STD_Driver/Source/gd32f4xx_misc.c ****     temp_priority |= nvic_irq_sub_priority & (0x0FU >> (0x4U - temp_sub));
 162              		.loc 1 91 5 is_stmt 1 view .LVU43
 163              		.loc 1 91 62 is_stmt 0 view .LVU44
 164 006c C3F10403 		rsb	r3, r3, #4
 165              	.LVL12:
 166              		.loc 1 91 53 view .LVU45
 167 0070 0F22     		movs	r2, #15
 168 0072 22FA03F3 		lsr	r3, r2, r3
 169              		.loc 1 91 44 view .LVU46
 170 0076 1C40     		ands	r4, r4, r3
 171              		.loc 1 91 19 view .LVU47
 172 0078 3443     		orrs	r4, r4, r6
 173              	.LVL13:
  92:Drivers/GD32_F470_STD_Driver/Source/gd32f4xx_misc.c ****     temp_priority = temp_priority << 0x04U;
 174              		.loc 1 92 5 is_stmt 1 view .LVU48
 175              		.loc 1 92 19 is_stmt 0 view .LVU49
 176 007a 2401     		lsls	r4, r4, #4
 177              	.LVL14:
  93:Drivers/GD32_F470_STD_Driver/Source/gd32f4xx_misc.c ****     NVIC->IP[nvic_irq] = (uint8_t)temp_priority;
 178              		.loc 1 93 5 is_stmt 1 view .LVU50
 179              		.loc 1 93 26 is_stmt 0 view .LVU51
 180 007c E4B2     		uxtb	r4, r4
 181              	.LVL15:
 182              		.loc 1 93 24 view .LVU52
 183 007e 0B4A     		ldr	r2, .L13+4
 184 0080 5319     		adds	r3, r2, r5
 185 0082 83F80043 		strb	r4, [r3, #768]
  94:Drivers/GD32_F470_STD_Driver/Source/gd32f4xx_misc.c ****     /* enable the selected IRQ */
  95:Drivers/GD32_F470_STD_Driver/Source/gd32f4xx_misc.c ****     NVIC->ISER[nvic_irq >> 0x05U] = (uint32_t)0x01U << (nvic_irq & (uint8_t)0x1FU);
 186              		.loc 1 95 5 is_stmt 1 view .LVU53
 187              		.loc 1 95 66 is_stmt 0 view .LVU54
 188 0086 05F01F01 		and	r1, r5, #31
ARM GAS  /tmp/ccF9XZFU.s 			page 6


 189              		.loc 1 95 25 view .LVU55
 190 008a 6D09     		lsrs	r5, r5, #5
 191              		.loc 1 95 53 view .LVU56
 192 008c 0123     		movs	r3, #1
 193 008e 8B40     		lsls	r3, r3, r1
 194              		.loc 1 95 35 view .LVU57
 195 0090 42F82530 		str	r3, [r2, r5, lsl #2]
  96:Drivers/GD32_F470_STD_Driver/Source/gd32f4xx_misc.c **** }
 196              		.loc 1 96 1 view .LVU58
 197 0094 70BD     		pop	{r4, r5, r6, pc}
 198              	.LVL16:
 199              	.L7:
  74:Drivers/GD32_F470_STD_Driver/Source/gd32f4xx_misc.c ****     } else if(((SCB->AIRCR) & (uint32_t)0x700U) == NVIC_PRIGROUP_PRE2_SUB2) {
 200              		.loc 1 74 18 view .LVU59
 201 0096 0323     		movs	r3, #3
  73:Drivers/GD32_F470_STD_Driver/Source/gd32f4xx_misc.c ****         temp_sub = 0x3U;
 202              		.loc 1 73 18 view .LVU60
 203 0098 0121     		movs	r1, #1
 204              	.LVL17:
  73:Drivers/GD32_F470_STD_Driver/Source/gd32f4xx_misc.c ****         temp_sub = 0x3U;
 205              		.loc 1 73 18 view .LVU61
 206 009a E4E7     		b	.L5
 207              	.LVL18:
 208              	.L8:
  77:Drivers/GD32_F470_STD_Driver/Source/gd32f4xx_misc.c ****     } else if(((SCB->AIRCR) & (uint32_t)0x700U) == NVIC_PRIGROUP_PRE3_SUB1) {
 209              		.loc 1 77 18 view .LVU62
 210 009c 0223     		movs	r3, #2
  76:Drivers/GD32_F470_STD_Driver/Source/gd32f4xx_misc.c ****         temp_sub = 0x2U;
 211              		.loc 1 76 18 view .LVU63
 212 009e 1946     		mov	r1, r3
 213              	.LVL19:
  76:Drivers/GD32_F470_STD_Driver/Source/gd32f4xx_misc.c ****         temp_sub = 0x2U;
 214              		.loc 1 76 18 view .LVU64
 215 00a0 E1E7     		b	.L5
 216              	.LVL20:
 217              	.L9:
  80:Drivers/GD32_F470_STD_Driver/Source/gd32f4xx_misc.c ****     } else if(((SCB->AIRCR) & (uint32_t)0x700U) == NVIC_PRIGROUP_PRE4_SUB0) {
 218              		.loc 1 80 18 view .LVU65
 219 00a2 0123     		movs	r3, #1
  79:Drivers/GD32_F470_STD_Driver/Source/gd32f4xx_misc.c ****         temp_sub = 0x1U;
 220              		.loc 1 79 18 view .LVU66
 221 00a4 0321     		movs	r1, #3
 222              	.LVL21:
  79:Drivers/GD32_F470_STD_Driver/Source/gd32f4xx_misc.c ****         temp_sub = 0x1U;
 223              		.loc 1 79 18 view .LVU67
 224 00a6 DEE7     		b	.L5
 225              	.L14:
 226              		.align	2
 227              	.L13:
 228 00a8 00ED00E0 		.word	-536810240
 229 00ac 00E100E0 		.word	-536813312
 230              		.cfi_endproc
 231              	.LFE117:
 233              		.section	.text.nvic_irq_disable,"ax",%progbits
 234              		.align	1
 235              		.global	nvic_irq_disable
 236              		.syntax unified
ARM GAS  /tmp/ccF9XZFU.s 			page 7


 237              		.thumb
 238              		.thumb_func
 240              	nvic_irq_disable:
 241              	.LVL22:
 242              	.LFB118:
  97:Drivers/GD32_F470_STD_Driver/Source/gd32f4xx_misc.c **** 
  98:Drivers/GD32_F470_STD_Driver/Source/gd32f4xx_misc.c **** /*!
  99:Drivers/GD32_F470_STD_Driver/Source/gd32f4xx_misc.c ****     \brief    disable NVIC request
 100:Drivers/GD32_F470_STD_Driver/Source/gd32f4xx_misc.c ****     \param[in]  nvic_irq: the NVIC interrupt request, detailed in IRQn_Type
 101:Drivers/GD32_F470_STD_Driver/Source/gd32f4xx_misc.c ****     \param[out] none
 102:Drivers/GD32_F470_STD_Driver/Source/gd32f4xx_misc.c ****     \retval     none
 103:Drivers/GD32_F470_STD_Driver/Source/gd32f4xx_misc.c **** */
 104:Drivers/GD32_F470_STD_Driver/Source/gd32f4xx_misc.c **** void nvic_irq_disable(uint8_t nvic_irq)
 105:Drivers/GD32_F470_STD_Driver/Source/gd32f4xx_misc.c **** {
 243              		.loc 1 105 1 is_stmt 1 view -0
 244              		.cfi_startproc
 245              		@ args = 0, pretend = 0, frame = 0
 246              		@ frame_needed = 0, uses_anonymous_args = 0
 247              		@ link register save eliminated.
 106:Drivers/GD32_F470_STD_Driver/Source/gd32f4xx_misc.c ****     /* disable the selected IRQ.*/
 107:Drivers/GD32_F470_STD_Driver/Source/gd32f4xx_misc.c ****     NVIC->ICER[nvic_irq >> 0x05] = (uint32_t)0x01 << (nvic_irq & (uint8_t)0x1F);
 248              		.loc 1 107 5 view .LVU69
 249              		.loc 1 107 64 is_stmt 0 view .LVU70
 250 0000 00F01F02 		and	r2, r0, #31
 251              		.loc 1 107 25 view .LVU71
 252 0004 4009     		lsrs	r0, r0, #5
 253              	.LVL23:
 254              		.loc 1 107 51 view .LVU72
 255 0006 0123     		movs	r3, #1
 256 0008 9340     		lsls	r3, r3, r2
 257              		.loc 1 107 34 view .LVU73
 258 000a 2030     		adds	r0, r0, #32
 259 000c 014A     		ldr	r2, .L16
 260 000e 42F82030 		str	r3, [r2, r0, lsl #2]
 108:Drivers/GD32_F470_STD_Driver/Source/gd32f4xx_misc.c **** }
 261              		.loc 1 108 1 view .LVU74
 262 0012 7047     		bx	lr
 263              	.L17:
 264              		.align	2
 265              	.L16:
 266 0014 00E100E0 		.word	-536813312
 267              		.cfi_endproc
 268              	.LFE118:
 270              		.section	.text.nvic_vector_table_set,"ax",%progbits
 271              		.align	1
 272              		.global	nvic_vector_table_set
 273              		.syntax unified
 274              		.thumb
 275              		.thumb_func
 277              	nvic_vector_table_set:
 278              	.LVL24:
 279              	.LFB119:
 109:Drivers/GD32_F470_STD_Driver/Source/gd32f4xx_misc.c **** 
 110:Drivers/GD32_F470_STD_Driver/Source/gd32f4xx_misc.c **** /*!
 111:Drivers/GD32_F470_STD_Driver/Source/gd32f4xx_misc.c ****     \brief    set the NVIC vector table base address
 112:Drivers/GD32_F470_STD_Driver/Source/gd32f4xx_misc.c ****     \param[in]  nvic_vict_tab: the RAM or FLASH base address
 113:Drivers/GD32_F470_STD_Driver/Source/gd32f4xx_misc.c ****       \arg        NVIC_VECTTAB_RAM: RAM base address
ARM GAS  /tmp/ccF9XZFU.s 			page 8


 114:Drivers/GD32_F470_STD_Driver/Source/gd32f4xx_misc.c ****       \are        NVIC_VECTTAB_FLASH: Flash base address
 115:Drivers/GD32_F470_STD_Driver/Source/gd32f4xx_misc.c ****     \param[in]  offset: Vector Table offset
 116:Drivers/GD32_F470_STD_Driver/Source/gd32f4xx_misc.c ****     \param[out] none
 117:Drivers/GD32_F470_STD_Driver/Source/gd32f4xx_misc.c ****     \retval     none
 118:Drivers/GD32_F470_STD_Driver/Source/gd32f4xx_misc.c **** */
 119:Drivers/GD32_F470_STD_Driver/Source/gd32f4xx_misc.c **** void nvic_vector_table_set(uint32_t nvic_vict_tab, uint32_t offset)
 120:Drivers/GD32_F470_STD_Driver/Source/gd32f4xx_misc.c **** {
 280              		.loc 1 120 1 is_stmt 1 view -0
 281              		.cfi_startproc
 282              		@ args = 0, pretend = 0, frame = 0
 283              		@ frame_needed = 0, uses_anonymous_args = 0
 284              		@ link register save eliminated.
 121:Drivers/GD32_F470_STD_Driver/Source/gd32f4xx_misc.c ****     SCB->VTOR = nvic_vict_tab | (offset & NVIC_VECTTAB_OFFSET_MASK);
 285              		.loc 1 121 5 view .LVU76
 286              		.loc 1 121 41 is_stmt 0 view .LVU77
 287 0000 21F06041 		bic	r1, r1, #-536870912
 288              	.LVL25:
 289              		.loc 1 121 41 view .LVU78
 290 0004 21F07F01 		bic	r1, r1, #127
 291              		.loc 1 121 31 view .LVU79
 292 0008 0143     		orrs	r1, r1, r0
 293              		.loc 1 121 15 view .LVU80
 294 000a 024B     		ldr	r3, .L19
 295 000c 9960     		str	r1, [r3, #8]
 122:Drivers/GD32_F470_STD_Driver/Source/gd32f4xx_misc.c ****     __DSB();
 296              		.loc 1 122 5 is_stmt 1 view .LVU81
 297              	.LBB4:
 298              	.LBI4:
 299              		.file 2 "Drivers/CMSIS/core_cmInstr.h"
   1:Drivers/CMSIS/core_cmInstr.h **** /**************************************************************************//**
   2:Drivers/CMSIS/core_cmInstr.h ****  * @file     core_cmInstr.h
   3:Drivers/CMSIS/core_cmInstr.h ****  * @brief    CMSIS Cortex-M Core Instruction Access Header File
   4:Drivers/CMSIS/core_cmInstr.h ****  * @version  V3.01
   5:Drivers/CMSIS/core_cmInstr.h ****  * @date     06. March 2012
   6:Drivers/CMSIS/core_cmInstr.h ****  *
   7:Drivers/CMSIS/core_cmInstr.h ****  * @note
   8:Drivers/CMSIS/core_cmInstr.h ****  * Copyright (C) 2009-2012 ARM Limited. All rights reserved.
   9:Drivers/CMSIS/core_cmInstr.h ****  *
  10:Drivers/CMSIS/core_cmInstr.h ****  * @par
  11:Drivers/CMSIS/core_cmInstr.h ****  * ARM Limited (ARM) is supplying this software for use with Cortex-M
  12:Drivers/CMSIS/core_cmInstr.h ****  * processor based microcontrollers.  This file can be freely distributed
  13:Drivers/CMSIS/core_cmInstr.h ****  * within development tools that are supporting such ARM based processors.
  14:Drivers/CMSIS/core_cmInstr.h ****  *
  15:Drivers/CMSIS/core_cmInstr.h ****  * @par
  16:Drivers/CMSIS/core_cmInstr.h ****  * THIS SOFTWARE IS PROVIDED "AS IS".  NO WARRANTIES, WHETHER EXPRESS, IMPLIED
  17:Drivers/CMSIS/core_cmInstr.h ****  * OR STATUTORY, INCLUDING, BUT NOT LIMITED TO, IMPLIED WARRANTIES OF
  18:Drivers/CMSIS/core_cmInstr.h ****  * MERCHANTABILITY AND FITNESS FOR A PARTICULAR PURPOSE APPLY TO THIS SOFTWARE.
  19:Drivers/CMSIS/core_cmInstr.h ****  * ARM SHALL NOT, IN ANY CIRCUMSTANCES, BE LIABLE FOR SPECIAL, INCIDENTAL, OR
  20:Drivers/CMSIS/core_cmInstr.h ****  * CONSEQUENTIAL DAMAGES, FOR ANY REASON WHATSOEVER.
  21:Drivers/CMSIS/core_cmInstr.h ****  *
  22:Drivers/CMSIS/core_cmInstr.h ****  ******************************************************************************/
  23:Drivers/CMSIS/core_cmInstr.h **** 
  24:Drivers/CMSIS/core_cmInstr.h **** #ifndef __CORE_CMINSTR_H
  25:Drivers/CMSIS/core_cmInstr.h **** #define __CORE_CMINSTR_H
  26:Drivers/CMSIS/core_cmInstr.h **** 
  27:Drivers/CMSIS/core_cmInstr.h **** 
  28:Drivers/CMSIS/core_cmInstr.h **** /* ##########################  Core Instruction Access  ######################### */
ARM GAS  /tmp/ccF9XZFU.s 			page 9


  29:Drivers/CMSIS/core_cmInstr.h **** /** \defgroup CMSIS_Core_InstructionInterface CMSIS Core Instruction Interface
  30:Drivers/CMSIS/core_cmInstr.h ****   Access to dedicated instructions
  31:Drivers/CMSIS/core_cmInstr.h ****   @{
  32:Drivers/CMSIS/core_cmInstr.h **** */
  33:Drivers/CMSIS/core_cmInstr.h **** 
  34:Drivers/CMSIS/core_cmInstr.h **** #if   defined ( __CC_ARM ) /*------------------RealView Compiler -----------------*/
  35:Drivers/CMSIS/core_cmInstr.h **** /* ARM armcc specific functions */
  36:Drivers/CMSIS/core_cmInstr.h **** 
  37:Drivers/CMSIS/core_cmInstr.h **** #if (__ARMCC_VERSION < 400677)
  38:Drivers/CMSIS/core_cmInstr.h ****   #error "Please use ARM Compiler Toolchain V4.0.677 or later!"
  39:Drivers/CMSIS/core_cmInstr.h **** #endif
  40:Drivers/CMSIS/core_cmInstr.h **** 
  41:Drivers/CMSIS/core_cmInstr.h **** 
  42:Drivers/CMSIS/core_cmInstr.h **** /** \brief  No Operation
  43:Drivers/CMSIS/core_cmInstr.h **** 
  44:Drivers/CMSIS/core_cmInstr.h ****     No Operation does nothing. This instruction can be used for code alignment purposes.
  45:Drivers/CMSIS/core_cmInstr.h ****  */
  46:Drivers/CMSIS/core_cmInstr.h **** #define __NOP                             __nop
  47:Drivers/CMSIS/core_cmInstr.h **** 
  48:Drivers/CMSIS/core_cmInstr.h **** 
  49:Drivers/CMSIS/core_cmInstr.h **** /** \brief  Wait For Interrupt
  50:Drivers/CMSIS/core_cmInstr.h **** 
  51:Drivers/CMSIS/core_cmInstr.h ****     Wait For Interrupt is a hint instruction that suspends execution
  52:Drivers/CMSIS/core_cmInstr.h ****     until one of a number of events occurs.
  53:Drivers/CMSIS/core_cmInstr.h ****  */
  54:Drivers/CMSIS/core_cmInstr.h **** #define __WFI                             __wfi
  55:Drivers/CMSIS/core_cmInstr.h **** 
  56:Drivers/CMSIS/core_cmInstr.h **** 
  57:Drivers/CMSIS/core_cmInstr.h **** /** \brief  Wait For Event
  58:Drivers/CMSIS/core_cmInstr.h **** 
  59:Drivers/CMSIS/core_cmInstr.h ****     Wait For Event is a hint instruction that permits the processor to enter
  60:Drivers/CMSIS/core_cmInstr.h ****     a low-power state until one of a number of events occurs.
  61:Drivers/CMSIS/core_cmInstr.h ****  */
  62:Drivers/CMSIS/core_cmInstr.h **** #define __WFE                             __wfe
  63:Drivers/CMSIS/core_cmInstr.h **** 
  64:Drivers/CMSIS/core_cmInstr.h **** 
  65:Drivers/CMSIS/core_cmInstr.h **** /** \brief  Send Event
  66:Drivers/CMSIS/core_cmInstr.h **** 
  67:Drivers/CMSIS/core_cmInstr.h ****     Send Event is a hint instruction. It causes an event to be signaled to the CPU.
  68:Drivers/CMSIS/core_cmInstr.h ****  */
  69:Drivers/CMSIS/core_cmInstr.h **** #define __SEV                             __sev
  70:Drivers/CMSIS/core_cmInstr.h **** 
  71:Drivers/CMSIS/core_cmInstr.h **** 
  72:Drivers/CMSIS/core_cmInstr.h **** /** \brief  Instruction Synchronization Barrier
  73:Drivers/CMSIS/core_cmInstr.h **** 
  74:Drivers/CMSIS/core_cmInstr.h ****     Instruction Synchronization Barrier flushes the pipeline in the processor,
  75:Drivers/CMSIS/core_cmInstr.h ****     so that all instructions following the ISB are fetched from cache or
  76:Drivers/CMSIS/core_cmInstr.h ****     memory, after the instruction has been completed.
  77:Drivers/CMSIS/core_cmInstr.h ****  */
  78:Drivers/CMSIS/core_cmInstr.h **** #define __ISB()                           __isb(0xF)
  79:Drivers/CMSIS/core_cmInstr.h **** 
  80:Drivers/CMSIS/core_cmInstr.h **** 
  81:Drivers/CMSIS/core_cmInstr.h **** /** \brief  Data Synchronization Barrier
  82:Drivers/CMSIS/core_cmInstr.h **** 
  83:Drivers/CMSIS/core_cmInstr.h ****     This function acts as a special kind of Data Memory Barrier.
  84:Drivers/CMSIS/core_cmInstr.h ****     It completes when all explicit memory accesses before this instruction complete.
  85:Drivers/CMSIS/core_cmInstr.h ****  */
ARM GAS  /tmp/ccF9XZFU.s 			page 10


  86:Drivers/CMSIS/core_cmInstr.h **** #define __DSB()                           __dsb(0xF)
  87:Drivers/CMSIS/core_cmInstr.h **** 
  88:Drivers/CMSIS/core_cmInstr.h **** 
  89:Drivers/CMSIS/core_cmInstr.h **** /** \brief  Data Memory Barrier
  90:Drivers/CMSIS/core_cmInstr.h **** 
  91:Drivers/CMSIS/core_cmInstr.h ****     This function ensures the apparent order of the explicit memory operations before
  92:Drivers/CMSIS/core_cmInstr.h ****     and after the instruction, without ensuring their completion.
  93:Drivers/CMSIS/core_cmInstr.h ****  */
  94:Drivers/CMSIS/core_cmInstr.h **** #define __DMB()                           __dmb(0xF)
  95:Drivers/CMSIS/core_cmInstr.h **** 
  96:Drivers/CMSIS/core_cmInstr.h **** 
  97:Drivers/CMSIS/core_cmInstr.h **** /** \brief  Reverse byte order (32 bit)
  98:Drivers/CMSIS/core_cmInstr.h **** 
  99:Drivers/CMSIS/core_cmInstr.h ****     This function reverses the byte order in integer value.
 100:Drivers/CMSIS/core_cmInstr.h **** 
 101:Drivers/CMSIS/core_cmInstr.h ****     \param [in]    value  Value to reverse
 102:Drivers/CMSIS/core_cmInstr.h ****     \return               Reversed value
 103:Drivers/CMSIS/core_cmInstr.h ****  */
 104:Drivers/CMSIS/core_cmInstr.h **** #define __REV                             __rev
 105:Drivers/CMSIS/core_cmInstr.h **** 
 106:Drivers/CMSIS/core_cmInstr.h **** 
 107:Drivers/CMSIS/core_cmInstr.h **** /** \brief  Reverse byte order (16 bit)
 108:Drivers/CMSIS/core_cmInstr.h **** 
 109:Drivers/CMSIS/core_cmInstr.h ****     This function reverses the byte order in two unsigned short values.
 110:Drivers/CMSIS/core_cmInstr.h **** 
 111:Drivers/CMSIS/core_cmInstr.h ****     \param [in]    value  Value to reverse
 112:Drivers/CMSIS/core_cmInstr.h ****     \return               Reversed value
 113:Drivers/CMSIS/core_cmInstr.h ****  */
 114:Drivers/CMSIS/core_cmInstr.h **** __attribute__((section(".rev16_text"))) __STATIC_INLINE __ASM uint32_t __REV16(uint32_t value)
 115:Drivers/CMSIS/core_cmInstr.h **** {
 116:Drivers/CMSIS/core_cmInstr.h ****   rev16 r0, r0
 117:Drivers/CMSIS/core_cmInstr.h ****   bx lr
 118:Drivers/CMSIS/core_cmInstr.h **** }
 119:Drivers/CMSIS/core_cmInstr.h **** 
 120:Drivers/CMSIS/core_cmInstr.h **** 
 121:Drivers/CMSIS/core_cmInstr.h **** /** \brief  Reverse byte order in signed short value
 122:Drivers/CMSIS/core_cmInstr.h **** 
 123:Drivers/CMSIS/core_cmInstr.h ****     This function reverses the byte order in a signed short value with sign extension to integer.
 124:Drivers/CMSIS/core_cmInstr.h **** 
 125:Drivers/CMSIS/core_cmInstr.h ****     \param [in]    value  Value to reverse
 126:Drivers/CMSIS/core_cmInstr.h ****     \return               Reversed value
 127:Drivers/CMSIS/core_cmInstr.h ****  */
 128:Drivers/CMSIS/core_cmInstr.h **** __attribute__((section(".revsh_text"))) __STATIC_INLINE __ASM int32_t __REVSH(int32_t value)
 129:Drivers/CMSIS/core_cmInstr.h **** {
 130:Drivers/CMSIS/core_cmInstr.h ****   revsh r0, r0
 131:Drivers/CMSIS/core_cmInstr.h ****   bx lr
 132:Drivers/CMSIS/core_cmInstr.h **** }
 133:Drivers/CMSIS/core_cmInstr.h **** 
 134:Drivers/CMSIS/core_cmInstr.h **** 
 135:Drivers/CMSIS/core_cmInstr.h **** /** \brief  Rotate Right in unsigned value (32 bit)
 136:Drivers/CMSIS/core_cmInstr.h **** 
 137:Drivers/CMSIS/core_cmInstr.h ****     This function Rotate Right (immediate) provides the value of the contents of a register rotated
 138:Drivers/CMSIS/core_cmInstr.h **** 
 139:Drivers/CMSIS/core_cmInstr.h ****     \param [in]    value  Value to rotate
 140:Drivers/CMSIS/core_cmInstr.h ****     \param [in]    value  Number of Bits to rotate
 141:Drivers/CMSIS/core_cmInstr.h ****     \return               Rotated value
 142:Drivers/CMSIS/core_cmInstr.h ****  */
ARM GAS  /tmp/ccF9XZFU.s 			page 11


 143:Drivers/CMSIS/core_cmInstr.h **** #define __ROR                             __ror
 144:Drivers/CMSIS/core_cmInstr.h **** 
 145:Drivers/CMSIS/core_cmInstr.h **** 
 146:Drivers/CMSIS/core_cmInstr.h **** #if       (__CORTEX_M >= 0x03)
 147:Drivers/CMSIS/core_cmInstr.h **** 
 148:Drivers/CMSIS/core_cmInstr.h **** /** \brief  Reverse bit order of value
 149:Drivers/CMSIS/core_cmInstr.h **** 
 150:Drivers/CMSIS/core_cmInstr.h ****     This function reverses the bit order of the given value.
 151:Drivers/CMSIS/core_cmInstr.h **** 
 152:Drivers/CMSIS/core_cmInstr.h ****     \param [in]    value  Value to reverse
 153:Drivers/CMSIS/core_cmInstr.h ****     \return               Reversed value
 154:Drivers/CMSIS/core_cmInstr.h ****  */
 155:Drivers/CMSIS/core_cmInstr.h **** #define __RBIT                            __rbit
 156:Drivers/CMSIS/core_cmInstr.h **** 
 157:Drivers/CMSIS/core_cmInstr.h **** 
 158:Drivers/CMSIS/core_cmInstr.h **** /** \brief  LDR Exclusive (8 bit)
 159:Drivers/CMSIS/core_cmInstr.h **** 
 160:Drivers/CMSIS/core_cmInstr.h ****     This function performs a exclusive LDR command for 8 bit value.
 161:Drivers/CMSIS/core_cmInstr.h **** 
 162:Drivers/CMSIS/core_cmInstr.h ****     \param [in]    ptr  Pointer to data
 163:Drivers/CMSIS/core_cmInstr.h ****     \return             value of type uint8_t at (*ptr)
 164:Drivers/CMSIS/core_cmInstr.h ****  */
 165:Drivers/CMSIS/core_cmInstr.h **** #define __LDREXB(ptr)                     ((uint8_t ) __ldrex(ptr))
 166:Drivers/CMSIS/core_cmInstr.h **** 
 167:Drivers/CMSIS/core_cmInstr.h **** 
 168:Drivers/CMSIS/core_cmInstr.h **** /** \brief  LDR Exclusive (16 bit)
 169:Drivers/CMSIS/core_cmInstr.h **** 
 170:Drivers/CMSIS/core_cmInstr.h ****     This function performs a exclusive LDR command for 16 bit values.
 171:Drivers/CMSIS/core_cmInstr.h **** 
 172:Drivers/CMSIS/core_cmInstr.h ****     \param [in]    ptr  Pointer to data
 173:Drivers/CMSIS/core_cmInstr.h ****     \return        value of type uint16_t at (*ptr)
 174:Drivers/CMSIS/core_cmInstr.h ****  */
 175:Drivers/CMSIS/core_cmInstr.h **** #define __LDREXH(ptr)                     ((uint16_t) __ldrex(ptr))
 176:Drivers/CMSIS/core_cmInstr.h **** 
 177:Drivers/CMSIS/core_cmInstr.h **** 
 178:Drivers/CMSIS/core_cmInstr.h **** /** \brief  LDR Exclusive (32 bit)
 179:Drivers/CMSIS/core_cmInstr.h **** 
 180:Drivers/CMSIS/core_cmInstr.h ****     This function performs a exclusive LDR command for 32 bit values.
 181:Drivers/CMSIS/core_cmInstr.h **** 
 182:Drivers/CMSIS/core_cmInstr.h ****     \param [in]    ptr  Pointer to data
 183:Drivers/CMSIS/core_cmInstr.h ****     \return        value of type uint32_t at (*ptr)
 184:Drivers/CMSIS/core_cmInstr.h ****  */
 185:Drivers/CMSIS/core_cmInstr.h **** #define __LDREXW(ptr)                     ((uint32_t ) __ldrex(ptr))
 186:Drivers/CMSIS/core_cmInstr.h **** 
 187:Drivers/CMSIS/core_cmInstr.h **** 
 188:Drivers/CMSIS/core_cmInstr.h **** /** \brief  STR Exclusive (8 bit)
 189:Drivers/CMSIS/core_cmInstr.h **** 
 190:Drivers/CMSIS/core_cmInstr.h ****     This function performs a exclusive STR command for 8 bit values.
 191:Drivers/CMSIS/core_cmInstr.h **** 
 192:Drivers/CMSIS/core_cmInstr.h ****     \param [in]  value  Value to store
 193:Drivers/CMSIS/core_cmInstr.h ****     \param [in]    ptr  Pointer to location
 194:Drivers/CMSIS/core_cmInstr.h ****     \return          0  Function succeeded
 195:Drivers/CMSIS/core_cmInstr.h ****     \return          1  Function failed
 196:Drivers/CMSIS/core_cmInstr.h ****  */
 197:Drivers/CMSIS/core_cmInstr.h **** #define __STREXB(value, ptr)              __strex(value, ptr)
 198:Drivers/CMSIS/core_cmInstr.h **** 
 199:Drivers/CMSIS/core_cmInstr.h **** 
ARM GAS  /tmp/ccF9XZFU.s 			page 12


 200:Drivers/CMSIS/core_cmInstr.h **** /** \brief  STR Exclusive (16 bit)
 201:Drivers/CMSIS/core_cmInstr.h **** 
 202:Drivers/CMSIS/core_cmInstr.h ****     This function performs a exclusive STR command for 16 bit values.
 203:Drivers/CMSIS/core_cmInstr.h **** 
 204:Drivers/CMSIS/core_cmInstr.h ****     \param [in]  value  Value to store
 205:Drivers/CMSIS/core_cmInstr.h ****     \param [in]    ptr  Pointer to location
 206:Drivers/CMSIS/core_cmInstr.h ****     \return          0  Function succeeded
 207:Drivers/CMSIS/core_cmInstr.h ****     \return          1  Function failed
 208:Drivers/CMSIS/core_cmInstr.h ****  */
 209:Drivers/CMSIS/core_cmInstr.h **** #define __STREXH(value, ptr)              __strex(value, ptr)
 210:Drivers/CMSIS/core_cmInstr.h **** 
 211:Drivers/CMSIS/core_cmInstr.h **** 
 212:Drivers/CMSIS/core_cmInstr.h **** /** \brief  STR Exclusive (32 bit)
 213:Drivers/CMSIS/core_cmInstr.h **** 
 214:Drivers/CMSIS/core_cmInstr.h ****     This function performs a exclusive STR command for 32 bit values.
 215:Drivers/CMSIS/core_cmInstr.h **** 
 216:Drivers/CMSIS/core_cmInstr.h ****     \param [in]  value  Value to store
 217:Drivers/CMSIS/core_cmInstr.h ****     \param [in]    ptr  Pointer to location
 218:Drivers/CMSIS/core_cmInstr.h ****     \return          0  Function succeeded
 219:Drivers/CMSIS/core_cmInstr.h ****     \return          1  Function failed
 220:Drivers/CMSIS/core_cmInstr.h ****  */
 221:Drivers/CMSIS/core_cmInstr.h **** #define __STREXW(value, ptr)              __strex(value, ptr)
 222:Drivers/CMSIS/core_cmInstr.h **** 
 223:Drivers/CMSIS/core_cmInstr.h **** 
 224:Drivers/CMSIS/core_cmInstr.h **** /** \brief  Remove the exclusive lock
 225:Drivers/CMSIS/core_cmInstr.h **** 
 226:Drivers/CMSIS/core_cmInstr.h ****     This function removes the exclusive lock which is created by LDREX.
 227:Drivers/CMSIS/core_cmInstr.h **** 
 228:Drivers/CMSIS/core_cmInstr.h ****  */
 229:Drivers/CMSIS/core_cmInstr.h **** #define __CLREX                           __clrex
 230:Drivers/CMSIS/core_cmInstr.h **** 
 231:Drivers/CMSIS/core_cmInstr.h **** 
 232:Drivers/CMSIS/core_cmInstr.h **** /** \brief  Signed Saturate
 233:Drivers/CMSIS/core_cmInstr.h **** 
 234:Drivers/CMSIS/core_cmInstr.h ****     This function saturates a signed value.
 235:Drivers/CMSIS/core_cmInstr.h **** 
 236:Drivers/CMSIS/core_cmInstr.h ****     \param [in]  value  Value to be saturated
 237:Drivers/CMSIS/core_cmInstr.h ****     \param [in]    sat  Bit position to saturate to (1..32)
 238:Drivers/CMSIS/core_cmInstr.h ****     \return             Saturated value
 239:Drivers/CMSIS/core_cmInstr.h ****  */
 240:Drivers/CMSIS/core_cmInstr.h **** #define __SSAT                            __ssat
 241:Drivers/CMSIS/core_cmInstr.h **** 
 242:Drivers/CMSIS/core_cmInstr.h **** 
 243:Drivers/CMSIS/core_cmInstr.h **** /** \brief  Unsigned Saturate
 244:Drivers/CMSIS/core_cmInstr.h **** 
 245:Drivers/CMSIS/core_cmInstr.h ****     This function saturates an unsigned value.
 246:Drivers/CMSIS/core_cmInstr.h **** 
 247:Drivers/CMSIS/core_cmInstr.h ****     \param [in]  value  Value to be saturated
 248:Drivers/CMSIS/core_cmInstr.h ****     \param [in]    sat  Bit position to saturate to (0..31)
 249:Drivers/CMSIS/core_cmInstr.h ****     \return             Saturated value
 250:Drivers/CMSIS/core_cmInstr.h ****  */
 251:Drivers/CMSIS/core_cmInstr.h **** #define __USAT                            __usat
 252:Drivers/CMSIS/core_cmInstr.h **** 
 253:Drivers/CMSIS/core_cmInstr.h **** 
 254:Drivers/CMSIS/core_cmInstr.h **** /** \brief  Count leading zeros
 255:Drivers/CMSIS/core_cmInstr.h **** 
 256:Drivers/CMSIS/core_cmInstr.h ****     This function counts the number of leading zeros of a data value.
ARM GAS  /tmp/ccF9XZFU.s 			page 13


 257:Drivers/CMSIS/core_cmInstr.h **** 
 258:Drivers/CMSIS/core_cmInstr.h ****     \param [in]  value  Value to count the leading zeros
 259:Drivers/CMSIS/core_cmInstr.h ****     \return             number of leading zeros in value
 260:Drivers/CMSIS/core_cmInstr.h ****  */
 261:Drivers/CMSIS/core_cmInstr.h **** #define __CLZ                             __clz
 262:Drivers/CMSIS/core_cmInstr.h **** 
 263:Drivers/CMSIS/core_cmInstr.h **** #endif /* (__CORTEX_M >= 0x03) */
 264:Drivers/CMSIS/core_cmInstr.h **** 
 265:Drivers/CMSIS/core_cmInstr.h **** 
 266:Drivers/CMSIS/core_cmInstr.h **** 
 267:Drivers/CMSIS/core_cmInstr.h **** #elif defined ( __ICCARM__ ) /*------------------ ICC Compiler -------------------*/
 268:Drivers/CMSIS/core_cmInstr.h **** /* IAR iccarm specific functions */
 269:Drivers/CMSIS/core_cmInstr.h **** 
 270:Drivers/CMSIS/core_cmInstr.h **** #include <cmsis_iar.h>
 271:Drivers/CMSIS/core_cmInstr.h **** 
 272:Drivers/CMSIS/core_cmInstr.h **** 
 273:Drivers/CMSIS/core_cmInstr.h **** #elif defined ( __TMS470__ ) /*---------------- TI CCS Compiler ------------------*/
 274:Drivers/CMSIS/core_cmInstr.h **** /* TI CCS specific functions */
 275:Drivers/CMSIS/core_cmInstr.h **** 
 276:Drivers/CMSIS/core_cmInstr.h **** #include <cmsis_ccs.h>
 277:Drivers/CMSIS/core_cmInstr.h **** 
 278:Drivers/CMSIS/core_cmInstr.h **** 
 279:Drivers/CMSIS/core_cmInstr.h **** #elif defined ( __GNUC__ ) /*------------------ GNU Compiler ---------------------*/
 280:Drivers/CMSIS/core_cmInstr.h **** /* GNU gcc specific functions */
 281:Drivers/CMSIS/core_cmInstr.h **** 
 282:Drivers/CMSIS/core_cmInstr.h **** /** \brief  No Operation
 283:Drivers/CMSIS/core_cmInstr.h **** 
 284:Drivers/CMSIS/core_cmInstr.h ****     No Operation does nothing. This instruction can be used for code alignment purposes.
 285:Drivers/CMSIS/core_cmInstr.h ****  */
 286:Drivers/CMSIS/core_cmInstr.h **** __attribute__( ( always_inline ) ) __STATIC_INLINE void __NOP(void)
 287:Drivers/CMSIS/core_cmInstr.h **** {
 288:Drivers/CMSIS/core_cmInstr.h ****   __ASM volatile ("nop");
 289:Drivers/CMSIS/core_cmInstr.h **** }
 290:Drivers/CMSIS/core_cmInstr.h **** 
 291:Drivers/CMSIS/core_cmInstr.h **** 
 292:Drivers/CMSIS/core_cmInstr.h **** /** \brief  Wait For Interrupt
 293:Drivers/CMSIS/core_cmInstr.h **** 
 294:Drivers/CMSIS/core_cmInstr.h ****     Wait For Interrupt is a hint instruction that suspends execution
 295:Drivers/CMSIS/core_cmInstr.h ****     until one of a number of events occurs.
 296:Drivers/CMSIS/core_cmInstr.h ****  */
 297:Drivers/CMSIS/core_cmInstr.h **** __attribute__( ( always_inline ) ) __STATIC_INLINE void __WFI(void)
 298:Drivers/CMSIS/core_cmInstr.h **** {
 299:Drivers/CMSIS/core_cmInstr.h ****   __ASM volatile ("wfi");
 300:Drivers/CMSIS/core_cmInstr.h **** }
 301:Drivers/CMSIS/core_cmInstr.h **** 
 302:Drivers/CMSIS/core_cmInstr.h **** 
 303:Drivers/CMSIS/core_cmInstr.h **** /** \brief  Wait For Event
 304:Drivers/CMSIS/core_cmInstr.h **** 
 305:Drivers/CMSIS/core_cmInstr.h ****     Wait For Event is a hint instruction that permits the processor to enter
 306:Drivers/CMSIS/core_cmInstr.h ****     a low-power state until one of a number of events occurs.
 307:Drivers/CMSIS/core_cmInstr.h ****  */
 308:Drivers/CMSIS/core_cmInstr.h **** __attribute__( ( always_inline ) ) __STATIC_INLINE void __WFE(void)
 309:Drivers/CMSIS/core_cmInstr.h **** {
 310:Drivers/CMSIS/core_cmInstr.h ****   __ASM volatile ("wfe");
 311:Drivers/CMSIS/core_cmInstr.h **** }
 312:Drivers/CMSIS/core_cmInstr.h **** 
 313:Drivers/CMSIS/core_cmInstr.h **** 
ARM GAS  /tmp/ccF9XZFU.s 			page 14


 314:Drivers/CMSIS/core_cmInstr.h **** /** \brief  Send Event
 315:Drivers/CMSIS/core_cmInstr.h **** 
 316:Drivers/CMSIS/core_cmInstr.h ****     Send Event is a hint instruction. It causes an event to be signaled to the CPU.
 317:Drivers/CMSIS/core_cmInstr.h ****  */
 318:Drivers/CMSIS/core_cmInstr.h **** __attribute__( ( always_inline ) ) __STATIC_INLINE void __SEV(void)
 319:Drivers/CMSIS/core_cmInstr.h **** {
 320:Drivers/CMSIS/core_cmInstr.h ****   __ASM volatile ("sev");
 321:Drivers/CMSIS/core_cmInstr.h **** }
 322:Drivers/CMSIS/core_cmInstr.h **** 
 323:Drivers/CMSIS/core_cmInstr.h **** 
 324:Drivers/CMSIS/core_cmInstr.h **** /** \brief  Instruction Synchronization Barrier
 325:Drivers/CMSIS/core_cmInstr.h **** 
 326:Drivers/CMSIS/core_cmInstr.h ****     Instruction Synchronization Barrier flushes the pipeline in the processor,
 327:Drivers/CMSIS/core_cmInstr.h ****     so that all instructions following the ISB are fetched from cache or
 328:Drivers/CMSIS/core_cmInstr.h ****     memory, after the instruction has been completed.
 329:Drivers/CMSIS/core_cmInstr.h ****  */
 330:Drivers/CMSIS/core_cmInstr.h **** __attribute__( ( always_inline ) ) __STATIC_INLINE void __ISB(void)
 331:Drivers/CMSIS/core_cmInstr.h **** {
 332:Drivers/CMSIS/core_cmInstr.h ****   __ASM volatile ("isb");
 333:Drivers/CMSIS/core_cmInstr.h **** }
 334:Drivers/CMSIS/core_cmInstr.h **** 
 335:Drivers/CMSIS/core_cmInstr.h **** 
 336:Drivers/CMSIS/core_cmInstr.h **** /** \brief  Data Synchronization Barrier
 337:Drivers/CMSIS/core_cmInstr.h **** 
 338:Drivers/CMSIS/core_cmInstr.h ****     This function acts as a special kind of Data Memory Barrier.
 339:Drivers/CMSIS/core_cmInstr.h ****     It completes when all explicit memory accesses before this instruction complete.
 340:Drivers/CMSIS/core_cmInstr.h ****  */
 341:Drivers/CMSIS/core_cmInstr.h **** __attribute__( ( always_inline ) ) __STATIC_INLINE void __DSB(void)
 300              		.loc 2 341 57 view .LVU82
 301              	.LBB5:
 342:Drivers/CMSIS/core_cmInstr.h **** {
 343:Drivers/CMSIS/core_cmInstr.h ****   __ASM volatile ("dsb");
 302              		.loc 2 343 3 view .LVU83
 303              		.syntax unified
 304              	@ 343 "Drivers/CMSIS/core_cmInstr.h" 1
 305 000e BFF34F8F 		dsb
 306              	@ 0 "" 2
 307              		.thumb
 308              		.syntax unified
 309              	.LBE5:
 310              	.LBE4:
 123:Drivers/GD32_F470_STD_Driver/Source/gd32f4xx_misc.c **** }
 311              		.loc 1 123 1 is_stmt 0 view .LVU84
 312 0012 7047     		bx	lr
 313              	.L20:
 314              		.align	2
 315              	.L19:
 316 0014 00ED00E0 		.word	-536810240
 317              		.cfi_endproc
 318              	.LFE119:
 320              		.section	.text.system_lowpower_set,"ax",%progbits
 321              		.align	1
 322              		.global	system_lowpower_set
 323              		.syntax unified
 324              		.thumb
 325              		.thumb_func
 327              	system_lowpower_set:
ARM GAS  /tmp/ccF9XZFU.s 			page 15


 328              	.LVL26:
 329              	.LFB120:
 124:Drivers/GD32_F470_STD_Driver/Source/gd32f4xx_misc.c **** 
 125:Drivers/GD32_F470_STD_Driver/Source/gd32f4xx_misc.c **** /*!
 126:Drivers/GD32_F470_STD_Driver/Source/gd32f4xx_misc.c ****     \brief    set the state of the low power mode
 127:Drivers/GD32_F470_STD_Driver/Source/gd32f4xx_misc.c ****     \param[in]  lowpower_mode: the low power mode state
 128:Drivers/GD32_F470_STD_Driver/Source/gd32f4xx_misc.c ****       \arg        SCB_LPM_SLEEP_EXIT_ISR: if chose this para, the system always enter low power
 129:Drivers/GD32_F470_STD_Driver/Source/gd32f4xx_misc.c ****                     mode by exiting from ISR
 130:Drivers/GD32_F470_STD_Driver/Source/gd32f4xx_misc.c ****       \arg        SCB_LPM_DEEPSLEEP: if chose this para, the system will enter the DEEPSLEEP mode
 131:Drivers/GD32_F470_STD_Driver/Source/gd32f4xx_misc.c ****       \arg        SCB_LPM_WAKE_BY_ALL_INT: if chose this para, the lowpower mode can be woke up
 132:Drivers/GD32_F470_STD_Driver/Source/gd32f4xx_misc.c ****                     by all the enable and disable interrupts
 133:Drivers/GD32_F470_STD_Driver/Source/gd32f4xx_misc.c ****     \param[out] none
 134:Drivers/GD32_F470_STD_Driver/Source/gd32f4xx_misc.c ****     \retval     none
 135:Drivers/GD32_F470_STD_Driver/Source/gd32f4xx_misc.c **** */
 136:Drivers/GD32_F470_STD_Driver/Source/gd32f4xx_misc.c **** void system_lowpower_set(uint8_t lowpower_mode)
 137:Drivers/GD32_F470_STD_Driver/Source/gd32f4xx_misc.c **** {
 330              		.loc 1 137 1 is_stmt 1 view -0
 331              		.cfi_startproc
 332              		@ args = 0, pretend = 0, frame = 0
 333              		@ frame_needed = 0, uses_anonymous_args = 0
 334              		@ link register save eliminated.
 138:Drivers/GD32_F470_STD_Driver/Source/gd32f4xx_misc.c ****     SCB->SCR |= (uint32_t)lowpower_mode;
 335              		.loc 1 138 5 view .LVU86
 336              		.loc 1 138 14 is_stmt 0 view .LVU87
 337 0000 024A     		ldr	r2, .L22
 338 0002 1369     		ldr	r3, [r2, #16]
 339 0004 0343     		orrs	r3, r3, r0
 340 0006 1361     		str	r3, [r2, #16]
 139:Drivers/GD32_F470_STD_Driver/Source/gd32f4xx_misc.c **** }
 341              		.loc 1 139 1 view .LVU88
 342 0008 7047     		bx	lr
 343              	.L23:
 344 000a 00BF     		.align	2
 345              	.L22:
 346 000c 00ED00E0 		.word	-536810240
 347              		.cfi_endproc
 348              	.LFE120:
 350              		.section	.text.system_lowpower_reset,"ax",%progbits
 351              		.align	1
 352              		.global	system_lowpower_reset
 353              		.syntax unified
 354              		.thumb
 355              		.thumb_func
 357              	system_lowpower_reset:
 358              	.LVL27:
 359              	.LFB121:
 140:Drivers/GD32_F470_STD_Driver/Source/gd32f4xx_misc.c **** 
 141:Drivers/GD32_F470_STD_Driver/Source/gd32f4xx_misc.c **** /*!
 142:Drivers/GD32_F470_STD_Driver/Source/gd32f4xx_misc.c ****     \brief    reset the state of the low power mode
 143:Drivers/GD32_F470_STD_Driver/Source/gd32f4xx_misc.c ****     \param[in]  lowpower_mode: the low power mode state
 144:Drivers/GD32_F470_STD_Driver/Source/gd32f4xx_misc.c ****       \arg        SCB_LPM_SLEEP_EXIT_ISR: if chose this para, the system will exit low power
 145:Drivers/GD32_F470_STD_Driver/Source/gd32f4xx_misc.c ****                     mode by exiting from ISR
 146:Drivers/GD32_F470_STD_Driver/Source/gd32f4xx_misc.c ****       \arg        SCB_LPM_DEEPSLEEP: if chose this para, the system will enter the SLEEP mode
 147:Drivers/GD32_F470_STD_Driver/Source/gd32f4xx_misc.c ****       \arg        SCB_LPM_WAKE_BY_ALL_INT: if chose this para, the lowpower mode only can be
 148:Drivers/GD32_F470_STD_Driver/Source/gd32f4xx_misc.c ****                     woke up by the enable interrupts
 149:Drivers/GD32_F470_STD_Driver/Source/gd32f4xx_misc.c ****     \param[out] none
 150:Drivers/GD32_F470_STD_Driver/Source/gd32f4xx_misc.c ****     \retval     none
ARM GAS  /tmp/ccF9XZFU.s 			page 16


 151:Drivers/GD32_F470_STD_Driver/Source/gd32f4xx_misc.c **** */
 152:Drivers/GD32_F470_STD_Driver/Source/gd32f4xx_misc.c **** void system_lowpower_reset(uint8_t lowpower_mode)
 153:Drivers/GD32_F470_STD_Driver/Source/gd32f4xx_misc.c **** {
 360              		.loc 1 153 1 is_stmt 1 view -0
 361              		.cfi_startproc
 362              		@ args = 0, pretend = 0, frame = 0
 363              		@ frame_needed = 0, uses_anonymous_args = 0
 364              		@ link register save eliminated.
 154:Drivers/GD32_F470_STD_Driver/Source/gd32f4xx_misc.c ****     SCB->SCR &= (~(uint32_t)lowpower_mode);
 365              		.loc 1 154 5 view .LVU90
 366              		.loc 1 154 14 is_stmt 0 view .LVU91
 367 0000 024A     		ldr	r2, .L25
 368 0002 1369     		ldr	r3, [r2, #16]
 369 0004 23EA0003 		bic	r3, r3, r0
 370 0008 1361     		str	r3, [r2, #16]
 155:Drivers/GD32_F470_STD_Driver/Source/gd32f4xx_misc.c **** }
 371              		.loc 1 155 1 view .LVU92
 372 000a 7047     		bx	lr
 373              	.L26:
 374              		.align	2
 375              	.L25:
 376 000c 00ED00E0 		.word	-536810240
 377              		.cfi_endproc
 378              	.LFE121:
 380              		.section	.text.systick_clksource_set,"ax",%progbits
 381              		.align	1
 382              		.global	systick_clksource_set
 383              		.syntax unified
 384              		.thumb
 385              		.thumb_func
 387              	systick_clksource_set:
 388              	.LVL28:
 389              	.LFB122:
 156:Drivers/GD32_F470_STD_Driver/Source/gd32f4xx_misc.c **** 
 157:Drivers/GD32_F470_STD_Driver/Source/gd32f4xx_misc.c **** /*!
 158:Drivers/GD32_F470_STD_Driver/Source/gd32f4xx_misc.c ****     \brief    set the systick clock source
 159:Drivers/GD32_F470_STD_Driver/Source/gd32f4xx_misc.c ****     \param[in]  systick_clksource: the systick clock source needed to choose
 160:Drivers/GD32_F470_STD_Driver/Source/gd32f4xx_misc.c ****       \arg        SYSTICK_CLKSOURCE_HCLK: systick clock source is from HCLK
 161:Drivers/GD32_F470_STD_Driver/Source/gd32f4xx_misc.c ****       \arg        SYSTICK_CLKSOURCE_HCLK_DIV8: systick clock source is from HCLK/8
 162:Drivers/GD32_F470_STD_Driver/Source/gd32f4xx_misc.c ****     \param[out] none
 163:Drivers/GD32_F470_STD_Driver/Source/gd32f4xx_misc.c ****     \retval     none
 164:Drivers/GD32_F470_STD_Driver/Source/gd32f4xx_misc.c **** */
 165:Drivers/GD32_F470_STD_Driver/Source/gd32f4xx_misc.c **** 
 166:Drivers/GD32_F470_STD_Driver/Source/gd32f4xx_misc.c **** void systick_clksource_set(uint32_t systick_clksource)
 167:Drivers/GD32_F470_STD_Driver/Source/gd32f4xx_misc.c **** {
 390              		.loc 1 167 1 is_stmt 1 view -0
 391              		.cfi_startproc
 392              		@ args = 0, pretend = 0, frame = 0
 393              		@ frame_needed = 0, uses_anonymous_args = 0
 394              		@ link register save eliminated.
 168:Drivers/GD32_F470_STD_Driver/Source/gd32f4xx_misc.c ****     if(SYSTICK_CLKSOURCE_HCLK == systick_clksource) {
 395              		.loc 1 168 5 view .LVU94
 396              		.loc 1 168 7 is_stmt 0 view .LVU95
 397 0000 0428     		cmp	r0, #4
 398 0002 06D0     		beq	.L30
 169:Drivers/GD32_F470_STD_Driver/Source/gd32f4xx_misc.c ****         /* set the systick clock source from HCLK */
 170:Drivers/GD32_F470_STD_Driver/Source/gd32f4xx_misc.c ****         SysTick->CTRL |= SYSTICK_CLKSOURCE_HCLK;
ARM GAS  /tmp/ccF9XZFU.s 			page 17


 171:Drivers/GD32_F470_STD_Driver/Source/gd32f4xx_misc.c ****     } else {
 172:Drivers/GD32_F470_STD_Driver/Source/gd32f4xx_misc.c ****         /* set the systick clock source from HCLK/8 */
 173:Drivers/GD32_F470_STD_Driver/Source/gd32f4xx_misc.c ****         SysTick->CTRL &= SYSTICK_CLKSOURCE_HCLK_DIV8;
 399              		.loc 1 173 9 is_stmt 1 view .LVU96
 400              		.loc 1 173 23 is_stmt 0 view .LVU97
 401 0004 4FF0E022 		mov	r2, #-536813568
 402 0008 1369     		ldr	r3, [r2, #16]
 403 000a 23F00403 		bic	r3, r3, #4
 404 000e 1361     		str	r3, [r2, #16]
 174:Drivers/GD32_F470_STD_Driver/Source/gd32f4xx_misc.c ****     }
 175:Drivers/GD32_F470_STD_Driver/Source/gd32f4xx_misc.c **** }
 405              		.loc 1 175 1 view .LVU98
 406 0010 7047     		bx	lr
 407              	.L30:
 170:Drivers/GD32_F470_STD_Driver/Source/gd32f4xx_misc.c ****     } else {
 408              		.loc 1 170 9 is_stmt 1 view .LVU99
 170:Drivers/GD32_F470_STD_Driver/Source/gd32f4xx_misc.c ****     } else {
 409              		.loc 1 170 23 is_stmt 0 view .LVU100
 410 0012 4FF0E022 		mov	r2, #-536813568
 411 0016 1369     		ldr	r3, [r2, #16]
 412 0018 43F00403 		orr	r3, r3, #4
 413 001c 1361     		str	r3, [r2, #16]
 414 001e 7047     		bx	lr
 415              		.cfi_endproc
 416              	.LFE122:
 418              		.text
 419              	.Letext0:
 420              		.file 3 "/home/funtime/arm_gcc/gcc-arm-none-eabi-10.3-2021.10/arm-none-eabi/include/machine/_defau
 421              		.file 4 "/home/funtime/arm_gcc/gcc-arm-none-eabi-10.3-2021.10/arm-none-eabi/include/sys/_stdint.h"
 422              		.file 5 "Drivers/CMSIS/core_cm4.h"
ARM GAS  /tmp/ccF9XZFU.s 			page 18


DEFINED SYMBOLS
                            *ABS*:0000000000000000 gd32f4xx_misc.c
     /tmp/ccF9XZFU.s:20     .text.nvic_priority_group_set:0000000000000000 $t
     /tmp/ccF9XZFU.s:26     .text.nvic_priority_group_set:0000000000000000 nvic_priority_group_set
     /tmp/ccF9XZFU.s:49     .text.nvic_priority_group_set:0000000000000010 $d
     /tmp/ccF9XZFU.s:54     .text.nvic_irq_enable:0000000000000000 $t
     /tmp/ccF9XZFU.s:60     .text.nvic_irq_enable:0000000000000000 nvic_irq_enable
     /tmp/ccF9XZFU.s:228    .text.nvic_irq_enable:00000000000000a8 $d
     /tmp/ccF9XZFU.s:234    .text.nvic_irq_disable:0000000000000000 $t
     /tmp/ccF9XZFU.s:240    .text.nvic_irq_disable:0000000000000000 nvic_irq_disable
     /tmp/ccF9XZFU.s:266    .text.nvic_irq_disable:0000000000000014 $d
     /tmp/ccF9XZFU.s:271    .text.nvic_vector_table_set:0000000000000000 $t
     /tmp/ccF9XZFU.s:277    .text.nvic_vector_table_set:0000000000000000 nvic_vector_table_set
     /tmp/ccF9XZFU.s:316    .text.nvic_vector_table_set:0000000000000014 $d
     /tmp/ccF9XZFU.s:321    .text.system_lowpower_set:0000000000000000 $t
     /tmp/ccF9XZFU.s:327    .text.system_lowpower_set:0000000000000000 system_lowpower_set
     /tmp/ccF9XZFU.s:346    .text.system_lowpower_set:000000000000000c $d
     /tmp/ccF9XZFU.s:351    .text.system_lowpower_reset:0000000000000000 $t
     /tmp/ccF9XZFU.s:357    .text.system_lowpower_reset:0000000000000000 system_lowpower_reset
     /tmp/ccF9XZFU.s:376    .text.system_lowpower_reset:000000000000000c $d
     /tmp/ccF9XZFU.s:381    .text.systick_clksource_set:0000000000000000 $t
     /tmp/ccF9XZFU.s:387    .text.systick_clksource_set:0000000000000000 systick_clksource_set

NO UNDEFINED SYMBOLS
